<?xml version="1.0" encoding="utf-8"?><testsuites name="pytest tests"><testsuite name="pytest" errors="0" failures="0" skipped="0" tests="52" time="6.136" timestamp="2026-08-06T08:31:30.121252+07:00" hostname="MinhJiDo"><testcase classname="epic3.feature_3_2.backend.tests.test_feature_3_2_post_endpoints.TestPredictSuccess" name="test_returns_200" time="1.996" /><testcase classname="epic3.feature_3_2.backend.tests.test_feature_3_2_post_endpoints.TestPredictSuccess" name="test_prediction_matches_canonical" time="0.028" /><testcase classname="epic3.feature_3_2.backend.tests.test_feature_3_2_post_endpoints.TestPredictSuccess" name="test_response_schema" time="0.026" /><testcase classname="epic3.feature_3_2.backend.tests.test_feature_3_2_post_endpoints.TestPredictSuccess" name="test_prediction_clipped_in_range" time="0.030" /><testcase classname="epic3.feature_3_2.backend.tests.test_feature_3_2_post_endpoints.TestPredictSuccess" name="test_no_internal_paths" time="0.031" /><testcase classname="epic3.feature_3_2.backend.tests.test_feature_3_2_post_endpoints.TestPredictSuccess" name="test_model_id_correct" time="0.030" /><testcase classname="epic3.feature_3_2.backend.tests.test_feature_3_2_post_endpoints.TestPredictSuccess" name="test_no_traceback_in_success" time="0.031" /><testcase classname="epic3.feature_3_2.backend.tests.test_feature_3_2_post_endpoints.TestPredictValidation" name="test_missing_required_field_returns_422" time="0.006" /><testcase classname="epic3.feature_3_2.backend.tests.test_feature_3_2_post_endpoints.TestPredictValidation" name="test_extra_field_allowed" time="0.026" /><testcase classname="epic3.feature_3_2.backend.tests.test_feature_3_2_post_endpoints.TestPredictValidation" name="test_wrong_type_returns_422" time="0.004" /><testcase classname="epic3.feature_3_2.backend.tests.test_feature_3_2_post_endpoints.TestPredictValidation" name="test_out_of_range_returns_422" time="0.004" /><testcase classname="epic3.feature_3_2.backend.tests.test_feature_3_2_post_endpoints.TestPredictValidation" name="test_invalid_enum_returns_422" time="0.004" /><testcase classname="epic3.feature_3_2.backend.tests.test_feature_3_2_post_endpoints.TestPredictValidation" name="test_target_rejected" time="0.024" /><testcase classname="epic3.feature_3_2.backend.tests.test_feature_3_2_post_endpoints.TestPredictValidation" name="test_empty_body_returns_422" time="0.004" /><testcase classname="epic3.feature_3_2.backend.tests.test_feature_3_2_post_endpoints.TestPredictServiceFailure" name="test_service_unavailable_returns_503" time="0.019" /><testcase classname="epic3.feature_3_2.backend.tests.test_feature_3_2_post_endpoints.TestPredictServiceFailure" name="test_unexpected_error_returns_500" time="0.025" /><testcase classname="epic3.feature_3_2.backend.tests.test_feature_3_2_post_endpoints.TestPredictServiceFailure" name="test_error_response_format_on_500" time="0.017" /><testcase classname="epic3.feature_3_2.backend.tests.test_feature_3_2_post_endpoints.TestExplainSuccess" name="test_returns_200" time="0.171" /><testcase classname="epic3.feature_3_2.backend.tests.test_feature_3_2_post_endpoints.TestExplainSuccess" name="test_prediction_matches_predict" time="0.301" /><testcase classname="epic3.feature_3_2.backend.tests.test_feature_3_2_post_endpoints.TestExplainSuccess" name="test_response_schema" time="0.156" /><testcase classname="epic3.feature_3_2.backend.tests.test_feature_3_2_post_endpoints.TestExplainSuccess" name="test_shap_values_count_31" time="0.278" /><testcase classname="epic3.feature_3_2.backend.tests.test_feature_3_2_post_endpoints.TestExplainSuccess" name="test_top_features_sorted" time="0.158" /><testcase classname="epic3.feature_3_2.backend.tests.test_feature_3_2_post_endpoints.TestExplainSuccess" name="test_top_features_have_required_fields" time="0.159" /><testcase classname="epic3.feature_3_2.backend.tests.test_feature_3_2_post_endpoints.TestExplainSuccess" name="test_all_shap_values_finite" time="0.278" /><testcase classname="epic3.feature_3_2.backend.tests.test_feature_3_2_post_endpoints.TestExplainSuccess" name="test_base_value_finite" time="0.170" /><testcase classname="epic3.feature_3_2.backend.tests.test_feature_3_2_post_endpoints.TestExplainSuccess" name="test_explanation_method_present" time="0.279" /><testcase classname="epic3.feature_3_2.backend.tests.test_feature_3_2_post_endpoints.TestExplainSuccess" name="test_no_causal_claim_in_response" time="0.169" /><testcase classname="epic3.feature_3_2.backend.tests.test_feature_3_2_post_endpoints.TestExplainValidation" name="test_invalid_input_returns_422" time="0.005" /><testcase classname="epic3.feature_3_2.backend.tests.test_feature_3_2_post_endpoints.TestExplainValidation" name="test_invalid_top_k_field_ignored" time="0.282" /><testcase classname="epic3.feature_3_2.backend.tests.test_feature_3_2_post_endpoints.TestWhatIfSuccess" name="test_returns_200" time="0.040" /><testcase classname="epic3.feature_3_2.backend.tests.test_feature_3_2_post_endpoints.TestWhatIfSuccess" name="test_response_schema" time="0.041" /><testcase classname="epic3.feature_3_2.backend.tests.test_feature_3_2_post_endpoints.TestWhatIfSuccess" name="test_delta_computed" time="0.038" /><testcase classname="epic3.feature_3_2.backend.tests.test_feature_3_2_post_endpoints.TestWhatIfSuccess" name="test_changes_applied_contains_key" time="0.045" /><testcase classname="epic3.feature_3_2.backend.tests.test_feature_3_2_post_endpoints.TestWhatIfSuccess" name="test_delta_display_matches_delta_rounded" time="0.045" /><testcase classname="epic3.feature_3_2.backend.tests.test_feature_3_2_post_endpoints.TestWhatIfValidation" name="test_unknown_field_returns_422" time="0.005" /><testcase classname="epic3.feature_3_2.backend.tests.test_feature_3_2_post_endpoints.TestWhatIfValidation" name="test_target_rejected" time="0.006" /><testcase classname="epic3.feature_3_2.backend.tests.test_feature_3_2_post_endpoints.TestWhatIfValidation" name="test_empty_changes_returns_422" time="0.005" /><testcase classname="epic3.feature_3_2.backend.tests.test_feature_3_2_post_endpoints.TestWhatIfValidation" name="test_out_of_range_returns_422" time="0.007" /><testcase classname="epic3.feature_3_2.backend.tests.test_feature_3_2_post_endpoints.TestWhatIfValidation" name="test_categorical_change" time="0.038" /><testcase classname="epic3.feature_3_2.backend.tests.test_feature_3_2_post_endpoints.TestWhatIfValidation" name="test_original_input_not_mutated" time="0.005" /><testcase classname="epic3.feature_3_2.backend.tests.test_feature_3_2_post_endpoints.TestPostErrorContract" name="test_all_errors_have_error_object" time="0.013" /><testcase classname="epic3.feature_3_2.backend.tests.test_feature_3_2_post_endpoints.TestPostErrorContract" name="test_no_traceback_in_error_responses" time="0.033" /><testcase classname="epic3.feature_3_2.backend.tests.test_feature_3_2_post_endpoints.TestPostRequestID" name="test_request_id_in_predict_response" time="0.025" /><testcase classname="epic3.feature_3_2.backend.tests.test_feature_3_2_post_endpoints.TestPostRequestID" name="test_request_id_in_explain_response" time="0.158" /><testcase classname="epic3.feature_3_2.backend.tests.test_feature_3_2_post_endpoints.TestPostRequestID" name="test_request_id_in_whatif_response" time="0.041" /><testcase classname="epic3.feature_3_2.backend.tests.test_feature_3_2_post_endpoints.TestPostDeterminism" name="test_predict_deterministic" time="0.052" /><testcase classname="epic3.feature_3_2.backend.tests.test_feature_3_2_post_endpoints.TestPostDeterminism" name="test_explain_deterministic" time="0.455" /><testcase classname="epic3.feature_3_2.backend.tests.test_feature_3_2_post_endpoints.TestPostDeterminism" name="test_whatif_deterministic" time="0.096" /><testcase classname="epic3.feature_3_2.backend.tests.test_feature_3_2_post_endpoints.TestPostNoRefit" name="test_fit_not_called" time="0.031" /><testcase classname="epic3.feature_3_2.backend.tests.test_feature_3_2_post_endpoints.TestRouterThinness" name="test_no_fit_in_predict_router" time="0.001" /><testcase classname="epic3.feature_3_2.backend.tests.test_feature_3_2_post_endpoints.TestRouterThinness" name="test_no_pipeline_load_in_predict_router" time="0.001" /><testcase classname="epic3.feature_3_2.backend.tests.test_feature_3_2_post_endpoints.TestRouterThinness" name="test_no_shap_in_predict_router" time="0.001" /></testsuite></testsuites>