<?xml version="1.0" encoding="utf-8"?><testsuites name="pytest tests"><testsuite name="pytest" errors="0" failures="0" skipped="0" tests="133" time="9.784" timestamp="2026-08-06T08:49:10.856001+07:00" hostname="MinhJiDo"><testcase classname="epic3.feature_3_2.backend.tests.test_feature_3_2_middleware_and_get.TestCORSAllowedOrigin" name="test_cors_header_in_response" time="1.875" /><testcase classname="epic3.feature_3_2.backend.tests.test_feature_3_2_middleware_and_get.TestCORSAllowedOrigin" name="test_cors_allows_localhost" time="0.004" /><testcase classname="epic3.feature_3_2.backend.tests.test_feature_3_2_middleware_and_get.TestCORSAllowedOrigin" name="test_cors_not_wildcard" time="0.023" /><testcase classname="epic3.feature_3_2.backend.tests.test_feature_3_2_middleware_and_get.TestCORSPreflight" name="test_preflight_returns_200" time="0.004" /><testcase classname="epic3.feature_3_2.backend.tests.test_feature_3_2_middleware_and_get.TestCORSPreflight" name="test_preflight_allow_methods_present" time="0.008" /><testcase classname="epic3.feature_3_2.backend.tests.test_feature_3_2_middleware_and_get.TestRequestIDGenerated" name="test_request_id_generated_when_missing" time="0.005" /><testcase classname="epic3.feature_3_2.backend.tests.test_feature_3_2_middleware_and_get.TestRequestIDGenerated" name="test_request_id_returned_in_response_header" time="0.007" /><testcase classname="epic3.feature_3_2.backend.tests.test_feature_3_2_middleware_and_get.TestRequestIDPropagated" name="test_client_request_id_preserved" time="0.016" /><testcase classname="epic3.feature_3_2.backend.tests.test_feature_3_2_middleware_and_get.TestRequestIDPropagated" name="test_client_request_id_with_special_chars_rejected" time="0.004" /><testcase classname="epic3.feature_3_2.backend.tests.test_feature_3_2_middleware_and_get.TestLoggingStructure" name="test_request_logged" time="0.021" /><testcase classname="epic3.feature_3_2.backend.tests.test_feature_3_2_middleware_and_get.TestLoggingRedaction" name="test_sensitive_headers_not_in_log" time="0.005" /><testcase classname="epic3.feature_3_2.backend.tests.test_feature_3_2_middleware_and_get.TestValidationErrorHandler" name="test_validation_error_returns_422" time="0.008" /><testcase classname="epic3.feature_3_2.backend.tests.test_feature_3_2_middleware_and_get.TestValidationErrorHandler" name="test_validation_error_response_format" time="0.005" /><testcase classname="epic3.feature_3_2.backend.tests.test_feature_3_2_middleware_and_get.TestServiceErrorHandler" name="test_503_when_model_not_loaded" time="0.169" /><testcase classname="epic3.feature_3_2.backend.tests.test_feature_3_2_middleware_and_get.TestUnexpectedErrorHandler" name="test_unexpected_error_returns_500" time="0.019" /><testcase classname="epic3.feature_3_2.backend.tests.test_feature_3_2_middleware_and_get.TestErrorResponseNoTraceback" name="test_traceback_not_in_response" time="0.013" /><testcase classname="epic3.feature_3_2.backend.tests.test_feature_3_2_middleware_and_get.TestErrorResponseNoTraceback" name="test_error_response_has_request_id" time="0.005" /><testcase classname="epic3.feature_3_2.backend.tests.test_feature_3_2_middleware_and_get.TestHealthHealthy" name="test_health_returns_200" time="0.006" /><testcase classname="epic3.feature_3_2.backend.tests.test_feature_3_2_middleware_and_get.TestHealthHealthy" name="test_health_status_healthy" time="0.006" /><testcase classname="epic3.feature_3_2.backend.tests.test_feature_3_2_middleware_and_get.TestHealthHealthy" name="test_health_fields_present" time="0.005" /><testcase classname="epic3.feature_3_2.backend.tests.test_feature_3_2_middleware_and_get.TestHealthHealthy" name="test_health_no_prediction" time="0.005" /><testcase classname="epic3.feature_3_2.backend.tests.test_feature_3_2_middleware_and_get.TestHealthUnavailable" name="test_health_unavailable_when_no_model" time="0.018" /><testcase classname="epic3.feature_3_2.backend.tests.test_feature_3_2_middleware_and_get.TestModelInfo" name="test_model_info_returns_200" time="0.011" /><testcase classname="epic3.feature_3_2.backend.tests.test_feature_3_2_middleware_and_get.TestModelInfo" name="test_model_info_fields" time="0.006" /><testcase classname="epic3.feature_3_2.backend.tests.test_feature_3_2_middleware_and_get.TestModelInfo" name="test_model_info_no_paths_exposed" time="0.006" /><testcase classname="epic3.feature_3_2.backend.tests.test_feature_3_2_middleware_and_get.TestModelInfoConsistency" name="test_model_info_matches_phase2_evidence" time="0.005" /><testcase classname="epic3.feature_3_2.backend.tests.test_feature_3_2_middleware_and_get.TestFeatures" name="test_features_returns_200" time="0.006" /><testcase classname="epic3.feature_3_2.backend.tests.test_feature_3_2_middleware_and_get.TestFeatures" name="test_features_has_18_canonical_fields" time="0.006" /><testcase classname="epic3.feature_3_2.backend.tests.test_feature_3_2_middleware_and_get.TestFeatures" name="test_features_has_selected_features" time="0.005" /><testcase classname="epic3.feature_3_2.backend.tests.test_feature_3_2_middleware_and_get.TestFeatures" name="test_features_no_internal_paths" time="0.006" /><testcase classname="epic3.feature_3_2.backend.tests.test_feature_3_2_middleware_and_get.TestFeaturesRawContract" name="test_features_field_descriptors_present" time="0.006" /><testcase classname="epic3.feature_3_2.backend.tests.test_feature_3_2_middleware_and_get.TestFeaturesRawContract" name="test_features_modifiable_field" time="0.005" /><testcase classname="epic3.feature_3_2.backend.tests.test_feature_3_2_middleware_and_get.TestDependencyOverride" name="test_dependency_can_be_overridden" time="0.000" /><testcase classname="epic3.feature_3_2.backend.tests.test_feature_3_2_post_endpoints.TestPredictSuccess" name="test_returns_200" time="0.036" /><testcase classname="epic3.feature_3_2.backend.tests.test_feature_3_2_post_endpoints.TestPredictSuccess" name="test_prediction_matches_canonical" time="0.026" /><testcase classname="epic3.feature_3_2.backend.tests.test_feature_3_2_post_endpoints.TestPredictSuccess" name="test_response_schema" time="0.025" /><testcase classname="epic3.feature_3_2.backend.tests.test_feature_3_2_post_endpoints.TestPredictSuccess" name="test_prediction_clipped_in_range" time="0.025" /><testcase classname="epic3.feature_3_2.backend.tests.test_feature_3_2_post_endpoints.TestPredictSuccess" name="test_no_internal_paths" time="0.024" /><testcase classname="epic3.feature_3_2.backend.tests.test_feature_3_2_post_endpoints.TestPredictSuccess" name="test_model_id_correct" time="0.030" /><testcase classname="epic3.feature_3_2.backend.tests.test_feature_3_2_post_endpoints.TestPredictSuccess" name="test_no_traceback_in_success" time="0.032" /><testcase classname="epic3.feature_3_2.backend.tests.test_feature_3_2_post_endpoints.TestPredictValidation" name="test_missing_required_field_returns_422" time="0.006" /><testcase classname="epic3.feature_3_2.backend.tests.test_feature_3_2_post_endpoints.TestPredictValidation" name="test_extra_field_allowed" time="0.031" /><testcase classname="epic3.feature_3_2.backend.tests.test_feature_3_2_post_endpoints.TestPredictValidation" name="test_wrong_type_returns_422" time="0.006" /><testcase classname="epic3.feature_3_2.backend.tests.test_feature_3_2_post_endpoints.TestPredictValidation" name="test_out_of_range_returns_422" time="0.004" /><testcase classname="epic3.feature_3_2.backend.tests.test_feature_3_2_post_endpoints.TestPredictValidation" name="test_invalid_enum_returns_422" time="0.005" /><testcase classname="epic3.feature_3_2.backend.tests.test_feature_3_2_post_endpoints.TestPredictValidation" name="test_target_rejected" time="0.026" /><testcase classname="epic3.feature_3_2.backend.tests.test_feature_3_2_post_endpoints.TestPredictValidation" name="test_empty_body_returns_422" time="0.004" /><testcase classname="epic3.feature_3_2.backend.tests.test_feature_3_2_post_endpoints.TestPredictServiceFailure" name="test_service_unavailable_returns_503" time="0.018" /><testcase classname="epic3.feature_3_2.backend.tests.test_feature_3_2_post_endpoints.TestPredictServiceFailure" name="test_unexpected_error_returns_500" time="0.013" /><testcase classname="epic3.feature_3_2.backend.tests.test_feature_3_2_post_endpoints.TestPredictServiceFailure" name="test_error_response_format_on_500" time="0.017" /><testcase classname="epic3.feature_3_2.backend.tests.test_feature_3_2_post_endpoints.TestExplainSuccess" name="test_returns_200" time="0.196" /><testcase classname="epic3.feature_3_2.backend.tests.test_feature_3_2_post_endpoints.TestExplainSuccess" name="test_prediction_matches_predict" time="0.311" /><testcase classname="epic3.feature_3_2.backend.tests.test_feature_3_2_post_endpoints.TestExplainSuccess" name="test_response_schema" time="0.160" /><testcase classname="epic3.feature_3_2.backend.tests.test_feature_3_2_post_endpoints.TestExplainSuccess" name="test_shap_values_count_31" time="0.290" /><testcase classname="epic3.feature_3_2.backend.tests.test_feature_3_2_post_endpoints.TestExplainSuccess" name="test_top_features_sorted" time="0.162" /><testcase classname="epic3.feature_3_2.backend.tests.test_feature_3_2_post_endpoints.TestExplainSuccess" name="test_top_features_have_required_fields" time="0.292" /><testcase classname="epic3.feature_3_2.backend.tests.test_feature_3_2_post_endpoints.TestExplainSuccess" name="test_all_shap_values_finite" time="0.168" /><testcase classname="epic3.feature_3_2.backend.tests.test_feature_3_2_post_endpoints.TestExplainSuccess" name="test_base_value_finite" time="0.160" /><testcase classname="epic3.feature_3_2.backend.tests.test_feature_3_2_post_endpoints.TestExplainSuccess" name="test_explanation_method_present" time="0.282" /><testcase classname="epic3.feature_3_2.backend.tests.test_feature_3_2_post_endpoints.TestExplainSuccess" name="test_no_causal_claim_in_response" time="0.186" /><testcase classname="epic3.feature_3_2.backend.tests.test_feature_3_2_post_endpoints.TestExplainValidation" name="test_invalid_input_returns_422" time="0.005" /><testcase classname="epic3.feature_3_2.backend.tests.test_feature_3_2_post_endpoints.TestExplainValidation" name="test_invalid_top_k_field_ignored" time="0.283" /><testcase classname="epic3.feature_3_2.backend.tests.test_feature_3_2_post_endpoints.TestWhatIfSuccess" name="test_returns_200" time="0.044" /><testcase classname="epic3.feature_3_2.backend.tests.test_feature_3_2_post_endpoints.TestWhatIfSuccess" name="test_response_schema" time="0.040" /><testcase classname="epic3.feature_3_2.backend.tests.test_feature_3_2_post_endpoints.TestWhatIfSuccess" name="test_delta_computed" time="0.039" /><testcase classname="epic3.feature_3_2.backend.tests.test_feature_3_2_post_endpoints.TestWhatIfSuccess" name="test_changes_applied_contains_key" time="0.040" /><testcase classname="epic3.feature_3_2.backend.tests.test_feature_3_2_post_endpoints.TestWhatIfSuccess" name="test_delta_display_matches_delta_rounded" time="0.039" /><testcase classname="epic3.feature_3_2.backend.tests.test_feature_3_2_post_endpoints.TestWhatIfValidation" name="test_unknown_field_returns_422" time="0.006" /><testcase classname="epic3.feature_3_2.backend.tests.test_feature_3_2_post_endpoints.TestWhatIfValidation" name="test_target_rejected" time="0.005" /><testcase classname="epic3.feature_3_2.backend.tests.test_feature_3_2_post_endpoints.TestWhatIfValidation" name="test_empty_changes_returns_422" time="0.006" /><testcase classname="epic3.feature_3_2.backend.tests.test_feature_3_2_post_endpoints.TestWhatIfValidation" name="test_out_of_range_returns_422" time="0.007" /><testcase classname="epic3.feature_3_2.backend.tests.test_feature_3_2_post_endpoints.TestWhatIfValidation" name="test_categorical_change" time="0.040" /><testcase classname="epic3.feature_3_2.backend.tests.test_feature_3_2_post_endpoints.TestWhatIfValidation" name="test_original_input_not_mutated" time="0.005" /><testcase classname="epic3.feature_3_2.backend.tests.test_feature_3_2_post_endpoints.TestPostErrorContract" name="test_all_errors_have_error_object" time="0.012" /><testcase classname="epic3.feature_3_2.backend.tests.test_feature_3_2_post_endpoints.TestPostErrorContract" name="test_no_traceback_in_error_responses" time="0.029" /><testcase classname="epic3.feature_3_2.backend.tests.test_feature_3_2_post_endpoints.TestPostRequestID" name="test_request_id_in_predict_response" time="0.032" /><testcase classname="epic3.feature_3_2.backend.tests.test_feature_3_2_post_endpoints.TestPostRequestID" name="test_request_id_in_explain_response" time="0.161" /><testcase classname="epic3.feature_3_2.backend.tests.test_feature_3_2_post_endpoints.TestPostRequestID" name="test_request_id_in_whatif_response" time="0.045" /><testcase classname="epic3.feature_3_2.backend.tests.test_feature_3_2_post_endpoints.TestPostDeterminism" name="test_predict_deterministic" time="0.048" /><testcase classname="epic3.feature_3_2.backend.tests.test_feature_3_2_post_endpoints.TestPostDeterminism" name="test_explain_deterministic" time="0.444" /><testcase classname="epic3.feature_3_2.backend.tests.test_feature_3_2_post_endpoints.TestPostDeterminism" name="test_whatif_deterministic" time="0.078" /><testcase classname="epic3.feature_3_2.backend.tests.test_feature_3_2_post_endpoints.TestPostNoRefit" name="test_fit_not_called" time="0.030" /><testcase classname="epic3.feature_3_2.backend.tests.test_feature_3_2_post_endpoints.TestRouterThinness" name="test_no_fit_in_predict_router" time="0.001" /><testcase classname="epic3.feature_3_2.backend.tests.test_feature_3_2_post_endpoints.TestRouterThinness" name="test_no_pipeline_load_in_predict_router" time="0.000" /><testcase classname="epic3.feature_3_2.backend.tests.test_feature_3_2_post_endpoints.TestRouterThinness" name="test_no_shap_in_predict_router" time="0.000" /><testcase classname="epic3.feature_3_2.backend.tests.test_feature_3_2_services.TestModelServiceLoad" name="test_pipeline_loads_successfully" time="0.015" /><testcase classname="epic3.feature_3_2.backend.tests.test_feature_3_2_services.TestModelServiceLoad" name="test_pipeline_loaded_only_once" time="0.001" /><testcase classname="epic3.feature_3_2.backend.tests.test_feature_3_2_services.TestModelServiceLoad" name="test_module_import_no_model_load" time="0.002" /><testcase classname="epic3.feature_3_2.backend.tests.test_feature_3_2_services.TestModelServiceArtifactIntegrity" name="test_pipeline_file_exists_and_readable" time="0.000" /><testcase classname="epic3.feature_3_2.backend.tests.test_feature_3_2_services.TestModelServiceArtifactIntegrity" name="test_schema_artifacts_exist" time="0.000" /><testcase classname="epic3.feature_3_2.backend.tests.test_feature_3_2_services.TestModelServiceArtifactIntegrity" name="test_epic2_transformers_exist" time="0.000" /><testcase classname="epic3.feature_3_2.backend.tests.test_feature_3_2_services.TestModelServiceNotReady" name="test_unset_singleton_returns_none" time="0.000" /><testcase classname="epic3.feature_3_2.backend.tests.test_feature_3_2_services.TestModelServiceNotReady" name="test_model_service_raises_when_not_loaded" time="0.000" /><testcase classname="epic3.feature_3_2.backend.tests.test_feature_3_2_services.TestModelInputConversion" name="test_example_input_has_18_fields" time="0.001" /><testcase classname="epic3.feature_3_2.backend.tests.test_feature_3_2_services.TestModelInputConversion" name="test_example_input_missing_target" time="0.000" /><testcase classname="epic3.feature_3_2.backend.tests.test_feature_3_2_services.TestModelInputConversion" name="test_example_input_all_canonical_fields_present" time="0.001" /><testcase classname="epic3.feature_3_2.backend.tests.test_feature_3_2_services.TestModelPrediction" name="test_prediction_executes" time="0.015" /><testcase classname="epic3.feature_3_2.backend.tests.test_feature_3_2_services.TestModelPrediction" name="test_prediction_matches_canonical" time="0.015" /><testcase classname="epic3.feature_3_2.backend.tests.test_feature_3_2_services.TestModelPrediction" name="test_prediction_finite" time="0.014" /><testcase classname="epic3.feature_3_2.backend.tests.test_feature_3_2_services.TestModelPrediction" name="test_prediction_clipped_in_range" time="0.015" /><testcase classname="epic3.feature_3_2.backend.tests.test_feature_3_2_services.TestModelPrediction" name="test_prediction_display_matches_clipped" time="0.014" /><testcase classname="epic3.feature_3_2.backend.tests.test_feature_3_2_services.TestModelOutputNormalization" name="test_model_id_from_metadata" time="0.014" /><testcase classname="epic3.feature_3_2.backend.tests.test_feature_3_2_services.TestModelOutputNormalization" name="test_model_version_present" time="0.014" /><testcase classname="epic3.feature_3_2.backend.tests.test_feature_3_2_services.TestModelOutputNormalization" name="test_package_version_present" time="0.014" /><testcase classname="epic3.feature_3_2.backend.tests.test_feature_3_2_services.TestModelInfoService" name="test_model_info_returns_metadata" time="0.001" /><testcase classname="epic3.feature_3_2.backend.tests.test_feature_3_2_services.TestModelInfoService" name="test_features_returns_18_fields" time="0.001" /><testcase classname="epic3.feature_3_2.backend.tests.test_feature_3_2_services.TestModelInfoService" name="test_selected_features_count_31" time="0.000" /><testcase classname="epic3.feature_3_2.backend.tests.test_feature_3_2_services.TestModelNoRefit" name="test_fit_call_count_zero" time="0.000" /><testcase classname="epic3.feature_3_2.backend.tests.test_feature_3_2_services.TestModelNoRefit" name="test_fit_transform_count_zero" time="0.000" /><testcase classname="epic3.feature_3_2.backend.tests.test_feature_3_2_services.TestModelNoRefit" name="test_partial_fit_count_zero" time="0.000" /><testcase classname="epic3.feature_3_2.backend.tests.test_feature_3_2_services.TestExplainServiceAvailability" name="test_explain_service_available" time="0.272" /><testcase classname="epic3.feature_3_2.backend.tests.test_feature_3_2_services.TestExplainServiceAvailability" name="test_explain_returns_prediction" time="0.147" /><testcase classname="epic3.feature_3_2.backend.tests.test_feature_3_2_services.TestExplainServicePredictionMatch" name="test_explain_prediction_matches_model_service" time="0.173" /><testcase classname="epic3.feature_3_2.backend.tests.test_feature_3_2_services.TestExplainServiceContributions" name="test_shap_values_count_matches_31" time="0.266" /><testcase classname="epic3.feature_3_2.backend.tests.test_feature_3_2_services.TestExplainServiceContributions" name="test_shap_values_all_finite" time="0.150" /><testcase classname="epic3.feature_3_2.backend.tests.test_feature_3_2_services.TestExplainServiceContributions" name="test_top_features_have_required_fields" time="0.261" /><testcase classname="epic3.feature_3_2.backend.tests.test_feature_3_2_services.TestExplainServiceContributions" name="test_top_features_sorted_by_absolute_shap" time="0.151" /><testcase classname="epic3.feature_3_2.backend.tests.test_feature_3_2_services.TestExplainServiceAdditivity" name="test_additivity_holds" time="0.287" /><testcase classname="epic3.feature_3_2.backend.tests.test_feature_3_2_services.TestExplainServiceNoCausality" name="test_no_causality_claim_in_docstring" time="0.001" /><testcase classname="epic3.feature_3_2.backend.tests.test_feature_3_2_services.TestWhatIfSingleChange" name="test_single_change_returns_delta" time="0.028" /><testcase classname="epic3.feature_3_2.backend.tests.test_feature_3_2_services.TestWhatIfSingleChange" name="test_original_and_modified_both_present" time="0.028" /><testcase classname="epic3.feature_3_2.backend.tests.test_feature_3_2_services.TestWhatIfMultipleChanges" name="test_multiple_changes_applied" time="0.027" /><testcase classname="epic3.feature_3_2.backend.tests.test_feature_3_2_services.TestWhatIfInvalidField" name="test_invalid_field_raises" time="0.001" /><testcase classname="epic3.feature_3_2.backend.tests.test_feature_3_2_services.TestWhatIfTargetRejected" name="test_target_popularity_rejected" time="0.001" /><testcase classname="epic3.feature_3_2.backend.tests.test_feature_3_2_services.TestWhatIfOriginalImmutable" name="test_original_input_not_mutated" time="0.031" /><testcase classname="epic3.feature_3_2.backend.tests.test_feature_3_2_services.TestServiceDependencyInjection" name="test_model_service_accepts_loader" time="0.000" /><testcase classname="epic3.feature_3_2.backend.tests.test_feature_3_2_services.TestServiceDependencyInjection" name="test_explain_service_accepts_model_service" time="0.000" /><testcase classname="epic3.feature_3_2.backend.tests.test_feature_3_2_services.TestServiceDependencyInjection" name="test_whatif_service_accepts_model_service" time="0.000" /><testcase classname="epic3.feature_3_2.backend.tests.test_feature_3_2_services.TestServiceConcurrency" name="test_concurrent_predictions_identical" time="0.177" /><testcase classname="epic3.feature_3_2.backend.tests.test_feature_3_2_services.TestServiceConcurrency" name="test_explain_concurrent" time="1.021" /><testcase classname="epic3.feature_3_2.backend.tests.test_feature_3_2_services.TestNoSourceMutation" name="test_source_artifacts_unchanged" time="0.005" /><testcase classname="epic3.feature_3_2.backend.tests.test_feature_3_2_services.TestServiceErrorContract" name="test_errors_have_codes" time="0.000" /><testcase classname="epic3.feature_3_2.backend.tests.test_feature_3_2_services.TestServiceErrorContract" name="test_errors_have_http_status_codes" time="0.001" /></testsuite></testsuites>