<?xml version="1.0" encoding="utf-8"?><testsuites name="pytest tests"><testsuite name="pytest" errors="0" failures="0" skipped="0" tests="48" time="50.749" timestamp="2026-08-06T08:00:52.793010+07:00" hostname="MinhJiDo"><testcase classname="epic3.feature_3_2.backend.tests.test_feature_3_2_services.TestModelServiceLoad" name="test_pipeline_loads_successfully" time="35.752" /><testcase classname="epic3.feature_3_2.backend.tests.test_feature_3_2_services.TestModelServiceLoad" name="test_pipeline_loaded_only_once" time="0.001" /><testcase classname="epic3.feature_3_2.backend.tests.test_feature_3_2_services.TestModelServiceLoad" name="test_module_import_no_model_load" time="0.022" /><testcase classname="epic3.feature_3_2.backend.tests.test_feature_3_2_services.TestModelServiceArtifactIntegrity" name="test_pipeline_file_exists_and_readable" time="0.001" /><testcase classname="epic3.feature_3_2.backend.tests.test_feature_3_2_services.TestModelServiceArtifactIntegrity" name="test_schema_artifacts_exist" time="0.000" /><testcase classname="epic3.feature_3_2.backend.tests.test_feature_3_2_services.TestModelServiceArtifactIntegrity" name="test_epic2_transformers_exist" time="0.000" /><testcase classname="epic3.feature_3_2.backend.tests.test_feature_3_2_services.TestModelServiceNotReady" name="test_unset_singleton_returns_none" time="0.000" /><testcase classname="epic3.feature_3_2.backend.tests.test_feature_3_2_services.TestModelServiceNotReady" name="test_model_service_raises_when_not_loaded" time="0.001" /><testcase classname="epic3.feature_3_2.backend.tests.test_feature_3_2_services.TestModelInputConversion" name="test_example_input_has_18_fields" time="0.000" /><testcase classname="epic3.feature_3_2.backend.tests.test_feature_3_2_services.TestModelInputConversion" name="test_example_input_missing_target" time="0.000" /><testcase classname="epic3.feature_3_2.backend.tests.test_feature_3_2_services.TestModelInputConversion" name="test_example_input_all_canonical_fields_present" time="0.025" /><testcase classname="epic3.feature_3_2.backend.tests.test_feature_3_2_services.TestModelPrediction" name="test_prediction_executes" time="0.060" /><testcase classname="epic3.feature_3_2.backend.tests.test_feature_3_2_services.TestModelPrediction" name="test_prediction_matches_canonical" time="0.015" /><testcase classname="epic3.feature_3_2.backend.tests.test_feature_3_2_services.TestModelPrediction" name="test_prediction_finite" time="0.015" /><testcase classname="epic3.feature_3_2.backend.tests.test_feature_3_2_services.TestModelPrediction" name="test_prediction_clipped_in_range" time="0.014" /><testcase classname="epic3.feature_3_2.backend.tests.test_feature_3_2_services.TestModelPrediction" name="test_prediction_display_matches_clipped" time="0.015" /><testcase classname="epic3.feature_3_2.backend.tests.test_feature_3_2_services.TestModelOutputNormalization" name="test_model_id_from_metadata" time="0.014" /><testcase classname="epic3.feature_3_2.backend.tests.test_feature_3_2_services.TestModelOutputNormalization" name="test_model_version_present" time="0.015" /><testcase classname="epic3.feature_3_2.backend.tests.test_feature_3_2_services.TestModelOutputNormalization" name="test_package_version_present" time="0.014" /><testcase classname="epic3.feature_3_2.backend.tests.test_feature_3_2_services.TestModelInfoService" name="test_model_info_returns_metadata" time="0.031" /><testcase classname="epic3.feature_3_2.backend.tests.test_feature_3_2_services.TestModelInfoService" name="test_features_returns_18_fields" time="0.001" /><testcase classname="epic3.feature_3_2.backend.tests.test_feature_3_2_services.TestModelInfoService" name="test_selected_features_count_31" time="0.000" /><testcase classname="epic3.feature_3_2.backend.tests.test_feature_3_2_services.TestModelNoRefit" name="test_fit_call_count_zero" time="0.000" /><testcase classname="epic3.feature_3_2.backend.tests.test_feature_3_2_services.TestModelNoRefit" name="test_fit_transform_count_zero" time="0.000" /><testcase classname="epic3.feature_3_2.backend.tests.test_feature_3_2_services.TestModelNoRefit" name="test_partial_fit_count_zero" time="0.000" /><testcase classname="epic3.feature_3_2.backend.tests.test_feature_3_2_services.TestExplainServiceAvailability" name="test_explain_service_available" time="11.755" /><testcase classname="epic3.feature_3_2.backend.tests.test_feature_3_2_services.TestExplainServiceAvailability" name="test_explain_returns_prediction" time="0.256" /><testcase classname="epic3.feature_3_2.backend.tests.test_feature_3_2_services.TestExplainServicePredictionMatch" name="test_explain_prediction_matches_model_service" time="0.179" /><testcase classname="epic3.feature_3_2.backend.tests.test_feature_3_2_services.TestExplainServiceContributions" name="test_shap_values_count_matches_31" time="0.142" /><testcase classname="epic3.feature_3_2.backend.tests.test_feature_3_2_services.TestExplainServiceContributions" name="test_shap_values_all_finite" time="0.252" /><testcase classname="epic3.feature_3_2.backend.tests.test_feature_3_2_services.TestExplainServiceContributions" name="test_top_features_have_required_fields" time="0.167" /><testcase classname="epic3.feature_3_2.backend.tests.test_feature_3_2_services.TestExplainServiceContributions" name="test_top_features_sorted_by_absolute_shap" time="0.258" /><testcase classname="epic3.feature_3_2.backend.tests.test_feature_3_2_services.TestExplainServiceAdditivity" name="test_additivity_holds" time="0.144" /><testcase classname="epic3.feature_3_2.backend.tests.test_feature_3_2_services.TestExplainServiceNoCausality" name="test_no_causality_claim_in_docstring" time="0.001" /><testcase classname="epic3.feature_3_2.backend.tests.test_feature_3_2_services.TestWhatIfSingleChange" name="test_single_change_returns_delta" time="0.041" /><testcase classname="epic3.feature_3_2.backend.tests.test_feature_3_2_services.TestWhatIfSingleChange" name="test_original_and_modified_both_present" time="0.029" /><testcase classname="epic3.feature_3_2.backend.tests.test_feature_3_2_services.TestWhatIfMultipleChanges" name="test_multiple_changes_applied" time="0.030" /><testcase classname="epic3.feature_3_2.backend.tests.test_feature_3_2_services.TestWhatIfInvalidField" name="test_invalid_field_raises" time="0.001" /><testcase classname="epic3.feature_3_2.backend.tests.test_feature_3_2_services.TestWhatIfTargetRejected" name="test_target_popularity_rejected" time="0.001" /><testcase classname="epic3.feature_3_2.backend.tests.test_feature_3_2_services.TestWhatIfOriginalImmutable" name="test_original_input_not_mutated" time="0.028" /><testcase classname="epic3.feature_3_2.backend.tests.test_feature_3_2_services.TestServiceDependencyInjection" name="test_model_service_accepts_loader" time="0.000" /><testcase classname="epic3.feature_3_2.backend.tests.test_feature_3_2_services.TestServiceDependencyInjection" name="test_explain_service_accepts_model_service" time="0.000" /><testcase classname="epic3.feature_3_2.backend.tests.test_feature_3_2_services.TestServiceDependencyInjection" name="test_whatif_service_accepts_model_service" time="0.001" /><testcase classname="epic3.feature_3_2.backend.tests.test_feature_3_2_services.TestServiceConcurrency" name="test_concurrent_predictions_identical" time="0.143" /><testcase classname="epic3.feature_3_2.backend.tests.test_feature_3_2_services.TestServiceConcurrency" name="test_explain_concurrent" time="1.011" /><testcase classname="epic3.feature_3_2.backend.tests.test_feature_3_2_services.TestNoSourceMutation" name="test_source_artifacts_unchanged" time="0.005" /><testcase classname="epic3.feature_3_2.backend.tests.test_feature_3_2_services.TestServiceErrorContract" name="test_errors_have_codes" time="0.000" /><testcase classname="epic3.feature_3_2.backend.tests.test_feature_3_2_services.TestServiceErrorContract" name="test_errors_have_http_status_codes" time="0.001" /></testsuite></testsuites>