<?xml version="1.0" encoding="utf-8"?><testsuites name="pytest tests"><testsuite name="pytest" errors="0" failures="0" skipped="0" tests="33" time="2.657" timestamp="2026-08-06T08:19:39.338168+07:00" hostname="MinhJiDo"><testcase classname="epic3.feature_3_2.backend.tests.test_feature_3_2_middleware_and_get.TestCORSAllowedOrigin" name="test_cors_header_in_response" time="1.874" /><testcase classname="epic3.feature_3_2.backend.tests.test_feature_3_2_middleware_and_get.TestCORSAllowedOrigin" name="test_cors_allows_localhost" time="0.005" /><testcase classname="epic3.feature_3_2.backend.tests.test_feature_3_2_middleware_and_get.TestCORSAllowedOrigin" name="test_cors_not_wildcard" time="0.006" /><testcase classname="epic3.feature_3_2.backend.tests.test_feature_3_2_middleware_and_get.TestCORSPreflight" name="test_preflight_returns_200" time="0.003" /><testcase classname="epic3.feature_3_2.backend.tests.test_feature_3_2_middleware_and_get.TestCORSPreflight" name="test_preflight_allow_methods_present" time="0.004" /><testcase classname="epic3.feature_3_2.backend.tests.test_feature_3_2_middleware_and_get.TestRequestIDGenerated" name="test_request_id_generated_when_missing" time="0.005" /><testcase classname="epic3.feature_3_2.backend.tests.test_feature_3_2_middleware_and_get.TestRequestIDGenerated" name="test_request_id_returned_in_response_header" time="0.005" /><testcase classname="epic3.feature_3_2.backend.tests.test_feature_3_2_middleware_and_get.TestRequestIDPropagated" name="test_client_request_id_preserved" time="0.004" /><testcase classname="epic3.feature_3_2.backend.tests.test_feature_3_2_middleware_and_get.TestRequestIDPropagated" name="test_client_request_id_with_special_chars_rejected" time="0.005" /><testcase classname="epic3.feature_3_2.backend.tests.test_feature_3_2_middleware_and_get.TestLoggingStructure" name="test_request_logged" time="0.004" /><testcase classname="epic3.feature_3_2.backend.tests.test_feature_3_2_middleware_and_get.TestLoggingRedaction" name="test_sensitive_headers_not_in_log" time="0.004" /><testcase classname="epic3.feature_3_2.backend.tests.test_feature_3_2_middleware_and_get.TestValidationErrorHandler" name="test_validation_error_returns_422" time="0.008" /><testcase classname="epic3.feature_3_2.backend.tests.test_feature_3_2_middleware_and_get.TestValidationErrorHandler" name="test_validation_error_response_format" time="0.004" /><testcase classname="epic3.feature_3_2.backend.tests.test_feature_3_2_middleware_and_get.TestServiceErrorHandler" name="test_503_when_model_not_loaded" time="0.127" /><testcase classname="epic3.feature_3_2.backend.tests.test_feature_3_2_middleware_and_get.TestUnexpectedErrorHandler" name="test_unexpected_error_returns_500" time="0.011" /><testcase classname="epic3.feature_3_2.backend.tests.test_feature_3_2_middleware_and_get.TestErrorResponseNoTraceback" name="test_traceback_not_in_response" time="0.009" /><testcase classname="epic3.feature_3_2.backend.tests.test_feature_3_2_middleware_and_get.TestErrorResponseNoTraceback" name="test_error_response_has_request_id" time="0.006" /><testcase classname="epic3.feature_3_2.backend.tests.test_feature_3_2_middleware_and_get.TestHealthHealthy" name="test_health_returns_200" time="0.008" /><testcase classname="epic3.feature_3_2.backend.tests.test_feature_3_2_middleware_and_get.TestHealthHealthy" name="test_health_status_healthy" time="0.008" /><testcase classname="epic3.feature_3_2.backend.tests.test_feature_3_2_middleware_and_get.TestHealthHealthy" name="test_health_fields_present" time="0.006" /><testcase classname="epic3.feature_3_2.backend.tests.test_feature_3_2_middleware_and_get.TestHealthHealthy" name="test_health_no_prediction" time="0.006" /><testcase classname="epic3.feature_3_2.backend.tests.test_feature_3_2_middleware_and_get.TestHealthUnavailable" name="test_health_unavailable_when_no_model" time="0.022" /><testcase classname="epic3.feature_3_2.backend.tests.test_feature_3_2_middleware_and_get.TestModelInfo" name="test_model_info_returns_200" time="0.008" /><testcase classname="epic3.feature_3_2.backend.tests.test_feature_3_2_middleware_and_get.TestModelInfo" name="test_model_info_fields" time="0.008" /><testcase classname="epic3.feature_3_2.backend.tests.test_feature_3_2_middleware_and_get.TestModelInfo" name="test_model_info_no_paths_exposed" time="0.009" /><testcase classname="epic3.feature_3_2.backend.tests.test_feature_3_2_middleware_and_get.TestModelInfoConsistency" name="test_model_info_matches_phase2_evidence" time="0.009" /><testcase classname="epic3.feature_3_2.backend.tests.test_feature_3_2_middleware_and_get.TestFeatures" name="test_features_returns_200" time="0.008" /><testcase classname="epic3.feature_3_2.backend.tests.test_feature_3_2_middleware_and_get.TestFeatures" name="test_features_has_18_canonical_fields" time="0.007" /><testcase classname="epic3.feature_3_2.backend.tests.test_feature_3_2_middleware_and_get.TestFeatures" name="test_features_has_selected_features" time="0.006" /><testcase classname="epic3.feature_3_2.backend.tests.test_feature_3_2_middleware_and_get.TestFeatures" name="test_features_no_internal_paths" time="0.007" /><testcase classname="epic3.feature_3_2.backend.tests.test_feature_3_2_middleware_and_get.TestFeaturesRawContract" name="test_features_field_descriptors_present" time="0.008" /><testcase classname="epic3.feature_3_2.backend.tests.test_feature_3_2_middleware_and_get.TestFeaturesRawContract" name="test_features_modifiable_field" time="0.007" /><testcase classname="epic3.feature_3_2.backend.tests.test_feature_3_2_middleware_and_get.TestDependencyOverride" name="test_dependency_can_be_overridden" time="0.001" /></testsuite></testsuites>