<?xml version="1.0" encoding="utf-8"?><testsuites name="pytest tests"><testsuite name="pytest" errors="0" failures="0" skipped="0" tests="366" time="5.787" timestamp="2026-07-25T19:32:45.769334+07:00" hostname="TuanAnh"><testcase classname="tests.test_feature_2_9_artifact_fingerprint.TestArtifactFingerprint" name="test_fingerprint_has_sha256" time="0.032" /><testcase classname="tests.test_feature_2_9_artifact_fingerprint.TestArtifactFingerprint" name="test_fingerprint_sha256_matches_file" time="0.008" /><testcase classname="tests.test_feature_2_9_artifact_fingerprint.TestArtifactFingerprint" name="test_fingerprint_has_bytes" time="0.005" /><testcase classname="tests.test_feature_2_9_artifact_fingerprint.TestArtifactFingerprint" name="test_fingerprint_has_mtime" time="0.005" /><testcase classname="tests.test_feature_2_9_artifact_fingerprint.TestArtifactFingerprint" name="test_fingerprint_has_producer_stage" time="0.005" /><testcase classname="tests.test_feature_2_9_artifact_fingerprint.TestArtifactFingerprint" name="test_fingerprint_producer_stage_optional" time="0.007" /><testcase classname="tests.test_feature_2_9_artifact_fingerprint.TestArtifactFingerprint" name="test_fingerprint_to_dict" time="0.003" /><testcase classname="tests.test_feature_2_9_artifact_fingerprint.TestArtifactFingerprint" name="test_fingerprint_deterministic" time="0.005" /><testcase classname="tests.test_feature_2_9_artifact_fingerprint.TestArtifactFingerprint" name="test_different_content_different_fingerprint" time="0.017" /><testcase classname="tests.test_feature_2_9_artifact_fingerprint.TestArtifactFingerprint" name="test_artifact_fingerprint_from_dict" time="0.008" /><testcase classname="tests.test_feature_2_9_artifact_fingerprint.TestFingerprintUniqueness" name="test_same_content_same_sha256" time="0.007" /><testcase classname="tests.test_feature_2_9_atomic_writer.TestAtomicWriter" name="test_write_json_creates_file" time="0.007" /><testcase classname="tests.test_feature_2_9_atomic_writer.TestAtomicWriter" name="test_write_json_preserves_content" time="0.010" /><testcase classname="tests.test_feature_2_9_atomic_writer.TestAtomicWriter" name="test_write_json_overwrites_existing" time="0.011" /><testcase classname="tests.test_feature_2_9_atomic_writer.TestAtomicWriter" name="test_write_json_creates_intermediate_dirs" time="0.010" /><testcase classname="tests.test_feature_2_9_atomic_writer.TestAtomicWriter" name="test_write_jsonl_writes_records" time="0.006" /><testcase classname="tests.test_feature_2_9_atomic_writer.TestAtomicWriter" name="test_write_jsonl_creates_file" time="0.006" /><testcase classname="tests.test_feature_2_9_atomic_writer.TestAtomicWriter" name="test_compute_sha256_returns_hex" time="0.016" /><testcase classname="tests.test_feature_2_9_atomic_writer.TestAtomicWriter" name="test_compute_sha256_deterministic" time="0.005" /><testcase classname="tests.test_feature_2_9_atomic_writer.TestAtomicWriter" name="test_compute_sha256_different_content_different_hash" time="0.006" /><testcase classname="tests.test_feature_2_9_atomic_writer.TestAtomicWriter" name="test_compute_bytes_and_hash_returns_both" time="0.003" /><testcase classname="tests.test_feature_2_9_atomic_writer.TestAtomicWriter" name="test_atomic_writer_uses_temp_file_pattern" time="0.005" /><testcase classname="tests.test_feature_2_9_atomic_writer.TestComputeSHA256" name="test_empty_file_hash" time="0.004" /><testcase classname="tests.test_feature_2_9_atomic_writer.TestComputeSHA256" name="test_nonexistent_file_raises" time="0.001" /><testcase classname="tests.test_feature_2_9_callable_adapter.TestCallableAdapter" name="test_dry_run_returns_pass" time="0.004" /><testcase classname="tests.test_feature_2_9_callable_adapter.TestCallableAdapter" name="test_unknown_module_returns_fail" time="0.014" /><testcase classname="tests.test_feature_2_9_callable_adapter.TestCallableAdapter" name="test_exception_caught_returns_fail" time="0.006" /><testcase classname="tests.test_feature_2_9_callable_adapter.TestCallableAdapter" name="test_stderr_written_on_error" time="0.010" /><testcase classname="tests.test_feature_2_9_callable_adapter.TestCallableAdapter" name="test_success_result_fields" time="0.005" /><testcase classname="tests.test_feature_2_9_callable_adapter.TestCallableAdapter" name="test_adapter_stores_stage_id" time="0.001" /><testcase classname="tests.test_feature_2_9_callable_adapter.TestCallableAdapter" name="test_python_callable_field_set" time="0.004" /><testcase classname="tests.test_feature_2_9_canonical_path" name="test_canonical_dir_exists" time="0.001" /><testcase classname="tests.test_feature_2_9_canonical_path" name="test_required_subdirs" time="0.001" /><testcase classname="tests.test_feature_2_9_canonical_path" name="test_canonical_path_validation" time="0.002" /><testcase classname="tests.test_feature_2_9_champion_lock_guard.TestChampionLockGuard" name="test_guard_has_evaluate_method" time="0.001" /><testcase classname="tests.test_feature_2_9_champion_lock_guard.TestChampionLockGuard" name="test_allowed_returns_true" time="0.001" /><testcase classname="tests.test_feature_2_9_champion_lock_guard.TestChampionLockGuard" name="test_denied_returns_false" time="0.001" /><testcase classname="tests.test_feature_2_9_champion_lock_guard.TestChampionLockGuard" name="test_returns_tuple" time="0.001" /><testcase classname="tests.test_feature_2_9_champion_lock_guard.TestChampionLockGuard" name="test_guard_name" time="0.001" /><testcase classname="tests.test_feature_2_9_champion_lock_guard.TestChampionLockGuard" name="test_phase2_no_real_champion_overwriting" time="0.001" /><testcase classname="tests.test_feature_2_9_checkpoint_schema.TestCheckpointSchema" name="test_checkpoint_has_run_id" time="0.001" /><testcase classname="tests.test_feature_2_9_checkpoint_schema.TestCheckpointSchema" name="test_checkpoint_has_stage_id" time="0.001" /><testcase classname="tests.test_feature_2_9_checkpoint_schema.TestCheckpointSchema" name="test_checkpoint_has_status" time="0.001" /><testcase classname="tests.test_feature_2_9_checkpoint_schema.TestCheckpointSchema" name="test_checkpoint_has_started_at" time="0.001" /><testcase classname="tests.test_feature_2_9_checkpoint_schema.TestCheckpointSchema" name="test_checkpoint_has_ended_at" time="0.001" /><testcase classname="tests.test_feature_2_9_checkpoint_schema.TestCheckpointSchema" name="test_checkpoint_has_input_fingerprints" time="0.001" /><testcase classname="tests.test_feature_2_9_checkpoint_schema.TestCheckpointSchema" name="test_checkpoint_has_output_fingerprints" time="0.001" /><testcase classname="tests.test_feature_2_9_checkpoint_schema.TestCheckpointSchema" name="test_checkpoint_has_full_config_hash" time="0.001" /><testcase classname="tests.test_feature_2_9_checkpoint_schema.TestCheckpointSchema" name="test_checkpoint_has_scientific_config_hash" time="0.001" /><testcase classname="tests.test_feature_2_9_checkpoint_schema.TestCheckpointSchema" name="test_checkpoint_has_execution_config_hash" time="0.001" /><testcase classname="tests.test_feature_2_9_checkpoint_schema.TestCheckpointSchema" name="test_checkpoint_has_git_commit" time="0.001" /><testcase classname="tests.test_feature_2_9_checkpoint_schema.TestCheckpointSchema" name="test_checkpoint_has_working_tree_dirty" time="0.001" /><testcase classname="tests.test_feature_2_9_checkpoint_schema.TestCheckpointSchema" name="test_checkpoint_has_stage_implementation_hash" time="0.001" /><testcase classname="tests.test_feature_2_9_checkpoint_schema.TestCheckpointSchema" name="test_checkpoint_has_environment_fingerprint" time="0.001" /><testcase classname="tests.test_feature_2_9_checkpoint_schema.TestCheckpointSchema" name="test_checkpoint_has_warnings" time="0.001" /><testcase classname="tests.test_feature_2_9_checkpoint_schema.TestCheckpointSchema" name="test_checkpoint_has_blockers" time="0.001" /><testcase classname="tests.test_feature_2_9_checkpoint_schema.TestCheckpointSchema" name="test_checkpoint_has_resume_eligible" time="0.001" /><testcase classname="tests.test_feature_2_9_checkpoint_schema.TestCheckpointSchema" name="test_checkpoint_to_dict_serialization" time="0.001" /><testcase classname="tests.test_feature_2_9_cli_help" name="test_cli_help_exits_0" time="0.242" /><testcase classname="tests.test_feature_2_9_cli_help" name="test_cli_help_shows_modes" time="0.217" /><testcase classname="tests.test_feature_2_9_cli_invalid_mode" name="test_cli_rejects_unknown_mode" time="0.195" /><testcase classname="tests.test_feature_2_9_cli_permission_guard" name="test_train_mode_without_flags_shows_blocked" time="0.231" /><testcase classname="tests.test_feature_2_9_code_fingerprint.TestComputeCodeFingerprint" name="test_returns_git_commit" time="0.001" /><testcase classname="tests.test_feature_2_9_code_fingerprint.TestComputeCodeFingerprint" name="test_returns_working_tree_dirty" time="0.001" /><testcase classname="tests.test_feature_2_9_code_fingerprint.TestComputeCodeFingerprint" name="test_returns_stage_adapter_module_hash" time="0.001" /><testcase classname="tests.test_feature_2_9_code_fingerprint.TestComputeCodeFingerprint" name="test_returns_dict" time="0.001" /><testcase classname="tests.test_feature_2_9_code_fingerprint.TestComputeCodeFingerprint" name="test_non_git_directory_returns_unknown_for_commit" time="0.003" /><testcase classname="tests.test_feature_2_9_code_fingerprint.TestComputeCodeFingerprint" name="test_module_hash_keys_are_module_paths" time="0.003" /><testcase classname="tests.test_feature_2_9_component_discovery" name="test_discovery_file_exists" time="0.001" /><testcase classname="tests.test_feature_2_9_component_discovery" name="test_discovery_has_components" time="0.002" /><testcase classname="tests.test_feature_2_9_component_discovery" name="test_no_verified_for_nonexistent" time="0.002" /><testcase classname="tests.test_feature_2_9_config_fingerprint.TestComputeConfigFingerprints" name="test_returns_all_three_hashes" time="0.001" /><testcase classname="tests.test_feature_2_9_config_fingerprint.TestComputeConfigFingerprints" name="test_full_hash_is_sha256" time="0.001" /><testcase classname="tests.test_feature_2_9_config_fingerprint.TestComputeConfigFingerprints" name="test_scientific_hash_is_sha256" time="0.001" /><testcase classname="tests.test_feature_2_9_config_fingerprint.TestComputeConfigFingerprints" name="test_execution_hash_is_sha256" time="0.001" /><testcase classname="tests.test_feature_2_9_config_fingerprint.TestComputeConfigFingerprints" name="test_identical_config_same_hashes" time="0.001" /><testcase classname="tests.test_feature_2_9_config_fingerprint.TestComputeConfigFingerprints" name="test_different_config_different_full_hash" time="0.001" /><testcase classname="tests.test_feature_2_9_config_fingerprint.TestComputeConfigFingerprints" name="test_different_scientific_params_different_full_hash" time="0.001" /><testcase classname="tests.test_feature_2_9_config_fingerprint.TestComputeConfigFingerprints" name="test_config_key_order_independent" time="0.001" /><testcase classname="tests.test_feature_2_9_config_fingerprint.TestComputeConfigFingerprints" name="test_full_hash_includes_execution_params" time="0.001" /><testcase classname="tests.test_feature_2_9_config_fingerprint.TestComputeConfigFingerprints" name="test_empty_config_produces_valid_hashes" time="0.001" /><testcase classname="tests.test_feature_2_9_config_schema" name="test_config_schema_exists" time="0.001" /><testcase classname="tests.test_feature_2_9_config_schema" name="test_schema_has_required_sections" time="0.001" /><testcase classname="tests.test_feature_2_9_config_schema" name="test_valid_modes_in_schema" time="0.001" /><testcase classname="tests.test_feature_2_9_downstream_invalidation.TestDownstreamInvalidation" name="test_p50_downstream_is_list" time="0.001" /><testcase classname="tests.test_feature_2_9_downstream_invalidation.TestDownstreamInvalidation" name="test_p50_invalidates_p60" time="0.001" /><testcase classname="tests.test_feature_2_9_downstream_invalidation.TestDownstreamInvalidation" name="test_p60_invalidates_p65" time="0.001" /><testcase classname="tests.test_feature_2_9_downstream_invalidation.TestDownstreamInvalidation" name="test_p65_invalidates_p70" time="0.001" /><testcase classname="tests.test_feature_2_9_downstream_invalidation.TestDownstreamInvalidation" name="test_p65_invalidates_p80" time="0.001" /><testcase classname="tests.test_feature_2_9_downstream_invalidation.TestDownstreamInvalidation" name="test_p65_invalidates_p90" time="0.001" /><testcase classname="tests.test_feature_2_9_downstream_invalidation.TestDownstreamInvalidation" name="test_p30_invalidates_p40" time="0.001" /><testcase classname="tests.test_feature_2_9_downstream_invalidation.TestDownstreamInvalidation" name="test_p40_invalidates_p50" time="0.001" /><testcase classname="tests.test_feature_2_9_downstream_invalidation.TestDownstreamInvalidation" name="test_p00_invalidates_p10" time="0.001" /><testcase classname="tests.test_feature_2_9_downstream_invalidation.TestDownstreamInvalidation" name="test_p00_invalidates_p98" time="0.001" /><testcase classname="tests.test_feature_2_9_downstream_invalidation.TestDownstreamInvalidation" name="test_p10_invalidates_p20" time="0.001" /><testcase classname="tests.test_feature_2_9_downstream_invalidation.TestDownstreamInvalidation" name="test_p70_has_no_downstream" time="0.001" /><testcase classname="tests.test_feature_2_9_downstream_invalidation.TestDownstreamInvalidation" name="test_p80_has_no_downstream" time="0.001" /><testcase classname="tests.test_feature_2_9_downstream_invalidation.TestDownstreamInvalidation" name="test_p90_has_no_downstream" time="0.001" /><testcase classname="tests.test_feature_2_9_downstream_invalidation.TestDownstreamInvalidation" name="test_p98_has_no_downstream" time="0.001" /><testcase classname="tests.test_feature_2_9_downstream_invalidation.TestDownstreamInvalidation" name="test_p99_has_no_downstream" time="0.001" /><testcase classname="tests.test_feature_2_9_downstream_invalidation.TestDownstreamInvalidation" name="test_downstream_is_deterministic" time="0.001" /><testcase classname="tests.test_feature_2_9_downstream_invalidation.TestDownstreamInvalidation" name="test_empty_registry_returns_empty" time="0.001" /><testcase classname="tests.test_feature_2_9_dry_run" name="test_dry_run_plan_exists" time="0.001" /><testcase classname="tests.test_feature_2_9_dry_run" name="test_dry_run_has_plan" time="0.013" /><testcase classname="tests.test_feature_2_9_dry_run" name="test_dry_run_mode_is_validate" time="0.001" /><testcase classname="tests.test_feature_2_9_dry_run_no_side_effects" name="test_dry_run_no_scientific_side_effects" time="0.001" /><testcase classname="tests.test_feature_2_9_dry_run_no_side_effects" name="test_dry_run_no_training_in_plan" time="0.001" /><testcase classname="tests.test_feature_2_9_dry_run_no_side_effects" name="test_dry_run_no_final_test_in_plan" time="0.001" /><testcase classname="tests.test_feature_2_9_fail_fast.TestFailFastBehavior" name="test_fail_fast_true_stops_on_first_failure" time="0.002" /><testcase classname="tests.test_feature_2_9_fail_fast.TestFailFastBehavior" name="test_fail_fast_false_continues_after_failure" time="0.001" /><testcase classname="tests.test_feature_2_9_fail_fast.TestFailFastBehavior" name="test_fail_fast_config_default_is_true" time="0.001" /><testcase classname="tests.test_feature_2_9_fail_fast.TestFailFastBehavior" name="test_stage_status_cancelled_exists" time="0.001" /><testcase classname="tests.test_feature_2_9_fail_fast.TestFailFastBehavior" name="test_stage_status_fail_exists" time="0.001" /><testcase classname="tests.test_feature_2_9_fail_fast.TestFailFastBehavior" name="test_stage_status_pass_exists" time="0.001" /><testcase classname="tests.test_feature_2_9_fail_fast.TestFailFastBehavior" name="test_fail_fast_propagates_to_orchestrator" time="0.001" /><testcase classname="tests.test_feature_2_9_fail_fast.TestFailFastBehavior" name="test_orchestrator_has_stage_results" time="0.001" /><testcase classname="tests.test_feature_2_9_final_test_guard.TestFinalTestGuard" name="test_guard_has_evaluate_method" time="0.001" /><testcase classname="tests.test_feature_2_9_final_test_guard.TestFinalTestGuard" name="test_allowed_returns_true" time="0.001" /><testcase classname="tests.test_feature_2_9_final_test_guard.TestFinalTestGuard" name="test_denied_returns_false" time="0.001" /><testcase classname="tests.test_feature_2_9_final_test_guard.TestFinalTestGuard" name="test_returns_tuple" time="0.001" /><testcase classname="tests.test_feature_2_9_final_test_guard.TestFinalTestGuard" name="test_guard_name" time="0.001" /><testcase classname="tests.test_feature_2_9_final_test_guard.TestFinalTestGuard" name="test_phase2_final_test_executed_is_false" time="0.001" /><testcase classname="tests.test_feature_2_9_final_test_guard.TestFinalTestLedger" name="test_final_test_result_has_flag" time="0.001" /><testcase classname="tests.test_feature_2_9_final_test_guard.TestFinalTestLedger" name="test_phase2_no_real_final_test_execution" time="0.001" /><testcase classname="tests.test_feature_2_9_mode_contract" name="test_mode_contract_exists" time="0.001" /><testcase classname="tests.test_feature_2_9_mode_contract" name="test_six_modes" time="0.001" /><testcase classname="tests.test_feature_2_9_mode_contract" name="test_validate_forbids_training" time="0.001" /><testcase classname="tests.test_feature_2_9_mode_contract" name="test_monitor_forbids_training" time="0.001" /><testcase classname="tests.test_feature_2_9_no_fail_fast_dependencies.TestNoFailFastDependencies" name="test_p00_has_no_dependencies" time="0.001" /><testcase classname="tests.test_feature_2_9_no_fail_fast_dependencies.TestNoFailFastDependencies" name="test_p10_only_depends_on_p00" time="0.001" /><testcase classname="tests.test_feature_2_9_no_fail_fast_dependencies.TestNoFailFastDependencies" name="test_p00_in_all_modes" time="0.001" /><testcase classname="tests.test_feature_2_9_no_fail_fast_dependencies.TestNoFailFastDependencies" name="test_p10_in_train_mode" time="0.001" /><testcase classname="tests.test_feature_2_9_no_fail_fast_dependencies.TestNoFailFastDependencies" name="test_p10_in_full_retrain_mode" time="0.001" /><testcase classname="tests.test_feature_2_9_no_fail_fast_dependencies.TestNoFailFastDependencies" name="test_p99_in_all_modes" time="0.001" /><testcase classname="tests.test_feature_2_9_no_fail_fast_dependencies.TestNoFailFastDependencies" name="test_plan_includes_p00_even_with_fail_fast" time="0.001" /><testcase classname="tests.test_feature_2_9_no_fail_fast_dependencies.TestNoFailFastDependencies" name="test_p98_not_blocked_by_training" time="0.001" /><testcase classname="tests.test_feature_2_9_no_return_governance.TestNoReturnGovernance" name="test_has_mark_final_test_passed" time="0.001" /><testcase classname="tests.test_feature_2_9_no_return_governance.TestNoReturnGovernance" name="test_has_can_proceed_to_selection" time="0.001" /><testcase classname="tests.test_feature_2_9_no_return_governance.TestNoReturnGovernance" name="test_before_final_test_can_select" time="0.001" /><testcase classname="tests.test_feature_2_9_no_return_governance.TestNoReturnGovernance" name="test_after_final_test_pass_cannot_select" time="0.001" /><testcase classname="tests.test_feature_2_9_no_return_governance.TestNoReturnGovernance" name="test_cannot_toggle_back" time="0.001" /><testcase classname="tests.test_feature_2_9_no_return_governance.TestNoReturnGovernance" name="test_state_persists_in_run" time="0.001" /><testcase classname="tests.test_feature_2_9_no_return_governance.TestNoReturnGovernance" name="test_no_return_is_state_machine" time="0.001" /><testcase classname="tests.test_feature_2_9_no_return_governance.TestNoReturnGovernance" name="test_phase2_final_test_flag_is_false" time="0.001" /><testcase classname="tests.test_feature_2_9_no_return_governance.TestNoReturnGovernance" name="test_mark_final_test_passed_requires_run_id" time="0.001" /><testcase classname="tests.test_feature_2_9_no_return_governance.TestNoReturnGovernance" name="test_can_proceed_returns_tuple" time="0.001" /><testcase classname="tests.test_feature_2_9_orchestrator_plan.TestOrchestratorPlan" name="test_plan_respects_mode_contract" time="0.001" /><testcase classname="tests.test_feature_2_9_orchestrator_plan.TestOrchestratorPlan" name="test_train_mode_includes_training_stages" time="0.001" /><testcase classname="tests.test_feature_2_9_orchestrator_plan.TestOrchestratorPlan" name="test_full_retrain_mode_includes_all_stages" time="0.001" /><testcase classname="tests.test_feature_2_9_orchestrator_plan.TestOrchestratorPlan" name="test_package_mode_only_runs_p00_p90_p99" time="0.001" /><testcase classname="tests.test_feature_2_9_orchestrator_plan.TestOrchestratorPlan" name="test_monitor_mode_only_runs_p00_p98_p99" time="0.001" /><testcase classname="tests.test_feature_2_9_orchestrator_plan.TestOrchestratorPlan" name="test_prepare_data_mode_skips_training_stages" time="0.002" /><testcase classname="tests.test_feature_2_9_orchestrator_plan.TestOrchestratorPlan" name="test_dependency_order_respected" time="0.002" /><testcase classname="tests.test_feature_2_9_orchestrator_plan.TestOrchestratorPlan" name="test_linear_dependency_chain" time="0.001" /><testcase classname="tests.test_feature_2_9_orchestrator_plan.TestOrchestratorPlan" name="test_p98_has_no_dependencies" time="0.001" /><testcase classname="tests.test_feature_2_9_orchestrator_plan.TestOrchestratorPlan" name="test_p99_no_dependencies" time="0.001" /><testcase classname="tests.test_feature_2_9_orchestrator_plan.TestOrchestratorPlan" name="test_orchestrator_run_id_format" time="0.001" /><testcase classname="tests.test_feature_2_9_orchestrator_plan.TestOrchestratorPlan" name="test_orchestrator_respects_fail_fast_true" time="0.002" /><testcase classname="tests.test_feature_2_9_orchestrator_plan.TestOrchestratorPlan" name="test_orchestrator_respects_fail_fast_false" time="0.002" /><testcase classname="tests.test_feature_2_9_packaging_guard.TestPackagingGuard" name="test_guard_has_evaluate_method" time="0.001" /><testcase classname="tests.test_feature_2_9_packaging_guard.TestPackagingGuard" name="test_allowed_returns_true" time="0.001" /><testcase classname="tests.test_feature_2_9_packaging_guard.TestPackagingGuard" name="test_denied_returns_false" time="0.001" /><testcase classname="tests.test_feature_2_9_packaging_guard.TestPackagingGuard" name="test_returns_tuple" time="0.001" /><testcase classname="tests.test_feature_2_9_packaging_guard.TestPackagingGuard" name="test_guard_name" time="0.001" /><testcase classname="tests.test_feature_2_9_packaging_guard.TestPackagingGuard" name="test_phase2_packaging_executed_is_false" time="0.001" /><testcase classname="tests.test_feature_2_9_permission_contract" name="test_permission_contract_exists" time="0.001" /><testcase classname="tests.test_feature_2_9_permission_contract" name="test_dual_consent_policy" time="0.001" /><testcase classname="tests.test_feature_2_9_permission_contract" name="test_training_requires_dual_consent" time="0.001" /><testcase classname="tests.test_feature_2_9_phase_1_governance" name="test_checkpoint_exists" time="0.001" /><testcase classname="tests.test_feature_2_9_phase_1_governance" name="test_no_training_executed" time="0.001" /><testcase classname="tests.test_feature_2_9_phase_1_governance" name="test_no_tuning_executed" time="0.001" /><testcase classname="tests.test_feature_2_9_phase_1_governance" name="test_no_final_test_executed" time="0.001" /><testcase classname="tests.test_feature_2_9_phase_1_governance" name="test_no_shap_executed" time="0.001" /><testcase classname="tests.test_feature_2_9_phase_1_governance" name="test_no_packaging_executed" time="0.001" /><testcase classname="tests.test_feature_2_9_phase_1_preflight" name="test_session_file_exists" time="0.001" /><testcase classname="tests.test_feature_2_9_phase_1_preflight" name="test_session_has_required_fields" time="0.001" /><testcase classname="tests.test_feature_2_9_phase_1_preflight" name="test_session_has_no_hardcoded_paths_in_defaults" time="0.001" /><testcase classname="tests.test_feature_2_9_phase_2_governance.TestPhase2Governance" name="test_training_executed_false_in_results" time="0.001" /><testcase classname="tests.test_feature_2_9_phase_2_governance.TestPhase2Governance" name="test_tuning_executed_false_in_results" time="0.001" /><testcase classname="tests.test_feature_2_9_phase_2_governance.TestPhase2Governance" name="test_preprocessing_fit_executed_false_in_results" time="0.001" /><testcase classname="tests.test_feature_2_9_phase_2_governance.TestPhase2Governance" name="test_final_test_executed_false_in_results" time="0.001" /><testcase classname="tests.test_feature_2_9_phase_2_governance.TestPhase2Governance" name="test_shap_executed_false_in_results" time="0.001" /><testcase classname="tests.test_feature_2_9_phase_2_governance.TestPhase2Governance" name="test_packaging_executed_false_in_results" time="0.001" /><testcase classname="tests.test_feature_2_9_phase_2_governance.TestPhase2Governance" name="test_champion_lock_guard_blocks_without_permission" time="0.001" /><testcase classname="tests.test_feature_2_9_phase_2_governance.TestPhase2Governance" name="test_champion_lock_guard_allows_with_permission" time="0.001" /><testcase classname="tests.test_feature_2_9_phase_2_governance.TestPhase2Governance" name="test_training_guard_blocks_without_permission" time="0.001" /><testcase classname="tests.test_feature_2_9_phase_2_governance.TestPhase2Governance" name="test_final_test_guard_blocks_without_permission" time="0.001" /><testcase classname="tests.test_feature_2_9_phase_2_governance.TestPhase2Governance" name="test_no_return_governance_state_machine" time="0.001" /><testcase classname="tests.test_feature_2_9_phase_2_governance.TestPhase2Governance" name="test_phase2_no_canonical_training" time="0.001" /><testcase classname="tests.test_feature_2_9_phase_2_governance.TestPhase2Governance" name="test_phase2_no_real_final_test" time="0.001" /><testcase classname="tests.test_feature_2_9_phase_2_governance.TestPhase2Governance" name="test_phase2_all_scientific_flags_false" time="0.001" /><testcase classname="tests.test_feature_2_9_phase_2_governance.TestPhase2Governance" name="test_dual_consent_required_for_training" time="0.001" /><testcase classname="tests.test_feature_2_9_phase_2_governance.TestPhase2Governance" name="test_dual_consent_required_for_final_test" time="0.001" /><testcase classname="tests.test_feature_2_9_preprocessing_fit_guard.TestPreprocessingFitGuard" name="test_guard_has_evaluate_method" time="0.001" /><testcase classname="tests.test_feature_2_9_preprocessing_fit_guard.TestPreprocessingFitGuard" name="test_allowed_returns_true" time="0.001" /><testcase classname="tests.test_feature_2_9_preprocessing_fit_guard.TestPreprocessingFitGuard" name="test_denied_returns_false" time="0.001" /><testcase classname="tests.test_feature_2_9_preprocessing_fit_guard.TestPreprocessingFitGuard" name="test_denied_reason_is_string" time="0.001" /><testcase classname="tests.test_feature_2_9_preprocessing_fit_guard.TestPreprocessingFitGuard" name="test_denied_returns_evidence" time="0.001" /><testcase classname="tests.test_feature_2_9_preprocessing_fit_guard.TestPreprocessingFitGuard" name="test_returns_tuple_of_three" time="0.001" /><testcase classname="tests.test_feature_2_9_preprocessing_fit_guard.TestPreprocessingFitGuard" name="test_guard_mentions_preprocessing" time="0.001" /><testcase classname="tests.test_feature_2_9_resume_stale.TestStaleCheckpointRejection" name="test_changed_config_hash_marks_stale" time="0.008" /><testcase classname="tests.test_feature_2_9_resume_stale.TestStaleCheckpointRejection" name="test_changed_scientific_hash_marks_stale" time="0.005" /><testcase classname="tests.test_feature_2_9_resume_stale.TestStaleCheckpointRejection" name="test_changed_git_commit_marks_stale" time="0.005" /><testcase classname="tests.test_feature_2_9_resume_stale.TestStaleCheckpointRejection" name="test_changed_impl_hash_marks_stale" time="0.005" /><testcase classname="tests.test_feature_2_9_resume_stale.TestStaleCheckpointRejection" name="test_changed_env_fingerprint_marks_stale" time="0.005" /><testcase classname="tests.test_feature_2_9_resume_stale.TestStaleCheckpointRejection" name="test_failed_stage_is_stale" time="0.006" /><testcase classname="tests.test_feature_2_9_resume_stale.TestStaleCheckpointRejection" name="test_valid_checkpoint_not_stale" time="0.005" /><testcase classname="tests.test_feature_2_9_resume_stale.TestStaleCheckpointRejection" name="test_stale_reasons_are_strings" time="0.006" /><testcase classname="tests.test_feature_2_9_resume_stale.TestStaleCheckpointRejection" name="test_missing_checkpoint_file_is_invalid" time="0.004" /><testcase classname="tests.test_feature_2_9_resume_valid.TestResumeValidationConditions" name="test_condition_1_pass_status_required" time="0.008" /><testcase classname="tests.test_feature_2_9_resume_valid.TestResumeValidationConditions" name="test_condition_1_fail_status_rejected" time="0.006" /><testcase classname="tests.test_feature_2_9_resume_valid.TestResumeValidationConditions" name="test_condition_2_resume_eligible_true" time="0.006" /><testcase classname="tests.test_feature_2_9_resume_valid.TestResumeValidationConditions" name="test_condition_3_config_hash_match" time="0.005" /><testcase classname="tests.test_feature_2_9_resume_valid.TestResumeValidationConditions" name="test_condition_4_scientific_hash_match" time="0.005" /><testcase classname="tests.test_feature_2_9_resume_valid.TestResumeValidationConditions" name="test_condition_5_execution_hash_match" time="0.006" /><testcase classname="tests.test_feature_2_9_resume_valid.TestResumeValidationConditions" name="test_condition_6_git_commit_match" time="0.006" /><testcase classname="tests.test_feature_2_9_resume_valid.TestResumeValidationConditions" name="test_condition_7_working_tree_not_dirty" time="0.006" /><testcase classname="tests.test_feature_2_9_resume_valid.TestResumeValidationConditions" name="test_condition_8_stage_impl_hash_match" time="0.008" /><testcase classname="tests.test_feature_2_9_resume_valid.TestResumeValidationConditions" name="test_condition_9_source_component_hash_match" time="0.008" /><testcase classname="tests.test_feature_2_9_resume_valid.TestResumeValidationConditions" name="test_condition_10_environment_fingerprint_match" time="0.008" /><testcase classname="tests.test_feature_2_9_resume_valid.TestResumeValidationConditions" name="test_all_10_conditions_pass_returns_valid" time="0.008" /><testcase classname="tests.test_feature_2_9_resume_valid.TestResumeValidationConditions" name="test_stale_reasons_list_defined" time="0.003" /><testcase classname="tests.test_feature_2_9_resume_valid.TestResumeValidationConditions" name="test_returns_tuple_format" time="0.006" /><testcase classname="tests.test_feature_2_9_run_lock.TestRunLockManager" name="test_acquire_creates_lock_file" time="0.007" /><testcase classname="tests.test_feature_2_9_run_lock.TestRunLockManager" name="test_acquire_returns_tuple_on_success" time="0.006" /><testcase classname="tests.test_feature_2_9_run_lock.TestRunLockManager" name="test_acquire_returns_false_if_already_held" time="0.016" /><testcase classname="tests.test_feature_2_9_run_lock.TestRunLockManager" name="test_release_removes_lock_file" time="0.014" /><testcase classname="tests.test_feature_2_9_run_lock.TestRunLockManager" name="test_release_returns_false_if_not_held" time="0.005" /><testcase classname="tests.test_feature_2_9_run_lock.TestRunLockManager" name="test_stale_lock_with_wrong_pid" time="0.028" /><testcase classname="tests.test_feature_2_9_run_lock.TestRunLockManager" name="test_check_returns_tuple" time="0.019" /><testcase classname="tests.test_feature_2_9_run_lock.TestRunLockManager" name="test_check_returns_false_when_not_locked" time="0.005" /><testcase classname="tests.test_feature_2_9_run_lock.TestRunLockManager" name="test_lock_file_contains_pid" time="0.014" /><testcase classname="tests.test_feature_2_9_run_lock.TestRunLockManager" name="test_lock_file_contains_hostname" time="0.016" /><testcase classname="tests.test_feature_2_9_run_lock.TestRunLockManager" name="test_lock_file_contains_mode" time="0.015" /><testcase classname="tests.test_feature_2_9_run_lock.TestRunLockManager" name="test_lock_file_contains_start_time" time="0.015" /><testcase classname="tests.test_feature_2_9_run_lock.TestRunLockManager" name="test_reacquire_after_release" time="0.016" /><testcase classname="tests.test_feature_2_9_run_lock.TestRunLockManager" name="test_multiple_run_ids_independent" time="0.026" /><testcase classname="tests.test_feature_2_9_run_manifest.TestRunManifest" name="test_has_run_id" time="0.001" /><testcase classname="tests.test_feature_2_9_run_manifest.TestRunManifest" name="test_has_mode" time="0.001" /><testcase classname="tests.test_feature_2_9_run_manifest.TestRunManifest" name="test_has_repository_root" time="0.001" /><testcase classname="tests.test_feature_2_9_run_manifest.TestRunManifest" name="test_has_dry_run" time="0.001" /><testcase classname="tests.test_feature_2_9_run_manifest.TestRunManifest" name="test_has_resume_requested" time="0.001" /><testcase classname="tests.test_feature_2_9_run_manifest.TestRunManifest" name="test_has_started_at" time="0.001" /><testcase classname="tests.test_feature_2_9_run_manifest.TestRunManifest" name="test_has_ended_at" time="0.001" /><testcase classname="tests.test_feature_2_9_run_manifest.TestRunManifest" name="test_has_duration_seconds" time="0.001" /><testcase classname="tests.test_feature_2_9_run_manifest.TestRunManifest" name="test_has_status" time="0.001" /><testcase classname="tests.test_feature_2_9_run_manifest.TestRunManifest" name="test_has_stage_counts" time="0.001" /><testcase classname="tests.test_feature_2_9_run_manifest.TestRunManifest" name="test_has_git_commit" time="0.001" /><testcase classname="tests.test_feature_2_9_run_manifest.TestRunManifest" name="test_has_working_tree_dirty" time="0.001" /><testcase classname="tests.test_feature_2_9_run_manifest.TestRunManifest" name="test_has_full_config_hash" time="0.001" /><testcase classname="tests.test_feature_2_9_run_manifest.TestRunManifest" name="test_has_scientific_config_hash" time="0.001" /><testcase classname="tests.test_feature_2_9_run_manifest.TestRunManifest" name="test_has_warnings_list" time="0.001" /><testcase classname="tests.test_feature_2_9_run_manifest.TestRunManifest" name="test_has_blockers_list" time="0.001" /><testcase classname="tests.test_feature_2_9_run_manifest.TestRunManifest" name="test_has_scientific_flags_defaults_false" time="0.001" /><testcase classname="tests.test_feature_2_9_run_manifest.TestRunManifest" name="test_to_dict_returns_dict" time="0.001" /><testcase classname="tests.test_feature_2_9_run_manifest.TestRunManifest" name="test_from_dict_restores_manifest" time="0.001" /><testcase classname="tests.test_feature_2_9_run_manifest.TestRunManifest" name="test_status_defaults_to_fail" time="0.001" /><testcase classname="tests.test_feature_2_9_run_manifest.TestRunManifest" name="test_phase2_scientific_flags_consistent" time="0.001" /><testcase classname="tests.test_feature_2_9_safe_defaults" name="test_default_mode_is_validate" time="0.041" /><testcase classname="tests.test_feature_2_9_safe_defaults" name="test_training_default_false" time="0.003" /><testcase classname="tests.test_feature_2_9_safe_defaults" name="test_tuning_default_false" time="0.004" /><testcase classname="tests.test_feature_2_9_safe_defaults" name="test_final_test_default_false" time="0.004" /><testcase classname="tests.test_feature_2_9_safe_defaults" name="test_auto_retrain_false" time="0.003" /><testcase classname="tests.test_feature_2_9_safe_defaults" name="test_shap_default_false" time="0.003" /><testcase classname="tests.test_feature_2_9_safe_defaults" name="test_no_absolute_path_in_defaults" time="0.003" /><testcase classname="tests.test_feature_2_9_shap_guard.TestSHAPGuard" name="test_guard_has_evaluate_method" time="0.001" /><testcase classname="tests.test_feature_2_9_shap_guard.TestSHAPGuard" name="test_allowed_returns_true" time="0.001" /><testcase classname="tests.test_feature_2_9_shap_guard.TestSHAPGuard" name="test_denied_returns_false" time="0.001" /><testcase classname="tests.test_feature_2_9_shap_guard.TestSHAPGuard" name="test_returns_tuple" time="0.001" /><testcase classname="tests.test_feature_2_9_shap_guard.TestSHAPGuard" name="test_guard_name" time="0.001" /><testcase classname="tests.test_feature_2_9_shap_guard.TestSHAPGuard" name="test_phase2_shap_executed_is_false" time="0.001" /><testcase classname="tests.test_feature_2_9_stage_context.TestStageContextConstruction" name="test_context_has_run_id" time="0.001" /><testcase classname="tests.test_feature_2_9_stage_context.TestStageContextConstruction" name="test_context_has_mode" time="0.001" /><testcase classname="tests.test_feature_2_9_stage_context.TestStageContextConstruction" name="test_context_has_repository_root" time="0.001" /><testcase classname="tests.test_feature_2_9_stage_context.TestStageContextConstruction" name="test_context_has_output_root" time="0.001" /><testcase classname="tests.test_feature_2_9_stage_context.TestStageContextConstruction" name="test_context_has_run_directory" time="0.001" /><testcase classname="tests.test_feature_2_9_stage_context.TestStageContextConstruction" name="test_context_has_config" time="0.001" /><testcase classname="tests.test_feature_2_9_stage_context.TestStageContextConstruction" name="test_context_has_permissions" time="0.001" /><testcase classname="tests.test_feature_2_9_stage_context.TestStageContextConstruction" name="test_context_has_input_artifact_paths" time="0.001" /><testcase classname="tests.test_feature_2_9_stage_context.TestStageContextConstruction" name="test_context_has_dry_run_flag" time="0.001" /><testcase classname="tests.test_feature_2_9_stage_context.TestStageContextConstruction" name="test_context_has_resume_flag" time="0.001" /><testcase classname="tests.test_feature_2_9_stage_context.TestStageContextConstruction" name="test_context_has_git_info" time="0.001" /><testcase classname="tests.test_feature_2_9_stage_context.TestStageContextConstruction" name="test_context_has_environment_snapshot" time="0.001" /><testcase classname="tests.test_feature_2_9_stage_context.TestStageContextConstruction" name="test_context_to_dict_serialization" time="0.001" /><testcase classname="tests.test_feature_2_9_stage_dependency_graph" name="test_no_dependency_cycle" time="0.001" /><testcase classname="tests.test_feature_2_9_stage_dependency_graph" name="test_p70_depends_on_p65" time="0.001" /><testcase classname="tests.test_feature_2_9_stage_dependency_graph" name="test_p65_depends_on_p60" time="0.001" /><testcase classname="tests.test_feature_2_9_stage_lifecycle.TestStageStatusEnum" name="test_stage_status_is_string" time="0.001" /><testcase classname="tests.test_feature_2_9_stage_lifecycle.TestStageStatusEnum" name="test_stage_status_distinct_values" time="0.001" /><testcase classname="tests.test_feature_2_9_stage_lifecycle.TestStageStatusEnum" name="test_no_single_boolean_status" time="0.001" /><testcase classname="tests.test_feature_2_9_stage_lifecycle.TestStageLifecycleTransitions" name="test_stage_result_is_pass_true" time="0.001" /><testcase classname="tests.test_feature_2_9_stage_lifecycle.TestStageLifecycleTransitions" name="test_stage_result_is_pass_with_warnings_true" time="0.003" /><testcase classname="tests.test_feature_2_9_stage_lifecycle.TestStageLifecycleTransitions" name="test_stage_result_is_pass_false_for_fail" time="0.003" /><testcase classname="tests.test_feature_2_9_stage_lifecycle.TestStageLifecycleTransitions" name="test_stage_result_is_pass_false_for_running" time="0.002" /><testcase classname="tests.test_feature_2_9_stage_lifecycle.TestStageLifecycleTransitions" name="test_stage_result_captures_warnings" time="0.001" /><testcase classname="tests.test_feature_2_9_stage_lifecycle.TestStageLifecycleTransitions" name="test_stage_result_captures_blockers" time="0.002" /><testcase classname="tests.test_feature_2_9_stage_lifecycle.TestStageLifecycleTransitions" name="test_stage_result_duration_computed" time="0.003" /><testcase classname="tests.test_feature_2_9_stage_lifecycle.TestStageLifecycleTransitions" name="test_checkpoint_stores_warnings" time="0.002" /><testcase classname="tests.test_feature_2_9_stage_lifecycle.TestStageResultContract" name="test_stage_result_has_required_fields" time="0.001" /><testcase classname="tests.test_feature_2_9_stage_lifecycle.TestStageResultContract" name="test_scientific_action_flags_default_false" time="0.001" /><testcase classname="tests.test_feature_2_9_stage_lifecycle.TestStageResultContract" name="test_checkpoint_schema_fields" time="0.001" /><testcase classname="tests.test_feature_2_9_stage_order" name="test_stage_order_validation_pass" time="0.001" /><testcase classname="tests.test_feature_2_9_stage_order" name="test_final_test_after_champion_lock" time="0.001" /><testcase classname="tests.test_feature_2_9_stage_order" name="test_p99_is_last" time="0.001" /><testcase classname="tests.test_feature_2_9_stage_registry" name="test_registry_exists" time="0.001" /><testcase classname="tests.test_feature_2_9_stage_registry" name="test_stage_count" time="0.001" /><testcase classname="tests.test_feature_2_9_stage_registry" name="test_only_p50_can_train" time="0.002" /><testcase classname="tests.test_feature_2_9_stage_registry" name="test_only_p70_uses_final_test" time="0.001" /><testcase classname="tests.test_feature_2_9_stage_registry" name="test_p90_cannot_train" time="0.001" /><testcase classname="tests.test_feature_2_9_stage_registry" name="test_p98_cannot_train" time="0.001" /><testcase classname="tests.test_feature_2_9_stage_registry" name="test_p99_no_side_effects" time="0.001" /><testcase classname="tests.test_feature_2_9_stage_result.TestStageResultContract" name="test_contract_has_stage_id" time="0.001" /><testcase classname="tests.test_feature_2_9_stage_result.TestStageResultContract" name="test_contract_has_status" time="0.001" /><testcase classname="tests.test_feature_2_9_stage_result.TestStageResultContract" name="test_contract_has_started_at" time="0.001" /><testcase classname="tests.test_feature_2_9_stage_result.TestStageResultContract" name="test_contract_has_ended_at" time="0.001" /><testcase classname="tests.test_feature_2_9_stage_result.TestStageResultContract" name="test_contract_has_duration_seconds" time="0.001" /><testcase classname="tests.test_feature_2_9_stage_result.TestStageResultContract" name="test_contract_has_exit_code" time="0.001" /><testcase classname="tests.test_feature_2_9_stage_result.TestStageResultContract" name="test_contract_has_command" time="0.001" /><testcase classname="tests.test_feature_2_9_stage_result.TestStageResultContract" name="test_contract_has_python_callable" time="0.001" /><testcase classname="tests.test_feature_2_9_stage_result.TestStageResultContract" name="test_contract_has_inputs" time="0.001" /><testcase classname="tests.test_feature_2_9_stage_result.TestStageResultContract" name="test_contract_has_outputs" time="0.001" /><testcase classname="tests.test_feature_2_9_stage_result.TestStageResultContract" name="test_contract_has_warnings" time="0.001" /><testcase classname="tests.test_feature_2_9_stage_result.TestStageResultContract" name="test_contract_has_blockers" time="0.001" /><testcase classname="tests.test_feature_2_9_stage_result.TestStageResultContract" name="test_contract_has_metrics" time="0.001" /><testcase classname="tests.test_feature_2_9_stage_result.TestStageResultContract" name="test_contract_has_training_executed_flag" time="0.001" /><testcase classname="tests.test_feature_2_9_stage_result.TestStageResultContract" name="test_contract_has_tuning_executed_flag" time="0.001" /><testcase classname="tests.test_feature_2_9_stage_result.TestStageResultContract" name="test_contract_has_preprocessing_fit_executed_flag" time="0.001" /><testcase classname="tests.test_feature_2_9_stage_result.TestStageResultContract" name="test_contract_has_final_test_executed_flag" time="0.001" /><testcase classname="tests.test_feature_2_9_stage_result.TestStageResultContract" name="test_contract_has_shap_executed_flag" time="0.001" /><testcase classname="tests.test_feature_2_9_stage_result.TestStageResultContract" name="test_contract_has_packaging_executed_flag" time="0.001" /><testcase classname="tests.test_feature_2_9_stage_result.TestStageResultContract" name="test_contract_has_stdout_path" time="0.001" /><testcase classname="tests.test_feature_2_9_stage_result.TestStageResultContract" name="test_contract_has_stderr_path" time="0.001" /><testcase classname="tests.test_feature_2_9_stage_result.TestStageResultContract" name="test_contract_serializes_to_dict" time="0.001" /><testcase classname="tests.test_feature_2_9_stage_result.TestStageResultContract" name="test_contract_deserializes_from_dict" time="0.001" /><testcase classname="tests.test_feature_2_9_stage_result.TestStageResultContract" name="test_adapter_cannot_claim_pass_on_exception" time="0.001" /><testcase classname="tests.test_feature_2_9_stage_result.TestStageResultContract" name="test_adapter_cannot_claim_pass_on_nonzero_exit" time="0.001" /><testcase classname="tests.test_feature_2_9_subprocess_adapter.TestSubprocessAdapter" name="test_dry_run_returns_pass" time="0.007" /><testcase classname="tests.test_feature_2_9_subprocess_adapter.TestSubprocessAdapter" name="test_missing_script_returns_fail" time="0.064" /><testcase classname="tests.test_feature_2_9_subprocess_adapter.TestSubprocessAdapter" name="test_successful_command_returns_pass" time="0.069" /><testcase classname="tests.test_feature_2_9_subprocess_adapter.TestSubprocessAdapter" name="test_failing_command_returns_fail" time="0.071" /><testcase classname="tests.test_feature_2_9_subprocess_adapter.TestSubprocessAdapter" name="test_stdout_captured" time="0.114" /><testcase classname="tests.test_feature_2_9_subprocess_adapter.TestSubprocessAdapter" name="test_stderr_captured_on_failure" time="0.124" /><testcase classname="tests.test_feature_2_9_subprocess_adapter.TestSubprocessAdapter" name="test_command_field_populated" time="0.127" /><testcase classname="tests.test_feature_2_9_subprocess_adapter.TestSubprocessAdapter" name="test_no_shell_true_by_default" time="0.009" /><testcase classname="tests.test_feature_2_9_subprocess_adapter.TestSubprocessAdapter" name="test_subprocess_uses_list_not_string" time="0.007" /><testcase classname="tests.test_feature_2_9_subprocess_timeout.TestSubprocessTimeout" name="test_timeout_returns_fail" time="1.040" /><testcase classname="tests.test_feature_2_9_subprocess_timeout.TestSubprocessTimeout" name="test_timeout_writes_stderr" time="1.023" /><testcase classname="tests.test_feature_2_9_subprocess_timeout.TestSubprocessTimeout" name="test_timeout_uses_stage_timeout" time="0.008" /><testcase classname="tests.test_feature_2_9_training_guard.TestTrainingGuard" name="test_guard_has_evaluate_method" time="0.001" /><testcase classname="tests.test_feature_2_9_training_guard.TestTrainingGuard" name="test_allowed_returns_true" time="0.001" /><testcase classname="tests.test_feature_2_9_training_guard.TestTrainingGuard" name="test_denied_returns_false" time="0.001" /><testcase classname="tests.test_feature_2_9_training_guard.TestTrainingGuard" name="test_denied_reason_is_string" time="0.001" /><testcase classname="tests.test_feature_2_9_training_guard.TestTrainingGuard" name="test_denied_returns_evidence" time="0.001" /><testcase classname="tests.test_feature_2_9_training_guard.TestTrainingGuard" name="test_returns_tuple_of_three" time="0.001" /><testcase classname="tests.test_feature_2_9_training_guard.TestTrainingGuard" name="test_wrong_mode_denied" time="0.001" /><testcase classname="tests.test_feature_2_9_training_guard.TestTrainingGuard" name="test_guard_name" time="0.001" /><testcase classname="tests.test_feature_2_9_training_guard.TestTrainingGuard" name="test_phase2_training_executed_is_false" time="0.001" /><testcase classname="tests.test_feature_2_9_training_guard.TestTrainingGuard" name="test_evidence_contains_config" time="0.001" /><testcase classname="tests.test_feature_2_9_tuning_guard.TestTuningGuard" name="test_guard_has_evaluate_method" time="0.001" /><testcase classname="tests.test_feature_2_9_tuning_guard.TestTuningGuard" name="test_allowed_returns_true" time="0.001" /><testcase classname="tests.test_feature_2_9_tuning_guard.TestTuningGuard" name="test_denied_returns_false" time="0.001" /><testcase classname="tests.test_feature_2_9_tuning_guard.TestTuningGuard" name="test_returns_tuple" time="0.001" /><testcase classname="tests.test_feature_2_9_tuning_guard.TestTuningGuard" name="test_guard_name" time="0.001" /><testcase classname="tests.test_feature_2_9_tuning_guard.TestTuningGuard" name="test_phase2_tuning_executed_is_false" time="0.001" /><testcase classname="tests.test_feature_2_9_upstream_gate" name="test_upstream_gate_file_exists" time="0.001" /><testcase classname="tests.test_feature_2_9_upstream_gate" name="test_upstream_gate_has_f28_status" time="0.001" /></testsuite></testsuites>