<?xml version="1.0" encoding="utf-8"?><testsuites name="pytest tests"><testsuite name="pytest" errors="0" failures="0" skipped="0" tests="241" time="2.262" timestamp="2026-08-04T08:14:56.835882+07:00" hostname="MinhJiDo"><testcase classname="epic3.feature_3_1_artifact_validation.tests_support.test_feature_3_1_benchmark_batch" name="test_batch_results_present" time="0.001" /><testcase classname="epic3.feature_3_1_artifact_validation.tests_support.test_feature_3_1_benchmark_batch" name="test_batch_1_present" time="0.000" /><testcase classname="epic3.feature_3_1_artifact_validation.tests_support.test_feature_3_1_benchmark_batch" name="test_batch_100_present" time="0.000" /><testcase classname="epic3.feature_3_1_artifact_validation.tests_support.test_feature_3_1_benchmark_batch" name="test_batch_per_record_median_reasonable" time="0.000" /><testcase classname="epic3.feature_3_1_artifact_validation.tests_support.test_feature_3_1_benchmark_config" name="test_config_file_exists" time="0.001" /><testcase classname="epic3.feature_3_1_artifact_validation.tests_support.test_feature_3_1_benchmark_config" name="test_timer_is_perf_counter" time="0.000" /><testcase classname="epic3.feature_3_1_artifact_validation.tests_support.test_feature_3_1_benchmark_config" name="test_warm_up_defined" time="0.000" /><testcase classname="epic3.feature_3_1_artifact_validation.tests_support.test_feature_3_1_benchmark_config" name="test_measured_single_defined" time="0.000" /><testcase classname="epic3.feature_3_1_artifact_validation.tests_support.test_feature_3_1_benchmark_config" name="test_fresh_process_load_runs" time="0.000" /><testcase classname="epic3.feature_3_1_artifact_validation.tests_support.test_feature_3_1_benchmark_config" name="test_batch_sizes_defined" time="0.001" /><testcase classname="epic3.feature_3_1_artifact_validation.tests_support.test_feature_3_1_benchmark_config" name="test_gc_policy_disabled" time="0.000" /><testcase classname="epic3.feature_3_1_artifact_validation.tests_support.test_feature_3_1_benchmark_config" name="test_input_source_canonical" time="0.000" /><testcase classname="epic3.feature_3_1_artifact_validation.tests_support.test_feature_3_1_benchmark_first_prediction" name="test_first_prediction_has_median" time="0.000" /><testcase classname="epic3.feature_3_1_artifact_validation.tests_support.test_feature_3_1_benchmark_first_prediction" name="test_first_prediction_median_greater_than_warm" time="0.000" /><testcase classname="epic3.feature_3_1_artifact_validation.tests_support.test_feature_3_1_benchmark_load" name="test_cold_load_measured" time="0.001" /><testcase classname="epic3.feature_3_1_artifact_validation.tests_support.test_feature_3_1_benchmark_load" name="test_cold_load_has_median" time="0.000" /><testcase classname="epic3.feature_3_1_artifact_validation.tests_support.test_feature_3_1_benchmark_load" name="test_first_prediction_measured" time="0.000" /><testcase classname="epic3.feature_3_1_artifact_validation.tests_support.test_feature_3_1_benchmark_no_mutation" name="test_training_executed_false" time="0.000" /><testcase classname="epic3.feature_3_1_artifact_validation.tests_support.test_feature_3_1_benchmark_no_mutation" name="test_refit_executed_false" time="0.000" /><testcase classname="epic3.feature_3_1_artifact_validation.tests_support.test_feature_3_1_benchmark_no_mutation" name="test_hash_unchanged" time="0.000" /><testcase classname="epic3.feature_3_1_artifact_validation.tests_support.test_feature_3_1_benchmark_no_mutation" name="test_model_hash_matches_canonical" time="0.004" /><testcase classname="epic3.feature_3_1_artifact_validation.tests_support.test_feature_3_1_benchmark_prediction_consistency" name="test_prediction_consistency_valid" time="0.001" /><testcase classname="epic3.feature_3_1_artifact_validation.tests_support.test_feature_3_1_benchmark_prediction_consistency" name="test_target_latency_not_claimed" time="0.000" /><testcase classname="epic3.feature_3_1_artifact_validation.tests_support.test_feature_3_1_benchmark_single" name="test_warm_single_measured" time="0.000" /><testcase classname="epic3.feature_3_1_artifact_validation.tests_support.test_feature_3_1_benchmark_single" name="test_warm_single_has_p95" time="0.000" /><testcase classname="epic3.feature_3_1_artifact_validation.tests_support.test_feature_3_1_benchmark_single" name="test_warm_single_has_p99" time="0.000" /><testcase classname="epic3.feature_3_1_artifact_validation.tests_support.test_feature_3_1_benchmark_single" name="test_warm_single_median_positive" time="0.000" /><testcase classname="epic3.feature_3_1_artifact_validation.tests_support.test_feature_3_1_benchmark_single" name="test_warm_single_usable_for_development" time="0.001" /><testcase classname="epic3.feature_3_1_artifact_validation.tests_support.test_feature_3_1_benchmark_statistics" name="test_status_pass" time="0.000" /><testcase classname="epic3.feature_3_1_artifact_validation.tests_support.test_feature_3_1_benchmark_statistics" name="test_no_blockers" time="0.000" /><testcase classname="epic3.feature_3_1_artifact_validation.tests_support.test_feature_3_1_benchmark_statistics" name="test_training_executed_false" time="0.000" /><testcase classname="epic3.feature_3_1_artifact_validation.tests_support.test_feature_3_1_benchmark_statistics" name="test_refit_executed_false" time="0.000" /><testcase classname="epic3.feature_3_1_artifact_validation.tests_support.test_feature_3_1_benchmark_statistics" name="test_source_artifacts_modified_false" time="0.000" /><testcase classname="epic3.feature_3_1_artifact_validation.tests_support.test_feature_3_1_benchmark_statistics" name="test_prediction_consistency_valid" time="0.000" /><testcase classname="epic3.feature_3_1_artifact_validation.tests_support.test_feature_3_1_benchmark_statistics" name="test_memory_not_measured" time="0.000" /><testcase classname="epic3.feature_3_1_artifact_validation.tests_support.test_feature_3_1_benchmark_statistics" name="test_target_latency_not_defined" time="0.000" /><testcase classname="epic3.feature_3_1_artifact_validation.tests_support.test_feature_3_1_benchmark_timer" name="test_uses_perf_counter" time="0.001" /><testcase classname="epic3.feature_3_1_artifact_validation.tests_support.test_feature_3_1_example_expected_output" name="test_prediction_matches_expected" time="0.001" /><testcase classname="epic3.feature_3_1_artifact_validation.tests_support.test_feature_3_1_example_expected_output" name="test_expected_prediction" time="0.000" /><testcase classname="epic3.feature_3_1_artifact_validation.tests_support.test_feature_3_1_example_expected_output" name="test_tolerance" time="0.000" /><testcase classname="epic3.feature_3_1_artifact_validation.tests_support.test_feature_3_1_example_input_schema" name="test_validation_status" time="0.000" /><testcase classname="epic3.feature_3_1_artifact_validation.tests_support.test_feature_3_1_example_input_schema" name="test_field_count_18" time="0.000" /><testcase classname="epic3.feature_3_1_artifact_validation.tests_support.test_feature_3_1_example_input_schema" name="test_all_fields_present" time="0.000" /><testcase classname="epic3.feature_3_1_artifact_validation.tests_support.test_feature_3_1_example_input_schema" name="test_target_excluded" time="0.000" /><testcase classname="epic3.feature_3_1_artifact_validation.tests_support.test_feature_3_1_example_input_schema" name="test_no_unknown_fields" time="0.000" /><testcase classname="epic3.feature_3_1_artifact_validation.tests_support.test_feature_3_1_example_input_schema" name="test_all_range_checks_pass" time="0.001" /><testcase classname="epic3.feature_3_1_artifact_validation.tests_support.test_feature_3_1_example_input_schema" name="test_all_category_checks_pass" time="0.000" /><testcase classname="epic3.feature_3_1_artifact_validation.tests_support.test_feature_3_1_example_input_schema" name="test_no_blockers" time="0.000" /><testcase classname="epic3.feature_3_1_artifact_validation.tests_support.test_feature_3_1_example_output_schema" name="test_validation_status" time="0.000" /><testcase classname="epic3.feature_3_1_artifact_validation.tests_support.test_feature_3_1_example_output_schema" name="test_prediction_raw" time="0.000" /><testcase classname="epic3.feature_3_1_artifact_validation.tests_support.test_feature_3_1_example_output_schema" name="test_prediction_clipped" time="0.000" /><testcase classname="epic3.feature_3_1_artifact_validation.tests_support.test_feature_3_1_example_output_schema" name="test_prediction_display" time="0.000" /><testcase classname="epic3.feature_3_1_artifact_validation.tests_support.test_feature_3_1_example_output_schema" name="test_finite_prediction" time="0.000" /><testcase classname="epic3.feature_3_1_artifact_validation.tests_support.test_feature_3_1_example_output_schema" name="test_clipped_display_consistency" time="0.000" /><testcase classname="epic3.feature_3_1_artifact_validation.tests_support.test_feature_3_1_example_output_schema" name="test_model_version_check" time="0.001" /><testcase classname="epic3.feature_3_1_artifact_validation.tests_support.test_feature_3_1_example_output_schema" name="test_no_blockers" time="0.000" /><testcase classname="epic3.feature_3_1_artifact_validation.tests_support.test_feature_3_1_example_prediction" name="test_prediction_executed" time="0.001" /><testcase classname="epic3.feature_3_1_artifact_validation.tests_support.test_feature_3_1_example_prediction" name="test_prediction_matches_expected" time="0.000" /><testcase classname="epic3.feature_3_1_artifact_validation.tests_support.test_feature_3_1_example_prediction" name="test_prediction_raw" time="0.000" /><testcase classname="epic3.feature_3_1_artifact_validation.tests_support.test_feature_3_1_example_prediction" name="test_prediction_clipped" time="0.000" /><testcase classname="epic3.feature_3_1_artifact_validation.tests_support.test_feature_3_1_example_prediction" name="test_prediction_display" time="0.000" /><testcase classname="epic3.feature_3_1_artifact_validation.tests_support.test_feature_3_1_example_prediction" name="test_status_pass" time="0.000" /><testcase classname="epic3.feature_3_1_artifact_validation.tests_support.test_feature_3_1_example_prediction" name="test_model_version_matches" time="0.000" /><testcase classname="epic3.feature_3_1_artifact_validation.tests_support.test_feature_3_1_example_prediction" name="test_no_nan_inf" time="0.001" /><testcase classname="epic3.feature_3_1_artifact_validation.tests_support.test_feature_3_1_example_prediction" name="test_hash_unchanged" time="0.000" /><testcase classname="epic3.feature_3_1_artifact_validation.tests_support.test_feature_3_1_example_prediction" name="test_no_fit_calls" time="0.000" /><testcase classname="epic3.feature_3_1_artifact_validation.tests_support.test_feature_3_1_feature_count_consistency" name="test_consistency_status_pass" time="0.000" /><testcase classname="epic3.feature_3_1_artifact_validation.tests_support.test_feature_3_1_feature_count_consistency" name="test_raw_input_count_is_18" time="0.000" /><testcase classname="epic3.feature_3_1_artifact_validation.tests_support.test_feature_3_1_feature_count_consistency" name="test_selected_count_is_31" time="0.000" /><testcase classname="epic3.feature_3_1_artifact_validation.tests_support.test_feature_3_1_feature_count_consistency" name="test_transformed_count_is_49" time="0.000" /><testcase classname="epic3.feature_3_1_artifact_validation.tests_support.test_feature_3_1_feature_count_consistency" name="test_all_counts_distinct" time="0.003" /><testcase classname="epic3.feature_3_1_artifact_validation.tests_support.test_feature_3_1_feature_count_consistency" name="test_target_excluded" time="0.000" /><testcase classname="epic3.feature_3_1_artifact_validation.tests_support.test_feature_3_1_feature_count_consistency" name="test_identifier_excluded" time="0.000" /><testcase classname="epic3.feature_3_1_artifact_validation.tests_support.test_feature_3_1_feature_count_consistency" name="test_all_consistency_checks_pass" time="0.000" /><testcase classname="epic3.feature_3_1_artifact_validation.tests_support.test_feature_3_1_feature_count_consistency" name="test_feature_mapping_49_entries" time="0.000" /><testcase classname="epic3.feature_3_1_artifact_validation.tests_support.test_feature_3_1_feature_layers" name="test_feature_names_layer_is_transformed" time="0.000" /><testcase classname="epic3.feature_3_1_artifact_validation.tests_support.test_feature_3_1_feature_layers" name="test_selected_features_layer_is_selected_engineered" time="0.000" /><testcase classname="epic3.feature_3_1_artifact_validation.tests_support.test_feature_3_1_feature_layers" name="test_layers_are_distinct" time="0.000" /><testcase classname="epic3.feature_3_1_artifact_validation.tests_support.test_feature_3_1_feature_layers" name="test_selected_count_greater_than_raw" time="0.000" /><testcase classname="epic3.feature_3_1_artifact_validation.tests_support.test_feature_3_1_feature_layers" name="test_transformed_count_greater_than_selected" time="0.001" /><testcase classname="epic3.feature_3_1_artifact_validation.tests_support.test_feature_3_1_feature_layers" name="test_no_layer_confusion" time="0.001" /><testcase classname="epic3.feature_3_1_artifact_validation.tests_support.test_feature_3_1_feature_names" name="test_file_exists" time="0.000" /><testcase classname="epic3.feature_3_1_artifact_validation.tests_support.test_feature_3_1_feature_names" name="test_parseable" time="0.000" /><testcase classname="epic3.feature_3_1_artifact_validation.tests_support.test_feature_3_1_feature_names" name="test_model_matrix_width" time="0.000" /><testcase classname="epic3.feature_3_1_artifact_validation.tests_support.test_feature_3_1_feature_names" name="test_feature_name_count" time="0.000" /><testcase classname="epic3.feature_3_1_artifact_validation.tests_support.test_feature_3_1_feature_names" name="test_validation_file" time="0.000" /><testcase classname="epic3.feature_3_1_artifact_validation.tests_support.test_feature_3_1_feature_names" name="test_layer_resolved" time="0.000" /><testcase classname="epic3.feature_3_1_artifact_validation.tests_support.test_feature_3_1_feature_names" name="test_no_empty_names" time="0.000" /><testcase classname="epic3.feature_3_1_artifact_validation.tests_support.test_feature_3_1_feature_names" name="test_no_duplicates" time="0.001" /><testcase classname="epic3.feature_3_1_artifact_validation.tests_support.test_feature_3_1_feature_names" name="test_has_onehot_features" time="0.000" /><testcase classname="epic3.feature_3_1_artifact_validation.tests_support.test_feature_3_1_feature_names" name="test_has_interaction_features" time="0.000" /><testcase classname="epic3.feature_3_1_artifact_validation.tests_support.test_feature_3_1_inference_no_refit" name="test_validation_status" time="0.001" /><testcase classname="epic3.feature_3_1_artifact_validation.tests_support.test_feature_3_1_inference_no_refit" name="test_fit_count_zero" time="0.000" /><testcase classname="epic3.feature_3_1_artifact_validation.tests_support.test_feature_3_1_inference_no_refit" name="test_fit_transform_count_zero" time="0.000" /><testcase classname="epic3.feature_3_1_artifact_validation.tests_support.test_feature_3_1_inference_no_refit" name="test_partial_fit_count_zero" time="0.000" /><testcase classname="epic3.feature_3_1_artifact_validation.tests_support.test_feature_3_1_inference_no_refit" name="test_no_training" time="0.000" /><testcase classname="epic3.feature_3_1_artifact_validation.tests_support.test_feature_3_1_inference_no_refit" name="test_hash_unchanged" time="0.000" /><testcase classname="epic3.feature_3_1_artifact_validation.tests_support.test_feature_3_1_input_schema_fields" name="test_all_fields_pass" time="0.001" /><testcase classname="epic3.feature_3_1_artifact_validation.tests_support.test_feature_3_1_input_schema_fields" name="test_field_count_18" time="0.000" /><testcase classname="epic3.feature_3_1_artifact_validation.tests_support.test_feature_3_1_input_schema_fields" name="test_all_required" time="0.000" /><testcase classname="epic3.feature_3_1_artifact_validation.tests_support.test_feature_3_1_input_schema_fields" name="test_all_nullable" time="0.000" /><testcase classname="epic3.feature_3_1_artifact_validation.tests_support.test_feature_3_1_input_schema_fields" name="test_all_have_default_policy" time="0.000" /><testcase classname="epic3.feature_3_1_artifact_validation.tests_support.test_feature_3_1_input_schema_fields" name="test_danceability_range" time="0.000" /><testcase classname="epic3.feature_3_1_artifact_validation.tests_support.test_feature_3_1_input_schema_fields" name="test_tempo_range" time="0.000" /><testcase classname="epic3.feature_3_1_artifact_validation.tests_support.test_feature_3_1_input_schema_fields" name="test_loudness_range" time="0.000" /><testcase classname="epic3.feature_3_1_artifact_validation.tests_support.test_feature_3_1_input_schema_fields" name="test_release_month_range" time="0.000" /><testcase classname="epic3.feature_3_1_artifact_validation.tests_support.test_feature_3_1_input_schema_fields" name="test_release_precision_categories" time="0.000" /><testcase classname="epic3.feature_3_1_artifact_validation.tests_support.test_feature_3_1_input_schema_fields" name="test_key_range" time="0.001" /><testcase classname="epic3.feature_3_1_artifact_validation.tests_support.test_feature_3_1_input_schema_fields" name="test_canonical_order" time="0.000" /><testcase classname="epic3.feature_3_1_artifact_validation.tests_support.test_feature_3_1_input_schema_parse" name="test_input_schema_file_exists" time="0.000" /><testcase classname="epic3.feature_3_1_artifact_validation.tests_support.test_feature_3_1_input_schema_parse" name="test_input_schema_parseable" time="0.000" /><testcase classname="epic3.feature_3_1_artifact_validation.tests_support.test_feature_3_1_input_schema_parse" name="test_schema_id" time="0.000" /><testcase classname="epic3.feature_3_1_artifact_validation.tests_support.test_feature_3_1_input_schema_parse" name="test_schema_version" time="0.000" /><testcase classname="epic3.feature_3_1_artifact_validation.tests_support.test_feature_3_1_input_schema_parse" name="test_has_fields_key" time="0.000" /><testcase classname="epic3.feature_3_1_artifact_validation.tests_support.test_feature_3_1_input_schema_parse" name="test_additional_properties_policy" time="0.000" /><testcase classname="epic3.feature_3_1_artifact_validation.tests_support.test_feature_3_1_input_schema_parse" name="test_validation_file_valid" time="0.000" /><testcase classname="epic3.feature_3_1_artifact_validation.tests_support.test_feature_3_1_input_schema_parse" name="test_field_count_18" time="0.001" /><testcase classname="epic3.feature_3_1_artifact_validation.tests_support.test_feature_3_1_input_schema_target_exclusion" name="test_target_not_in_raw_fields" time="0.001" /><testcase classname="epic3.feature_3_1_artifact_validation.tests_support.test_feature_3_1_input_schema_target_exclusion" name="test_track_id_not_in_raw_fields" time="0.000" /><testcase classname="epic3.feature_3_1_artifact_validation.tests_support.test_feature_3_1_input_schema_target_exclusion" name="test_feature_contract_consistency_target_excluded" time="0.001" /><testcase classname="epic3.feature_3_1_artifact_validation.tests_support.test_feature_3_1_metric_stage_consistency" name="test_consistency_status_pass" time="0.000" /><testcase classname="epic3.feature_3_1_artifact_validation.tests_support.test_feature_3_1_metric_stage_consistency" name="test_model_id_consistent" time="0.000" /><testcase classname="epic3.feature_3_1_artifact_validation.tests_support.test_feature_3_1_metric_stage_consistency" name="test_model_version_consistent" time="0.000" /><testcase classname="epic3.feature_3_1_artifact_validation.tests_support.test_feature_3_1_metric_stage_consistency" name="test_evaluation_split_test" time="0.000" /><testcase classname="epic3.feature_3_1_artifact_validation.tests_support.test_feature_3_1_metric_stage_consistency" name="test_sample_rows_match" time="0.000" /><testcase classname="epic3.feature_3_1_artifact_validation.tests_support.test_feature_3_1_metric_stage_consistency" name="test_mae_matches_residual_stats" time="0.001" /><testcase classname="epic3.feature_3_1_artifact_validation.tests_support.test_feature_3_1_metric_stage_consistency" name="test_mean_residual_match" time="0.000" /><testcase classname="epic3.feature_3_1_artifact_validation.tests_support.test_feature_3_1_metric_stage_consistency" name="test_all_checks_passed" time="0.000" /><testcase classname="epic3.feature_3_1_artifact_validation.tests_support.test_feature_3_1_metric_stage_consistency" name="test_no_blockers" time="0.000" /><testcase classname="epic3.feature_3_1_artifact_validation.tests_support.test_feature_3_1_model_hash_before_after" name="test_artifact_file_exists" time="0.000" /><testcase classname="epic3.feature_3_1_artifact_validation.tests_support.test_feature_3_1_model_hash_before_after" name="test_artifact_hash_matches_known" time="0.003" /><testcase classname="epic3.feature_3_1_artifact_validation.tests_support.test_feature_3_1_model_hash_before_after" name="test_model_load_validation_hash_matches" time="0.002" /><testcase classname="epic3.feature_3_1_artifact_validation.tests_support.test_feature_3_1_model_hash_before_after" name="test_before_after_hash_equal" time="0.001" /><testcase classname="epic3.feature_3_1_artifact_validation.tests_support.test_feature_3_1_model_interface" name="test_pipeline_type" time="0.001" /><testcase classname="epic3.feature_3_1_artifact_validation.tests_support.test_feature_3_1_model_interface" name="test_predict_method_available" time="0.001" /><testcase classname="epic3.feature_3_1_artifact_validation.tests_support.test_feature_3_1_model_interface" name="test_main_api_is_predict_popularity" time="0.001" /><testcase classname="epic3.feature_3_1_artifact_validation.tests_support.test_feature_3_1_model_interface" name="test_champion_pipeline_predict_available" time="0.000" /><testcase classname="epic3.feature_3_1_artifact_validation.tests_support.test_feature_3_1_model_interface" name="test_predict_proba_not_available" time="0.000" /><testcase classname="epic3.feature_3_1_artifact_validation.tests_support.test_feature_3_1_model_interface" name="test_transform_not_available" time="0.000" /><testcase classname="epic3.feature_3_1_artifact_validation.tests_support.test_feature_3_1_model_interface" name="test_model_metadata_in_response" time="0.000" /><testcase classname="epic3.feature_3_1_artifact_validation.tests_support.test_feature_3_1_model_loader" name="test_model_load_validation_file_exists" time="0.000" /><testcase classname="epic3.feature_3_1_artifact_validation.tests_support.test_feature_3_1_model_loader" name="test_model_load_valid" time="0.000" /><testcase classname="epic3.feature_3_1_artifact_validation.tests_support.test_feature_3_1_model_loader" name="test_model_load_duration" time="0.000" /><testcase classname="epic3.feature_3_1_artifact_validation.tests_support.test_feature_3_1_model_loader" name="test_object_type_is_hitradar" time="0.000" /><testcase classname="epic3.feature_3_1_artifact_validation.tests_support.test_feature_3_1_model_loader" name="test_predict_interface_available" time="0.001" /><testcase classname="epic3.feature_3_1_artifact_validation.tests_support.test_feature_3_1_model_loader" name="test_model_id_exposed" time="0.001" /><testcase classname="epic3.feature_3_1_artifact_validation.tests_support.test_feature_3_1_model_loader" name="test_model_version_exposed" time="0.000" /><testcase classname="epic3.feature_3_1_artifact_validation.tests_support.test_feature_3_1_model_loader" name="test_artifact_hash" time="0.000" /><testcase classname="epic3.feature_3_1_artifact_validation.tests_support.test_feature_3_1_model_loader" name="test_hash_unchanged" time="0.000" /><testcase classname="epic3.feature_3_1_artifact_validation.tests_support.test_feature_3_1_model_loader" name="test_loader_is_joblib" time="0.000" /><testcase classname="epic3.feature_3_1_artifact_validation.tests_support.test_feature_3_1_model_metrics_parse" name="test_metrics_validation_file_exists" time="0.000" /><testcase classname="epic3.feature_3_1_artifact_validation.tests_support.test_feature_3_1_model_metrics_parse" name="test_validation_status_pass" time="0.000" /><testcase classname="epic3.feature_3_1_artifact_validation.tests_support.test_feature_3_1_model_metrics_parse" name="test_model_id_matches" time="0.000" /><testcase classname="epic3.feature_3_1_artifact_validation.tests_support.test_feature_3_1_model_metrics_parse" name="test_evaluation_split_is_test" time="0.000" /><testcase classname="epic3.feature_3_1_artifact_validation.tests_support.test_feature_3_1_model_metrics_parse" name="test_test_rows" time="0.002" /><testcase classname="epic3.feature_3_1_artifact_validation.tests_support.test_feature_3_1_model_metrics_parse" name="test_mae_present" time="0.001" /><testcase classname="epic3.feature_3_1_artifact_validation.tests_support.test_feature_3_1_model_metrics_parse" name="test_rmse_present" time="0.000" /><testcase classname="epic3.feature_3_1_artifact_validation.tests_support.test_feature_3_1_model_metrics_parse" name="test_r2_present" time="0.000" /><testcase classname="epic3.feature_3_1_artifact_validation.tests_support.test_feature_3_1_model_metrics_parse" name="test_mae_finite" time="0.000" /><testcase classname="epic3.feature_3_1_artifact_validation.tests_support.test_feature_3_1_model_metrics_parse" name="test_underprediction_plus_overprediction_sum" time="0.001" /><testcase classname="epic3.feature_3_1_artifact_validation.tests_support.test_feature_3_1_model_metrics_parse" name="test_no_blockers" time="0.000" /><testcase classname="epic3.feature_3_1_artifact_validation.tests_support.test_feature_3_1_no_refit" name="test_fit_call_count_zero" time="0.001" /><testcase classname="epic3.feature_3_1_artifact_validation.tests_support.test_feature_3_1_no_refit" name="test_fit_transform_count_zero" time="0.001" /><testcase classname="epic3.feature_3_1_artifact_validation.tests_support.test_feature_3_1_no_refit" name="test_partial_fit_count_zero" time="0.000" /><testcase classname="epic3.feature_3_1_artifact_validation.tests_support.test_feature_3_1_no_refit" name="test_no_refit_status_pass" time="0.000" /><testcase classname="epic3.feature_3_1_artifact_validation.tests_support.test_feature_3_1_no_refit" name="test_validation_status_pass" time="0.000" /><testcase classname="epic3.feature_3_1_artifact_validation.tests_support.test_feature_3_1_no_refit" name="test_hash_unchanged" time="0.000" /><testcase classname="epic3.feature_3_1_artifact_validation.tests_support.test_feature_3_1_no_refit" name="test_no_serialization" time="0.000" /><testcase classname="epic3.feature_3_1_artifact_validation.tests_support.test_feature_3_1_no_refit" name="test_source_not_modified" time="0.000" /><testcase classname="epic3.feature_3_1_artifact_validation.tests_support.test_feature_3_1_output_schema_fields" name="test_all_fields_pass" time="0.000" /><testcase classname="epic3.feature_3_1_artifact_validation.tests_support.test_feature_3_1_output_schema_fields" name="test_status_field" time="0.000" /><testcase classname="epic3.feature_3_1_artifact_validation.tests_support.test_feature_3_1_output_schema_fields" name="test_prediction_raw_type" time="0.001" /><testcase classname="epic3.feature_3_1_artifact_validation.tests_support.test_feature_3_1_output_schema_fields" name="test_prediction_clipped_type" time="0.000" /><testcase classname="epic3.feature_3_1_artifact_validation.tests_support.test_feature_3_1_output_schema_fields" name="test_prediction_display_type" time="0.000" /><testcase classname="epic3.feature_3_1_artifact_validation.tests_support.test_feature_3_1_output_schema_fields" name="test_model_id_field" time="0.000" /><testcase classname="epic3.feature_3_1_artifact_validation.tests_support.test_feature_3_1_output_schema_fields" name="test_warnings_field" time="0.000" /><testcase classname="epic3.feature_3_1_artifact_validation.tests_support.test_feature_3_1_output_schema_parse" name="test_output_schema_file_exists" time="0.000" /><testcase classname="epic3.feature_3_1_artifact_validation.tests_support.test_feature_3_1_output_schema_parse" name="test_output_schema_parseable" time="0.000" /><testcase classname="epic3.feature_3_1_artifact_validation.tests_support.test_feature_3_1_output_schema_parse" name="test_schema_id" time="0.000" /><testcase classname="epic3.feature_3_1_artifact_validation.tests_support.test_feature_3_1_output_schema_parse" name="test_validation_file_valid" time="0.000" /><testcase classname="epic3.feature_3_1_artifact_validation.tests_support.test_feature_3_1_output_schema_parse" name="test_field_count_8" time="0.000" /><testcase classname="epic3.feature_3_1_artifact_validation.tests_support.test_feature_3_1_phase_2_no_source_mutation" name="test_model_load_no_modification" time="0.000" /><testcase classname="epic3.feature_3_1_artifact_validation.tests_support.test_feature_3_1_phase_2_no_source_mutation" name="test_checkpoint_no_training" time="0.000" /><testcase classname="epic3.feature_3_1_artifact_validation.tests_support.test_feature_3_1_phase_2_no_source_mutation" name="test_checkpoint_prediction_not_executed" time="0.000" /><testcase classname="epic3.feature_3_1_artifact_validation.tests_support.test_feature_3_1_phase_2_no_source_mutation" name="test_all_critical_artifacts_exist" time="0.000" /><testcase classname="epic3.feature_3_1_artifact_validation.tests_support.test_feature_3_1_phase_2_no_source_mutation" name="test_model_artifact_hash_still_correct" time="0.003" /><testcase classname="epic3.feature_3_1_artifact_validation.tests_support.test_feature_3_1_phase_3_no_source_mutation" name="test_model_hash_unchanged" time="0.003" /><testcase classname="epic3.feature_3_1_artifact_validation.tests_support.test_feature_3_1_phase_3_no_source_mutation" name="test_no_refit_validation_file" time="0.001" /><testcase classname="epic3.feature_3_1_artifact_validation.tests_support.test_feature_3_1_phase_3_no_source_mutation" name="test_prediction_result_file" time="0.000" /><testcase classname="epic3.feature_3_1_artifact_validation.tests_support.test_feature_3_1_phase_4_governance" name="test_no_sla_claimed" time="0.000" /><testcase classname="epic3.feature_3_1_artifact_validation.tests_support.test_feature_3_1_phase_4_governance" name="test_benchmark_scope_is_local" time="0.000" /><testcase classname="epic3.feature_3_1_artifact_validation.tests_support.test_feature_3_1_phase_4_governance" name="test_training_not_executed" time="0.000" /><testcase classname="epic3.feature_3_1_artifact_validation.tests_support.test_feature_3_1_prediction_determinism" name="test_deterministic" time="0.001" /><testcase classname="epic3.feature_3_1_artifact_validation.tests_support.test_feature_3_1_prediction_determinism" name="test_all_runs_identical" time="0.001" /><testcase classname="epic3.feature_3_1_artifact_validation.tests_support.test_feature_3_1_prediction_determinism" name="test_max_abs_difference_zero" time="0.000" /><testcase classname="epic3.feature_3_1_artifact_validation.tests_support.test_feature_3_1_residual_convention" name="test_convention_defined" time="0.001" /><testcase classname="epic3.feature_3_1_artifact_validation.tests_support.test_feature_3_1_residual_convention" name="test_convention_not_explicitly_documented" time="0.000" /><testcase classname="epic3.feature_3_1_artifact_validation.tests_support.test_feature_3_1_residual_convention" name="test_convention_inferred_correctly" time="0.000" /><testcase classname="epic3.feature_3_1_artifact_validation.tests_support.test_feature_3_1_residual_convention" name="test_warning_for_implicit_convention" time="0.000" /><testcase classname="epic3.feature_3_1_artifact_validation.tests_support.test_feature_3_1_residual_convention" name="test_mean_positive_means_underprediction" time="0.000" /><testcase classname="epic3.feature_3_1_artifact_validation.tests_support.test_feature_3_1_residual_stats" name="test_validation_status_pass" time="0.001" /><testcase classname="epic3.feature_3_1_artifact_validation.tests_support.test_feature_3_1_residual_stats" name="test_residual_convention_defined" time="0.000" /><testcase classname="epic3.feature_3_1_artifact_validation.tests_support.test_feature_3_1_residual_stats" name="test_residual_mean_positive" time="0.000" /><testcase classname="epic3.feature_3_1_artifact_validation.tests_support.test_feature_3_1_residual_stats" name="test_residual_all_finite" time="0.000" /><testcase classname="epic3.feature_3_1_artifact_validation.tests_support.test_feature_3_1_residual_stats" name="test_ae_mean_equals_mae" time="0.000" /><testcase classname="epic3.feature_3_1_artifact_validation.tests_support.test_feature_3_1_residual_stats" name="test_sample_rows_match_test" time="0.000" /><testcase classname="epic3.feature_3_1_artifact_validation.tests_support.test_feature_3_1_residual_stats" name="test_underprediction_rate_reasonable" time="0.000" /><testcase classname="epic3.feature_3_1_artifact_validation.tests_support.test_feature_3_1_residual_stats" name="test_positive_mean_with_high_underprediction_consistent" time="0.000" /><testcase classname="epic3.feature_3_1_artifact_validation.tests_support.test_feature_3_1_runtime_dependencies" name="test_dependency_validation_file_exists" time="0.000" /><testcase classname="epic3.feature_3_1_artifact_validation.tests_support.test_feature_3_1_runtime_dependencies" name="test_all_required_packages_importable" time="1.774" /><testcase classname="epic3.feature_3_1_artifact_validation.tests_support.test_feature_3_1_runtime_dependencies" name="test_sklearn_version" time="0.000" /><testcase classname="epic3.feature_3_1_artifact_validation.tests_support.test_feature_3_1_runtime_dependencies" name="test_xgboost_importable" time="0.000" /><testcase classname="epic3.feature_3_1_artifact_validation.tests_support.test_feature_3_1_runtime_dependencies" name="test_joblib_importable" time="0.001" /><testcase classname="epic3.feature_3_1_artifact_validation.tests_support.test_feature_3_1_runtime_dependencies" name="test_runtime_patches_applied" time="0.001" /><testcase classname="epic3.feature_3_1_artifact_validation.tests_support.test_feature_3_1_runtime_dependencies" name="test_sklearn_version_mismatch_warning" time="0.001" /><testcase classname="epic3.feature_3_1_artifact_validation.tests_support.test_feature_3_1_runtime_dependencies" name="test_can_proceed_true" time="0.000" /><testcase classname="epic3.feature_3_1_artifact_validation.tests_support.test_feature_3_1_selected_features" name="test_file_exists" time="0.000" /><testcase classname="epic3.feature_3_1_artifact_validation.tests_support.test_feature_3_1_selected_features" name="test_parseable" time="0.000" /><testcase classname="epic3.feature_3_1_artifact_validation.tests_support.test_feature_3_1_selected_features" name="test_feature_set_id" time="0.000" /><testcase classname="epic3.feature_3_1_artifact_validation.tests_support.test_feature_3_1_selected_features" name="test_feature_count" time="0.000" /><testcase classname="epic3.feature_3_1_artifact_validation.tests_support.test_feature_3_1_selected_features" name="test_features_list_count" time="0.000" /><testcase classname="epic3.feature_3_1_artifact_validation.tests_support.test_feature_3_1_selected_features" name="test_validation_file" time="0.001" /><testcase classname="epic3.feature_3_1_artifact_validation.tests_support.test_feature_3_1_selected_features" name="test_no_empty_names" time="0.001" /><testcase classname="epic3.feature_3_1_artifact_validation.tests_support.test_feature_3_1_selected_features" name="test_no_duplicates" time="0.001" /><testcase classname="epic3.feature_3_1_artifact_validation.tests_support.test_feature_3_1_selected_features" name="test_target_excluded" time="0.001" /><testcase classname="epic3.feature_3_1_artifact_validation.tests_support.test_feature_3_1_selected_features" name="test_track_id_excluded" time="0.000" /><testcase classname="epic3.feature_3_1_artifact_validation.tests_support.test_feature_3_1_selected_features" name="test_layer_classification" time="0.000" /><testcase classname="epic3.feature_3_1_artifact_validation.tests_support.test_feature_3_1_shap_assets" name="test_shap_validation_status_pass" time="0.000" /><testcase classname="epic3.feature_3_1_artifact_validation.tests_support.test_feature_3_1_shap_assets" name="test_shap_recomputed_false" time="0.000" /><testcase classname="epic3.feature_3_1_artifact_validation.tests_support.test_feature_3_1_shap_assets" name="test_all_asset_validations_pass" time="0.000" /><testcase classname="epic3.feature_3_1_artifact_validation.tests_support.test_feature_3_1_shap_assets" name="test_feature_dimension_consistent" time="0.001" /><testcase classname="epic3.feature_3_1_artifact_validation.tests_support.test_feature_3_1_shap_assets" name="test_model_version_consistent" time="0.001" /><testcase classname="epic3.feature_3_1_artifact_validation.tests_support.test_feature_3_1_shap_assets" name="test_additivity_pass_rate" time="0.000" /><testcase classname="epic3.feature_3_1_artifact_validation.tests_support.test_feature_3_1_shap_assets" name="test_no_blockers" time="0.000" /><testcase classname="epic3.feature_3_1_artifact_validation.tests_support.test_feature_3_1_shap_inventory" name="test_inventory_status" time="0.000" /><testcase classname="epic3.feature_3_1_artifact_validation.tests_support.test_feature_3_1_shap_inventory" name="test_shap_required_for_epic3" time="0.000" /><testcase classname="epic3.feature_3_1_artifact_validation.tests_support.test_feature_3_1_shap_inventory" name="test_all_required_assets_found" time="0.000" /><testcase classname="epic3.feature_3_1_artifact_validation.tests_support.test_feature_3_1_shap_inventory" name="test_shap_values_found" time="0.000" /><testcase classname="epic3.feature_3_1_artifact_validation.tests_support.test_feature_3_1_shap_inventory" name="test_shap_background_transformed_found" time="0.000" /><testcase classname="epic3.feature_3_1_artifact_validation.tests_support.test_feature_3_1_shap_inventory" name="test_additivity_validation_found" time="0.001" /><testcase classname="epic3.feature_3_1_artifact_validation.tests_support.test_feature_3_1_shap_model_version" name="test_model_version_consistent" time="0.001" /></testsuite></testsuites>