<?xml version="1.0" encoding="utf-8"?><testsuites name="pytest tests"><testsuite name="pytest" errors="0" failures="0" skipped="0" tests="113" time="2.315" timestamp="2026-08-03T21:44:13.872959+07:00" hostname="MinhJiDo"><testcase classname="epic3.feature_3_1_artifact_validation.tests_support.test_feature_3_1_feature_count_consistency" name="test_consistency_status_pass" time="0.001" /><testcase classname="epic3.feature_3_1_artifact_validation.tests_support.test_feature_3_1_feature_count_consistency" name="test_raw_input_count_is_18" time="0.001" /><testcase classname="epic3.feature_3_1_artifact_validation.tests_support.test_feature_3_1_feature_count_consistency" name="test_selected_count_is_31" time="0.001" /><testcase classname="epic3.feature_3_1_artifact_validation.tests_support.test_feature_3_1_feature_count_consistency" name="test_transformed_count_is_49" time="0.001" /><testcase classname="epic3.feature_3_1_artifact_validation.tests_support.test_feature_3_1_feature_count_consistency" name="test_all_counts_distinct" time="0.000" /><testcase classname="epic3.feature_3_1_artifact_validation.tests_support.test_feature_3_1_feature_count_consistency" name="test_target_excluded" time="0.000" /><testcase classname="epic3.feature_3_1_artifact_validation.tests_support.test_feature_3_1_feature_count_consistency" name="test_identifier_excluded" time="0.000" /><testcase classname="epic3.feature_3_1_artifact_validation.tests_support.test_feature_3_1_feature_count_consistency" name="test_all_consistency_checks_pass" time="0.000" /><testcase classname="epic3.feature_3_1_artifact_validation.tests_support.test_feature_3_1_feature_count_consistency" name="test_feature_mapping_49_entries" time="0.001" /><testcase classname="epic3.feature_3_1_artifact_validation.tests_support.test_feature_3_1_feature_layers" name="test_feature_names_layer_is_transformed" time="0.001" /><testcase classname="epic3.feature_3_1_artifact_validation.tests_support.test_feature_3_1_feature_layers" name="test_selected_features_layer_is_selected_engineered" time="0.000" /><testcase classname="epic3.feature_3_1_artifact_validation.tests_support.test_feature_3_1_feature_layers" name="test_layers_are_distinct" time="0.000" /><testcase classname="epic3.feature_3_1_artifact_validation.tests_support.test_feature_3_1_feature_layers" name="test_selected_count_greater_than_raw" time="0.000" /><testcase classname="epic3.feature_3_1_artifact_validation.tests_support.test_feature_3_1_feature_layers" name="test_transformed_count_greater_than_selected" time="0.000" /><testcase classname="epic3.feature_3_1_artifact_validation.tests_support.test_feature_3_1_feature_layers" name="test_no_layer_confusion" time="0.001" /><testcase classname="epic3.feature_3_1_artifact_validation.tests_support.test_feature_3_1_feature_names" name="test_file_exists" time="0.000" /><testcase classname="epic3.feature_3_1_artifact_validation.tests_support.test_feature_3_1_feature_names" name="test_parseable" time="0.001" /><testcase classname="epic3.feature_3_1_artifact_validation.tests_support.test_feature_3_1_feature_names" name="test_model_matrix_width" time="0.000" /><testcase classname="epic3.feature_3_1_artifact_validation.tests_support.test_feature_3_1_feature_names" name="test_feature_name_count" time="0.000" /><testcase classname="epic3.feature_3_1_artifact_validation.tests_support.test_feature_3_1_feature_names" name="test_validation_file" time="0.000" /><testcase classname="epic3.feature_3_1_artifact_validation.tests_support.test_feature_3_1_feature_names" name="test_layer_resolved" time="0.000" /><testcase classname="epic3.feature_3_1_artifact_validation.tests_support.test_feature_3_1_feature_names" name="test_no_empty_names" time="0.000" /><testcase classname="epic3.feature_3_1_artifact_validation.tests_support.test_feature_3_1_feature_names" name="test_no_duplicates" time="0.000" /><testcase classname="epic3.feature_3_1_artifact_validation.tests_support.test_feature_3_1_feature_names" name="test_has_onehot_features" time="0.000" /><testcase classname="epic3.feature_3_1_artifact_validation.tests_support.test_feature_3_1_feature_names" name="test_has_interaction_features" time="0.001" /><testcase classname="epic3.feature_3_1_artifact_validation.tests_support.test_feature_3_1_input_schema_fields" name="test_all_fields_pass" time="0.001" /><testcase classname="epic3.feature_3_1_artifact_validation.tests_support.test_feature_3_1_input_schema_fields" name="test_field_count_18" time="0.000" /><testcase classname="epic3.feature_3_1_artifact_validation.tests_support.test_feature_3_1_input_schema_fields" name="test_all_required" time="0.000" /><testcase classname="epic3.feature_3_1_artifact_validation.tests_support.test_feature_3_1_input_schema_fields" name="test_all_nullable" time="0.000" /><testcase classname="epic3.feature_3_1_artifact_validation.tests_support.test_feature_3_1_input_schema_fields" name="test_all_have_default_policy" time="0.000" /><testcase classname="epic3.feature_3_1_artifact_validation.tests_support.test_feature_3_1_input_schema_fields" name="test_danceability_range" time="0.000" /><testcase classname="epic3.feature_3_1_artifact_validation.tests_support.test_feature_3_1_input_schema_fields" name="test_tempo_range" time="0.000" /><testcase classname="epic3.feature_3_1_artifact_validation.tests_support.test_feature_3_1_input_schema_fields" name="test_loudness_range" time="0.001" /><testcase classname="epic3.feature_3_1_artifact_validation.tests_support.test_feature_3_1_input_schema_fields" name="test_release_month_range" time="0.001" /><testcase classname="epic3.feature_3_1_artifact_validation.tests_support.test_feature_3_1_input_schema_fields" name="test_release_precision_categories" time="0.001" /><testcase classname="epic3.feature_3_1_artifact_validation.tests_support.test_feature_3_1_input_schema_fields" name="test_key_range" time="0.001" /><testcase classname="epic3.feature_3_1_artifact_validation.tests_support.test_feature_3_1_input_schema_fields" name="test_canonical_order" time="0.001" /><testcase classname="epic3.feature_3_1_artifact_validation.tests_support.test_feature_3_1_input_schema_parse" name="test_input_schema_file_exists" time="0.000" /><testcase classname="epic3.feature_3_1_artifact_validation.tests_support.test_feature_3_1_input_schema_parse" name="test_input_schema_parseable" time="0.001" /><testcase classname="epic3.feature_3_1_artifact_validation.tests_support.test_feature_3_1_input_schema_parse" name="test_schema_id" time="0.001" /><testcase classname="epic3.feature_3_1_artifact_validation.tests_support.test_feature_3_1_input_schema_parse" name="test_schema_version" time="0.001" /><testcase classname="epic3.feature_3_1_artifact_validation.tests_support.test_feature_3_1_input_schema_parse" name="test_has_fields_key" time="0.000" /><testcase classname="epic3.feature_3_1_artifact_validation.tests_support.test_feature_3_1_input_schema_parse" name="test_additional_properties_policy" time="0.000" /><testcase classname="epic3.feature_3_1_artifact_validation.tests_support.test_feature_3_1_input_schema_parse" name="test_validation_file_valid" time="0.000" /><testcase classname="epic3.feature_3_1_artifact_validation.tests_support.test_feature_3_1_input_schema_parse" name="test_field_count_18" time="0.000" /><testcase classname="epic3.feature_3_1_artifact_validation.tests_support.test_feature_3_1_input_schema_target_exclusion" name="test_target_not_in_raw_fields" time="0.001" /><testcase classname="epic3.feature_3_1_artifact_validation.tests_support.test_feature_3_1_input_schema_target_exclusion" name="test_track_id_not_in_raw_fields" time="0.001" /><testcase classname="epic3.feature_3_1_artifact_validation.tests_support.test_feature_3_1_input_schema_target_exclusion" name="test_feature_contract_consistency_target_excluded" time="0.001" /><testcase classname="epic3.feature_3_1_artifact_validation.tests_support.test_feature_3_1_model_hash_before_after" name="test_artifact_file_exists" time="0.000" /><testcase classname="epic3.feature_3_1_artifact_validation.tests_support.test_feature_3_1_model_hash_before_after" name="test_artifact_hash_matches_known" time="0.005" /><testcase classname="epic3.feature_3_1_artifact_validation.tests_support.test_feature_3_1_model_hash_before_after" name="test_model_load_validation_hash_matches" time="0.001" /><testcase classname="epic3.feature_3_1_artifact_validation.tests_support.test_feature_3_1_model_hash_before_after" name="test_before_after_hash_equal" time="0.000" /><testcase classname="epic3.feature_3_1_artifact_validation.tests_support.test_feature_3_1_model_interface" name="test_pipeline_type" time="0.000" /><testcase classname="epic3.feature_3_1_artifact_validation.tests_support.test_feature_3_1_model_interface" name="test_predict_method_available" time="0.000" /><testcase classname="epic3.feature_3_1_artifact_validation.tests_support.test_feature_3_1_model_interface" name="test_main_api_is_predict_popularity" time="0.000" /><testcase classname="epic3.feature_3_1_artifact_validation.tests_support.test_feature_3_1_model_interface" name="test_champion_pipeline_predict_available" time="0.000" /><testcase classname="epic3.feature_3_1_artifact_validation.tests_support.test_feature_3_1_model_interface" name="test_predict_proba_not_available" time="0.001" /><testcase classname="epic3.feature_3_1_artifact_validation.tests_support.test_feature_3_1_model_interface" name="test_transform_not_available" time="0.001" /><testcase classname="epic3.feature_3_1_artifact_validation.tests_support.test_feature_3_1_model_interface" name="test_model_metadata_in_response" time="0.000" /><testcase classname="epic3.feature_3_1_artifact_validation.tests_support.test_feature_3_1_model_loader" name="test_model_load_validation_file_exists" time="0.000" /><testcase classname="epic3.feature_3_1_artifact_validation.tests_support.test_feature_3_1_model_loader" name="test_model_load_valid" time="0.000" /><testcase classname="epic3.feature_3_1_artifact_validation.tests_support.test_feature_3_1_model_loader" name="test_model_load_duration" time="0.000" /><testcase classname="epic3.feature_3_1_artifact_validation.tests_support.test_feature_3_1_model_loader" name="test_object_type_is_hitradar" time="0.000" /><testcase classname="epic3.feature_3_1_artifact_validation.tests_support.test_feature_3_1_model_loader" name="test_predict_interface_available" time="0.000" /><testcase classname="epic3.feature_3_1_artifact_validation.tests_support.test_feature_3_1_model_loader" name="test_model_id_exposed" time="0.001" /><testcase classname="epic3.feature_3_1_artifact_validation.tests_support.test_feature_3_1_model_loader" name="test_model_version_exposed" time="0.001" /><testcase classname="epic3.feature_3_1_artifact_validation.tests_support.test_feature_3_1_model_loader" name="test_artifact_hash" time="0.001" /><testcase classname="epic3.feature_3_1_artifact_validation.tests_support.test_feature_3_1_model_loader" name="test_hash_unchanged" time="0.000" /><testcase classname="epic3.feature_3_1_artifact_validation.tests_support.test_feature_3_1_model_loader" name="test_loader_is_joblib" time="0.000" /><testcase classname="epic3.feature_3_1_artifact_validation.tests_support.test_feature_3_1_no_refit" name="test_fit_call_count_zero" time="0.000" /><testcase classname="epic3.feature_3_1_artifact_validation.tests_support.test_feature_3_1_no_refit" name="test_fit_transform_count_zero" time="0.000" /><testcase classname="epic3.feature_3_1_artifact_validation.tests_support.test_feature_3_1_no_refit" name="test_partial_fit_count_zero" time="0.000" /><testcase classname="epic3.feature_3_1_artifact_validation.tests_support.test_feature_3_1_no_refit" name="test_no_refit_status_pass" time="0.001" /><testcase classname="epic3.feature_3_1_artifact_validation.tests_support.test_feature_3_1_no_refit" name="test_validation_status_pass" time="0.001" /><testcase classname="epic3.feature_3_1_artifact_validation.tests_support.test_feature_3_1_no_refit" name="test_hash_unchanged" time="0.000" /><testcase classname="epic3.feature_3_1_artifact_validation.tests_support.test_feature_3_1_no_refit" name="test_no_serialization" time="0.000" /><testcase classname="epic3.feature_3_1_artifact_validation.tests_support.test_feature_3_1_no_refit" name="test_source_not_modified" time="0.000" /><testcase classname="epic3.feature_3_1_artifact_validation.tests_support.test_feature_3_1_output_schema_fields" name="test_all_fields_pass" time="0.000" /><testcase classname="epic3.feature_3_1_artifact_validation.tests_support.test_feature_3_1_output_schema_fields" name="test_status_field" time="0.000" /><testcase classname="epic3.feature_3_1_artifact_validation.tests_support.test_feature_3_1_output_schema_fields" name="test_prediction_raw_type" time="0.000" /><testcase classname="epic3.feature_3_1_artifact_validation.tests_support.test_feature_3_1_output_schema_fields" name="test_prediction_clipped_type" time="0.001" /><testcase classname="epic3.feature_3_1_artifact_validation.tests_support.test_feature_3_1_output_schema_fields" name="test_prediction_display_type" time="0.001" /><testcase classname="epic3.feature_3_1_artifact_validation.tests_support.test_feature_3_1_output_schema_fields" name="test_model_id_field" time="0.001" /><testcase classname="epic3.feature_3_1_artifact_validation.tests_support.test_feature_3_1_output_schema_fields" name="test_warnings_field" time="0.000" /><testcase classname="epic3.feature_3_1_artifact_validation.tests_support.test_feature_3_1_output_schema_parse" name="test_output_schema_file_exists" time="0.000" /><testcase classname="epic3.feature_3_1_artifact_validation.tests_support.test_feature_3_1_output_schema_parse" name="test_output_schema_parseable" time="0.001" /><testcase classname="epic3.feature_3_1_artifact_validation.tests_support.test_feature_3_1_output_schema_parse" name="test_schema_id" time="0.000" /><testcase classname="epic3.feature_3_1_artifact_validation.tests_support.test_feature_3_1_output_schema_parse" name="test_validation_file_valid" time="0.000" /><testcase classname="epic3.feature_3_1_artifact_validation.tests_support.test_feature_3_1_output_schema_parse" name="test_field_count_8" time="0.001" /><testcase classname="epic3.feature_3_1_artifact_validation.tests_support.test_feature_3_1_phase_2_no_source_mutation" name="test_model_load_no_modification" time="0.001" /><testcase classname="epic3.feature_3_1_artifact_validation.tests_support.test_feature_3_1_phase_2_no_source_mutation" name="test_checkpoint_no_training" time="0.001" /><testcase classname="epic3.feature_3_1_artifact_validation.tests_support.test_feature_3_1_phase_2_no_source_mutation" name="test_checkpoint_prediction_not_executed" time="0.000" /><testcase classname="epic3.feature_3_1_artifact_validation.tests_support.test_feature_3_1_phase_2_no_source_mutation" name="test_all_critical_artifacts_exist" time="0.000" /><testcase classname="epic3.feature_3_1_artifact_validation.tests_support.test_feature_3_1_phase_2_no_source_mutation" name="test_model_artifact_hash_still_correct" time="0.004" /><testcase classname="epic3.feature_3_1_artifact_validation.tests_support.test_feature_3_1_runtime_dependencies" name="test_dependency_validation_file_exists" time="0.000" /><testcase classname="epic3.feature_3_1_artifact_validation.tests_support.test_feature_3_1_runtime_dependencies" name="test_all_required_packages_importable" time="2.036" /><testcase classname="epic3.feature_3_1_artifact_validation.tests_support.test_feature_3_1_runtime_dependencies" name="test_sklearn_version" time="0.001" /><testcase classname="epic3.feature_3_1_artifact_validation.tests_support.test_feature_3_1_runtime_dependencies" name="test_xgboost_importable" time="0.000" /><testcase classname="epic3.feature_3_1_artifact_validation.tests_support.test_feature_3_1_runtime_dependencies" name="test_joblib_importable" time="0.000" /><testcase classname="epic3.feature_3_1_artifact_validation.tests_support.test_feature_3_1_runtime_dependencies" name="test_runtime_patches_applied" time="0.001" /><testcase classname="epic3.feature_3_1_artifact_validation.tests_support.test_feature_3_1_runtime_dependencies" name="test_sklearn_version_mismatch_warning" time="0.000" /><testcase classname="epic3.feature_3_1_artifact_validation.tests_support.test_feature_3_1_runtime_dependencies" name="test_can_proceed_true" time="0.000" /><testcase classname="epic3.feature_3_1_artifact_validation.tests_support.test_feature_3_1_selected_features" name="test_file_exists" time="0.000" /><testcase classname="epic3.feature_3_1_artifact_validation.tests_support.test_feature_3_1_selected_features" name="test_parseable" time="0.000" /><testcase classname="epic3.feature_3_1_artifact_validation.tests_support.test_feature_3_1_selected_features" name="test_feature_set_id" time="0.001" /><testcase classname="epic3.feature_3_1_artifact_validation.tests_support.test_feature_3_1_selected_features" name="test_feature_count" time="0.001" /><testcase classname="epic3.feature_3_1_artifact_validation.tests_support.test_feature_3_1_selected_features" name="test_features_list_count" time="0.000" /><testcase classname="epic3.feature_3_1_artifact_validation.tests_support.test_feature_3_1_selected_features" name="test_validation_file" time="0.000" /><testcase classname="epic3.feature_3_1_artifact_validation.tests_support.test_feature_3_1_selected_features" name="test_no_empty_names" time="0.000" /><testcase classname="epic3.feature_3_1_artifact_validation.tests_support.test_feature_3_1_selected_features" name="test_no_duplicates" time="0.001" /><testcase classname="epic3.feature_3_1_artifact_validation.tests_support.test_feature_3_1_selected_features" name="test_target_excluded" time="0.000" /><testcase classname="epic3.feature_3_1_artifact_validation.tests_support.test_feature_3_1_selected_features" name="test_track_id_excluded" time="0.001" /><testcase classname="epic3.feature_3_1_artifact_validation.tests_support.test_feature_3_1_selected_features" name="test_layer_classification" time="0.001" /></testsuite></testsuites>