<?xml version="1.0" encoding="utf-8"?><testsuites name="pytest tests"><testsuite name="pytest" errors="0" failures="0" skipped="0" tests="30" time="1.828" timestamp="2026-07-26T11:38:51.203114+07:00" hostname="TuanAnh"><testcase classname="tests.test_feature_2_9_monitor_bucket_performance" name="test_feature_2_9_monitor_bucket_performance_compliance" time="0.003" /><testcase classname="tests.test_feature_2_9_monitor_label_authorization" name="test_feature_2_9_monitor_label_authorization_compliance" time="0.001" /><testcase classname="tests.test_feature_2_9_monitor_minimum_labels" name="test_feature_2_9_monitor_minimum_labels_compliance" time="0.001" /><testcase classname="tests.test_feature_2_9_monitor_performance_baseline" name="test_feature_2_9_monitor_performance_baseline_compliance" time="0.001" /><testcase classname="tests.test_feature_2_9_monitor_performance_metrics" name="test_feature_2_9_monitor_performance_metrics_compliance" time="0.001" /><testcase classname="tests.test_feature_2_9_monitor_ranking" name="test_feature_2_9_monitor_ranking_compliance" time="0.001" /><testcase classname="tests.test_feature_2_9_monitor_residual_convention" name="test_feature_2_9_monitor_residual_convention_compliance" time="0.004" /><testcase classname="tests.test_feature_2_9_monitor_residual_convention" name="test_residual_convention" time="0.001" /><testcase classname="tests.test_feature_2_9_monitor_temporal_performance" name="test_feature_2_9_monitor_temporal_performance_compliance" time="0.002" /><testcase classname="tests.test_feature_2_9_alert_consecutive_breach" name="test_feature_2_9_alert_consecutive_breach_compliance" time="0.001" /><testcase classname="tests.test_feature_2_9_alert_engine" name="test_feature_2_9_alert_engine_compliance" time="0.001" /><testcase classname="tests.test_feature_2_9_alert_minimum_sample" name="test_feature_2_9_alert_minimum_sample_compliance" time="0.001" /><testcase classname="tests.test_feature_2_9_alert_policy" name="test_feature_2_9_alert_policy_compliance" time="0.001" /><testcase classname="tests.test_feature_2_9_tracking_artifacts" name="test_feature_2_9_tracking_artifacts_compliance" time="0.001" /><testcase classname="tests.test_feature_2_9_tracking_atomic_write" name="test_feature_2_9_tracking_atomic_write_compliance" time="0.001" /><testcase classname="tests.test_feature_2_9_tracking_duplicate_run" name="test_feature_2_9_tracking_duplicate_run_compliance" time="0.002" /><testcase classname="tests.test_feature_2_9_tracking_environment" name="test_feature_2_9_tracking_environment_compliance" time="0.001" /><testcase classname="tests.test_feature_2_9_tracking_final_test_isolation" name="test_feature_2_9_tracking_final_isolation_compliance" time="0.001" /><testcase classname="tests.test_feature_2_9_tracking_final_test_isolation" name="test_final_test_isolation" time="0.305" /><testcase classname="tests.test_feature_2_9_tracking_metrics_namespace" name="test_feature_2_9_tracking_metrics_namespace_compliance" time="0.001" /><testcase classname="tests.test_feature_2_9_tracking_params" name="test_feature_2_9_tracking_params_compliance" time="0.001" /><testcase classname="tests.test_feature_2_9_tracking_parent_child" name="test_feature_2_9_tracking_parent_child_compliance" time="0.001" /><testcase classname="tests.test_feature_2_9_tracking_run_id" name="test_feature_2_9_tracking_run_id_compliance" time="0.001" /><testcase classname="tests.test_feature_2_9_tracking_state" name="test_feature_2_9_tracking_state_compliance" time="0.001" /><testcase classname="tests.test_feature_2_9_mlflow_fallback" name="test_feature_2_9_mlflow_fallback_compliance" time="0.001" /><testcase classname="tests.test_feature_2_9_mlflow_optional" name="test_feature_2_9_mlflow_optional_compliance" time="0.001" /><testcase classname="tests.test_feature_2_9_no_auto_retrain" name="test_feature_2_9_no_auto_retrain_compliance" time="0.002" /><testcase classname="tests.test_feature_2_9_no_auto_retrain" name="test_no_auto_retrain_enforced" time="0.001" /><testcase classname="tests.test_feature_2_9_retraining_recommendation" name="test_feature_2_9_retraining_recommendation_compliance" time="0.001" /><testcase classname="tests.test_feature_2_9_phase_4_governance" name="test_feature_2_9_phase_4_governance_compliance" time="0.003" /></testsuite></testsuites>