<?xml version="1.0" encoding="utf-8"?><testsuites name="pytest tests"><testsuite name="pytest" errors="0" failures="0" skipped="0" tests="110" time="193.103" timestamp="2026-07-26T11:06:08.182456+07:00" hostname="TuanAnh"><testcase classname="7.ML.7.12.optional_pipeline_automation.tests.test_alerts.TestAlerts" name="test_alerts_file_written" time="1.645" /><testcase classname="7.ML.7.12.optional_pipeline_automation.tests.test_alerts.TestAlerts" name="test_alert_has_required_fields" time="1.927" /><testcase classname="7.ML.7.12.optional_pipeline_automation.tests.test_alerts.TestAlerts" name="test_blocker_has_BLOCKER_severity" time="4.050" /><testcase classname="7.ML.7.12.optional_pipeline_automation.tests.test_alerts.TestAlerts" name="test_open_items_file_written" time="1.886" /><testcase classname="7.ML.7.12.optional_pipeline_automation.tests.test_alerts.TestAlerts" name="test_open_items_deferred_for_phase3" time="1.566" /><testcase classname="7.ML.7.12.optional_pipeline_automation.tests.test_alerts.TestAlerts" name="test_no_auto_action_executed" time="1.995" /><testcase classname="7.ML.7.12.optional_pipeline_automation.tests.test_alerts.TestAlerts" name="test_alert_id_unique" time="1.855" /><testcase classname="7.ML.7.12.optional_pipeline_automation.tests.test_artifact_integrity.TestArtifactIntegrity" name="test_artifact_integrity_passes_on_valid_package" time="1.542" /><testcase classname="7.ML.7.12.optional_pipeline_automation.tests.test_artifact_integrity.TestArtifactIntegrity" name="test_artifact_integrity_result_file_written" time="1.813" /><testcase classname="7.ML.7.12.optional_pipeline_automation.tests.test_artifact_integrity.TestArtifactIntegrity" name="test_pipeline_hash_checked" time="1.471" /><testcase classname="7.ML.7.12.optional_pipeline_automation.tests.test_artifact_integrity.TestArtifactIntegrity" name="test_pipeline_load_skipped_on_missing_runtime_deps" time="1.749" /><testcase classname="7.ML.7.12.optional_pipeline_automation.tests.test_artifact_integrity.TestArtifactIntegrity" name="test_requirements_lock_artifact_checked" time="1.573" /><testcase classname="7.ML.7.12.optional_pipeline_automation.tests.test_baseline_immutability.TestBaselineImmutability" name="test_baseline_hash_matches_pre_post" time="1.804" /><testcase classname="7.ML.7.12.optional_pipeline_automation.tests.test_baseline_immutability.TestBaselineImmutability" name="test_baseline_immutability_result_file_written" time="1.668" /><testcase classname="7.ML.7.12.optional_pipeline_automation.tests.test_baseline_immutability.TestBaselineImmutability" name="test_baseline_hash_is_sha256_format" time="1.629" /><testcase classname="7.ML.7.12.optional_pipeline_automation.tests.test_baseline_immutability.TestBaselineImmutability" name="test_immutability_file_recorded_in_results" time="1.803" /><testcase classname="7.ML.7.12.optional_pipeline_automation.tests.test_data_quality.TestDataQuality" name="test_dq_results_file_written" time="4.015" /><testcase classname="7.ML.7.12.optional_pipeline_automation.tests.test_data_quality.TestDataQuality" name="test_empty_batch_is_blocker" time="3.922" /><testcase classname="7.ML.7.12.optional_pipeline_automation.tests.test_data_quality.TestDataQuality" name="test_inf_values_blocker" time="4.866" /><testcase classname="7.ML.7.12.optional_pipeline_automation.tests.test_data_quality.TestDataQuality" name="test_dq_rows_count_correct" time="4.131" /><testcase classname="7.ML.7.12.optional_pipeline_automation.tests.test_data_quality.TestDataQuality" name="test_duplicate_rows_detected" time="5.167" /><testcase classname="7.ML.7.12.optional_pipeline_automation.tests.test_drift.TestFeatureDrift" name="test_numeric_drift_results_written" time="4.586" /><testcase classname="7.ML.7.12.optional_pipeline_automation.tests.test_drift.TestFeatureDrift" name="test_categorical_drift_results_written" time="4.354" /><testcase classname="7.ML.7.12.optional_pipeline_automation.tests.test_drift.TestFeatureDrift" name="test_feature_drift_summary_written" time="4.129" /><testcase classname="7.ML.7.12.optional_pipeline_automation.tests.test_drift.TestFeatureDrift" name="test_small_batch_not_enough_data" time="4.452" /><testcase classname="7.ML.7.12.optional_pipeline_automation.tests.test_drift.TestFeatureDrift" name="test_categorical_null_baseline_tvd_returns_null" time="4.045" /><testcase classname="7.ML.7.12.optional_pipeline_automation.tests.test_drift.TestFeatureDrift" name="test_numeric_features_have_drift_info" time="4.450" /><testcase classname="7.ML.7.12.optional_pipeline_automation.tests.test_drift.TestFeatureDrift" name="test_psi_uses_fixed_baseline_bins" time="4.448" /><testcase classname="7.ML.7.12.optional_pipeline_automation.tests.test_example_replay.TestExampleReplay" name="test_example_replay_result_file_written" time="1.805" /><testcase classname="7.ML.7.12.optional_pipeline_automation.tests.test_example_replay.TestExampleReplay" name="test_example_replay_status_valid" time="1.618" /><testcase classname="7.ML.7.12.optional_pipeline_automation.tests.test_example_replay.TestExampleReplay" name="test_example_input_fields_present" time="1.929" /><testcase classname="7.ML.7.12.optional_pipeline_automation.tests.test_exit_codes.TestExitCodes" name="test_pass_no_batch" time="1.769" /><testcase classname="7.ML.7.12.optional_pipeline_automation.tests.test_exit_codes.TestExitCodes" name="test_input_error_missing_config" time="0.255" /><testcase classname="7.ML.7.12.optional_pipeline_automation.tests.test_exit_codes.TestExitCodes" name="test_schema_blocker_missing_required_field" time="4.010" /><testcase classname="7.ML.7.12.optional_pipeline_automation.tests.test_exit_codes.TestExitCodes" name="test_governance_violation_config_flag" time="0.281" /><testcase classname="7.ML.7.12.optional_pipeline_automation.tests.test_exit_codes.TestExitCodes" name="test_warnings_exit_code" time="4.052" /><testcase classname="7.ML.7.12.optional_pipeline_automation.tests.test_exit_codes.TestExitCodes" name="test_no_training_indicator" time="1.757" /><testcase classname="7.ML.7.12.optional_pipeline_automation.tests.test_governance.TestGovernance" name="test_auto_retrain_false_required" time="0.265" /><testcase classname="7.ML.7.12.optional_pipeline_automation.tests.test_governance.TestGovernance" name="test_auto_update_baseline_false_required" time="0.272" /><testcase classname="7.ML.7.12.optional_pipeline_automation.tests.test_governance.TestGovernance" name="test_training_executed_always_false" time="1.787" /><testcase classname="7.ML.7.12.optional_pipeline_automation.tests.test_governance.TestGovernance" name="test_refit_executed_always_false" time="1.608" /><testcase classname="7.ML.7.12.optional_pipeline_automation.tests.test_governance.TestGovernance" name="test_auto_retrain_executed_always_false" time="1.911" /><testcase classname="7.ML.7.12.optional_pipeline_automation.tests.test_governance.TestGovernance" name="test_champion_changed_always_false" time="1.618" /><testcase classname="7.ML.7.12.optional_pipeline_automation.tests.test_governance.TestGovernance" name="test_labels_authorized_false_without_flag" time="1.880" /><testcase classname="7.ML.7.12.optional_pipeline_automation.tests.test_governance.TestGovernance" name="test_labels_authorized_true_with_flag" time="1.900" /><testcase classname="7.ML.7.12.optional_pipeline_automation.tests.test_governance.TestGovernance" name="test_governance_section_in_results" time="1.532" /><testcase classname="7.ML.7.12.optional_pipeline_automation.tests.test_label_availability.TestLabelAvailability" name="test_phase3_labels_not_available" time="4.204" /><testcase classname="7.ML.7.12.optional_pipeline_automation.tests.test_label_availability.TestLabelAvailability" name="test_labels_not_authorized_without_flag" time="3.977" /><testcase classname="7.ML.7.12.optional_pipeline_automation.tests.test_label_availability.TestLabelAvailability" name="test_labels_authorized_with_flag" time="3.978" /><testcase classname="7.ML.7.12.optional_pipeline_automation.tests.test_label_availability.TestLabelAvailability" name="test_target_present_not_authorized_warning" time="4.061" /><testcase classname="7.ML.7.12.optional_pipeline_automation.tests.test_label_availability.TestLabelAvailability" name="test_label_availability_result_file_written" time="1.584" /><testcase classname="7.ML.7.12.optional_pipeline_automation.tests.test_monitor_result.TestMonitorResult" name="test_result_init" time="0.001" /><testcase classname="7.ML.7.12.optional_pipeline_automation.tests.test_monitor_result.TestMonitorResult" name="test_result_to_dict" time="0.001" /><testcase classname="7.ML.7.12.optional_pipeline_automation.tests.test_monitor_result.TestMonitorResult" name="test_blockers_and_warnings_fields" time="0.001" /><testcase classname="7.ML.7.12.optional_pipeline_automation.tests.test_monitor_result.TestBuildAlerts" name="test_blockers_become_alerts" time="0.001" /><testcase classname="7.ML.7.12.optional_pipeline_automation.tests.test_monitor_result.TestBuildAlerts" name="test_warnings_become_alerts" time="0.001" /><testcase classname="7.ML.7.12.optional_pipeline_automation.tests.test_monitor_result.TestBuildAlerts" name="test_alert_id_format" time="0.001" /><testcase classname="7.ML.7.12.optional_pipeline_automation.tests.test_monitor_result.TestBuildOpenItems" name="test_blocker_becomes_open_item" time="0.002" /><testcase classname="7.ML.7.12.optional_pipeline_automation.tests.test_monitor_result.TestBuildOpenItems" name="test_phase3_deferred_item_present" time="0.001" /><testcase classname="7.ML.7.12.optional_pipeline_automation.tests.test_monitor_result.TestBuildOpenItems" name="test_open_item_id_format" time="0.001" /><testcase classname="7.ML.7.12.optional_pipeline_automation.tests.test_monitor_result.TestVerifyGovernance" name="test_no_violations_with_clean_result" time="0.001" /><testcase classname="7.ML.7.12.optional_pipeline_automation.tests.test_monitor_result.TestVerifyGovernance" name="test_violation_if_training_executed" time="0.001" /><testcase classname="7.ML.7.12.optional_pipeline_automation.tests.test_monitor_result.TestVerifyGovernance" name="test_violation_if_baseline_mutated" time="0.001" /><testcase classname="7.ML.7.12.optional_pipeline_automation.tests.test_monitor_result.TestUtilityFunctions" name="test_sha256_file" time="0.005" /><testcase classname="7.ML.7.12.optional_pipeline_automation.tests.test_monitor_result.TestUtilityFunctions" name="test_sha256_str" time="0.001" /><testcase classname="7.ML.7.12.optional_pipeline_automation.tests.test_monitor_result.TestUtilityFunctions" name="test_make_uuid_format" time="0.001" /><testcase classname="7.ML.7.12.optional_pipeline_automation.tests.test_monitor_result.TestUtilityFunctions" name="test_utcnow_format" time="0.001" /><testcase classname="7.ML.7.12.optional_pipeline_automation.tests.test_output_structure.TestOutputStructure" name="test_all_result_files_written" time="3.947" /><testcase classname="7.ML.7.12.optional_pipeline_automation.tests.test_output_structure.TestOutputStructure" name="test_run_manifest_required_fields" time="1.597" /><testcase classname="7.ML.7.12.optional_pipeline_automation.tests.test_output_structure.TestOutputStructure" name="test_results_has_required_fields" time="1.672" /><testcase classname="7.ML.7.12.optional_pipeline_automation.tests.test_output_structure.TestOutputStructure" name="test_results_includes_all_check_flags" time="1.694" /><testcase classname="7.ML.7.12.optional_pipeline_automation.tests.test_output_structure.TestOutputStructure" name="test_console_output_shows_all_sections" time="1.856" /><testcase classname="7.ML.7.12.optional_pipeline_automation.tests.test_output_structure.TestOutputStructure" name="test_json_summary_flag_prints_json" time="1.600" /><testcase classname="7.ML.7.12.optional_pipeline_automation.tests.test_output_structure.TestOutputStructure" name="test_run_id_unique_per_run" time="3.668" /><testcase classname="7.ML.7.12.optional_pipeline_automation.tests.test_output_structure.TestOutputStructure" name="test_mixed_scenario_pass_with_warnings" time="4.224" /><testcase classname="7.ML.7.12.optional_pipeline_automation.tests.test_prediction_drift.TestPredictionDrift" name="test_prediction_drift_result_file_written" time="1.661" /><testcase classname="7.ML.7.12.optional_pipeline_automation.tests.test_prediction_drift.TestPredictionDrift" name="test_prediction_generation_manifest_written" time="3.898" /><testcase classname="7.ML.7.12.optional_pipeline_automation.tests.test_prediction_drift.TestPredictionDrift" name="test_no_predictions_when_batch_absent" time="1.613" /><testcase classname="7.ML.7.12.optional_pipeline_automation.tests.test_prediction_drift.TestPredictionDrift" name="test_prediction_drift_status_when_not_run" time="1.822" /><testcase classname="7.ML.7.12.optional_pipeline_automation.tests.test_prediction_drift.TestPredictionDrift" name="test_prediction_drift_result_in_run_manifest" time="3.715" /><testcase classname="7.ML.7.12.optional_pipeline_automation.tests.test_psi.TestPSI" name="test_identical_distributions_psi_zero" time="0.001" /><testcase classname="7.ML.7.12.optional_pipeline_automation.tests.test_psi.TestPSI" name="test_shifted_distribution_psi_positive" time="0.001" /><testcase classname="7.ML.7.12.optional_pipeline_automation.tests.test_psi.TestPSI" name="test_not_enough_data" time="0.001" /><testcase classname="7.ML.7.12.optional_pipeline_automation.tests.test_psi.TestPSI" name="test_fixed_bins_used" time="0.001" /><testcase classname="7.ML.7.12.optional_pipeline_automation.tests.test_psi.TestPSI" name="test_epsilon_prevents_log_zero" time="0.001" /><testcase classname="7.ML.7.12.optional_pipeline_automation.tests.test_psi.TestPSI" name="test_sample_size_ok_flag" time="0.001" /><testcase classname="7.ML.7.12.optional_pipeline_automation.tests.test_psi.TestPSI" name="test_nan_filtered" time="0.001" /><testcase classname="7.ML.7.12.optional_pipeline_automation.tests.test_psi.TestPSI" name="test_empty_bins_handled" time="0.001" /><testcase classname="7.ML.7.12.optional_pipeline_automation.tests.test_psi.TestPSI" name="test_returns_bin_edges" time="0.001" /><testcase classname="7.ML.7.12.optional_pipeline_automation.tests.test_sample_size.TestSampleSize" name="test_sample_size_result_written" time="4.151" /><testcase classname="7.ML.7.12.optional_pipeline_automation.tests.test_sample_size.TestSampleSize" name="test_small_batch_not_enough_data" time="3.952" /><testcase classname="7.ML.7.12.optional_pipeline_automation.tests.test_sample_size.TestSampleSize" name="test_adequate_batch_passes" time="3.935" /><testcase classname="7.ML.7.12.optional_pipeline_automation.tests.test_sample_size.TestSampleSize" name="test_no_batch_sample_size" time="1.857" /><testcase classname="7.ML.7.12.optional_pipeline_automation.tests.test_schema_monitoring.TestSchemaMonitoring" name="test_missing_required_field_blocks" time="2.813" /><testcase classname="7.ML.7.12.optional_pipeline_automation.tests.test_schema_monitoring.TestSchemaMonitoring" name="test_schema_result_file_written" time="2.861" /><testcase classname="7.ML.7.12.optional_pipeline_automation.tests.test_schema_monitoring.TestSchemaMonitoring" name="test_unexpected_field_raises_warning" time="2.926" /><testcase classname="7.ML.7.12.optional_pipeline_automation.tests.test_schema_monitoring.TestSchemaMonitoring" name="test_schema_check_not_run_without_batch" time="1.197" /><testcase classname="7.ML.7.12.optional_pipeline_automation.tests.test_tvd.TestTVD" name="test_identical_distributions_tvd_zero" time="0.001" /><testcase classname="7.ML.7.12.optional_pipeline_automation.tests.test_tvd.TestTVD" name="test_max_tvd_is_half" time="0.001" /><testcase classname="7.ML.7.12.optional_pipeline_automation.tests.test_tvd.TestTVD" name="test_unseen_categories_detected" time="0.001" /><testcase classname="7.ML.7.12.optional_pipeline_automation.tests.test_tvd.TestTVD" name="test_null_baseline_frequencies_ignored" time="0.001" /><testcase classname="7.ML.7.12.optional_pipeline_automation.tests.test_tvd.TestTVD" name="test_partial_null_baseline" time="0.001" /><testcase classname="7.ML.7.12.optional_pipeline_automation.tests.test_tvd.TestTVD" name="test_missing_categories_in_expected" time="0.001" /><testcase classname="7.ML.7.12.optional_pipeline_automation.tests.test_tvd.TestTVD" name="test_tvd_bounded_0_to_1" time="0.001" /><testcase classname="7.ML.7.12.optional_pipeline_automation.tests.test_tvd.TestTVD" name="test_empty_current" time="0.001" /><testcase classname="7.ML.7.12.optional_pipeline_automation.tests.test_version_consistency.TestVersionConsistency" name="test_version_consistency_result_file_written" time="1.103" /><testcase classname="7.ML.7.12.optional_pipeline_automation.tests.test_version_consistency.TestVersionConsistency" name="test_model_version_matches_config" time="1.154" /><testcase classname="7.ML.7.12.optional_pipeline_automation.tests.test_version_consistency.TestVersionConsistency" name="test_package_version_matches_config" time="1.039" /><testcase classname="7.ML.7.12.optional_pipeline_automation.tests.test_version_consistency.TestVersionConsistency" name="test_schema_id_matches_config" time="1.187" /><testcase classname="7.ML.7.12.optional_pipeline_automation.tests.test_version_consistency.TestVersionConsistency" name="test_checks_list_populated" time="1.067" /></testsuite></testsuites>