<?xml version="1.0" encoding="utf-8"?><testsuites name="pytest tests"><testsuite name="pytest" errors="0" failures="0" skipped="0" tests="41" time="0.948" timestamp="2026-07-23T07:57:39.137957+07:00" hostname="TuanAnh"><testcase classname="7.ML.7.9.explainability.tests.test_feature_2_6_phase_1.TestInputContract" name="test_f25_gate_valid" time="0.001" /><testcase classname="7.ML.7.9.explainability.tests.test_feature_2_6_phase_1.TestInputContract" name="test_source_feature" time="0.001" /><testcase classname="7.ML.7.9.explainability.tests.test_feature_2_6_phase_1.TestInputContract" name="test_explainability_owner" time="0.001" /><testcase classname="7.ML.7.9.explainability.tests.test_feature_2_6_phase_1.TestInputContract" name="test_shap_not_started" time="0.001" /><testcase classname="7.ML.7.9.explainability.tests.test_feature_2_6_phase_1.TestInputContract" name="test_model_selection_locked" time="0.001" /><testcase classname="7.ML.7.9.explainability.tests.test_feature_2_6_phase_1.TestChampionIdentity" name="test_champion_id" time="0.001" /><testcase classname="7.ML.7.9.explainability.tests.test_feature_2_6_phase_1.TestChampionIdentity" name="test_artifact_exists" time="0.001" /><testcase classname="7.ML.7.9.explainability.tests.test_feature_2_6_phase_1.TestChampionIdentity" name="test_hash_consistent_with_f25" time="0.001" /><testcase classname="7.ML.7.9.explainability.tests.test_feature_2_6_phase_1.TestChampionIdentity" name="test_no_identity_conflict" time="0.001" /><testcase classname="7.ML.7.9.explainability.tests.test_feature_2_6_phase_1.TestChampionLock" name="test_training_not_allowed" time="0.001" /><testcase classname="7.ML.7.9.explainability.tests.test_feature_2_6_phase_1.TestChampionLock" name="test_tuning_not_allowed" time="0.001" /><testcase classname="7.ML.7.9.explainability.tests.test_feature_2_6_phase_1.TestChampionLock" name="test_reselection_not_allowed" time="0.001" /><testcase classname="7.ML.7.9.explainability.tests.test_feature_2_6_phase_1.TestChampionLock" name="test_modification_not_allowed" time="0.001" /><testcase classname="7.ML.7.9.explainability.tests.test_feature_2_6_phase_1.TestDimensions" name="test_bundle_input_recorded" time="0.001" /><testcase classname="7.ML.7.9.explainability.tests.test_feature_2_6_phase_1.TestDimensions" name="test_selected_count_recorded" time="0.001" /><testcase classname="7.ML.7.9.explainability.tests.test_feature_2_6_phase_1.TestDimensions" name="test_matrix_width_recorded" time="0.001" /><testcase classname="7.ML.7.9.explainability.tests.test_feature_2_6_phase_1.TestDimensions" name="test_feature_names_available" time="0.001" /><testcase classname="7.ML.7.9.explainability.tests.test_feature_2_6_phase_1.TestFeatureNames" name="test_count_matches_width" time="0.001" /><testcase classname="7.ML.7.9.explainability.tests.test_feature_2_6_phase_1.TestFeatureNames" name="test_no_empty_names" time="0.001" /><testcase classname="7.ML.7.9.explainability.tests.test_feature_2_6_phase_1.TestFeatureNames" name="test_no_duplicate_names" time="0.001" /><testcase classname="7.ML.7.9.explainability.tests.test_feature_2_6_phase_1.TestTrainSource" name="test_source_valid" time="0.001" /><testcase classname="7.ML.7.9.explainability.tests.test_feature_2_6_phase_1.TestTrainSource" name="test_split_label" time="0.001" /><testcase classname="7.ML.7.9.explainability.tests.test_feature_2_6_phase_1.TestTrainSource" name="test_has_rows" time="0.001" /><testcase classname="7.ML.7.9.explainability.tests.test_feature_2_6_phase_1.TestBackgroundSample" name="test_raw_exists" time="0.001" /><testcase classname="7.ML.7.9.explainability.tests.test_feature_2_6_phase_1.TestBackgroundSample" name="test_actual_rows" time="0.001" /><testcase classname="7.ML.7.9.explainability.tests.test_feature_2_6_phase_1.TestBackgroundSample" name="test_target_excluded" time="0.045" /><testcase classname="7.ML.7.9.explainability.tests.test_feature_2_6_phase_1.TestBackgroundSample" name="test_identifier_excluded" time="0.004" /><testcase classname="7.ML.7.9.explainability.tests.test_feature_2_6_phase_1.TestBackgroundTrainOnly" name="test_no_validation_overlap" time="0.001" /><testcase classname="7.ML.7.9.explainability.tests.test_feature_2_6_phase_1.TestBackgroundTrainOnly" name="test_no_test_overlap" time="0.001" /><testcase classname="7.ML.7.9.explainability.tests.test_feature_2_6_phase_1.TestBackgroundTrainOnly" name="test_train_only_verified" time="0.001" /><testcase classname="7.ML.7.9.explainability.tests.test_feature_2_6_phase_1.TestBackgroundTransform" name="test_transformed_exists" time="0.001" /><testcase classname="7.ML.7.9.explainability.tests.test_feature_2_6_phase_1.TestBackgroundTransform" name="test_rows_match_raw" time="0.001" /><testcase classname="7.ML.7.9.explainability.tests.test_feature_2_6_phase_1.TestBackgroundTransform" name="test_columns_match_width" time="0.001" /><testcase classname="7.ML.7.9.explainability.tests.test_feature_2_6_phase_1.TestBackgroundTransform" name="test_no_nan" time="0.001" /><testcase classname="7.ML.7.9.explainability.tests.test_feature_2_6_phase_1.TestBackgroundTransform" name="test_no_inf" time="0.001" /><testcase classname="7.ML.7.9.explainability.tests.test_feature_2_6_phase_1.TestPhase1Governance" name="test_no_training" time="0.001" /><testcase classname="7.ML.7.9.explainability.tests.test_feature_2_6_phase_1.TestPhase1Governance" name="test_no_tuning" time="0.001" /><testcase classname="7.ML.7.9.explainability.tests.test_feature_2_6_phase_1.TestPhase1Governance" name="test_no_model_reselection" time="0.001" /><testcase classname="7.ML.7.9.explainability.tests.test_feature_2_6_phase_1.TestPhase1Governance" name="test_shap_not_computed" time="0.001" /><testcase classname="7.ML.7.9.explainability.tests.test_feature_2_6_phase_1.TestPhase1Governance" name="test_seed_locked" time="0.001" /><testcase classname="7.ML.7.9.explainability.tests.test_feature_2_6_phase_1.TestPhase1Governance" name="test_champion_locked" time="0.001" /></testsuite></testsuites>