<?xml version="1.0" encoding="utf-8"?><testsuites name="pytest tests"><testsuite name="pytest" errors="0" failures="0" skipped="0" tests="5" time="0.839" timestamp="2026-07-20T18:01:59.821991+07:00" hostname="TuanAnh"><testcase classname="7.ML.7.7.model_training.tests.test_feature_2_4_phase_2" name="test_dummy_linear_complete" time="0.001" /><testcase classname="7.ML.7.7.model_training.tests.test_feature_2_4_phase_2" name="test_ridge_controls" time="0.001" /><testcase classname="7.ML.7.7.model_training.tests.test_feature_2_4_phase_2" name="test_ridge_screening_configs" time="0.001" /><testcase classname="7.ML.7.7.model_training.tests.test_feature_2_4_phase_2" name="test_ridge_full_cv_and_best" time="0.001" /><testcase classname="7.ML.7.7.model_training.tests.test_feature_2_4_phase_2" name="test_experiment_registry_and_leakage" time="0.013" /></testsuite></testsuites>