<?xml version="1.0" encoding="utf-8"?><testsuites name="pytest tests"><testsuite name="pytest" errors="0" failures="0" skipped="0" tests="20" time="0.931" timestamp="2026-07-20T18:14:28.007853+07:00" hostname="TuanAnh"><testcase classname="7.ML.7.7.model_training.tests.test_feature_2_4_feature_pipeline" name="test_pipeline_output" time="0.001" /><testcase classname="7.ML.7.7.model_training.tests.test_feature_2_4_input_contract" name="test_input_contract" time="0.001" /><testcase classname="7.ML.7.7.model_training.tests.test_feature_2_4_input_contract" name="test_train_val_schema_match" time="0.001" /><testcase classname="7.ML.7.7.model_training.tests.test_feature_2_4_phase_2" name="test_dummy_linear_complete" time="0.001" /><testcase classname="7.ML.7.7.model_training.tests.test_feature_2_4_phase_2" name="test_ridge_controls" time="0.001" /><testcase classname="7.ML.7.7.model_training.tests.test_feature_2_4_phase_2" name="test_ridge_screening_configs" time="0.001" /><testcase classname="7.ML.7.7.model_training.tests.test_feature_2_4_phase_2" name="test_ridge_full_cv_and_best" time="0.001" /><testcase classname="7.ML.7.7.model_training.tests.test_feature_2_4_phase_2" name="test_experiment_registry_and_leakage" time="0.008" /><testcase classname="7.ML.7.7.model_training.tests.test_feature_2_4_phase_3" name="test_rf_screening_configs" time="0.001" /><testcase classname="7.ML.7.7.model_training.tests.test_feature_2_4_phase_3" name="test_rf_full_cv_and_best" time="0.001" /><testcase classname="7.ML.7.7.model_training.tests.test_feature_2_4_phase_3" name="test_experiment_registry_and_leakage" time="0.003" /><testcase classname="7.ML.7.7.model_training.tests.test_feature_2_4_phase_4" name="test_xgboost_screening_configs" time="0.001" /><testcase classname="7.ML.7.7.model_training.tests.test_feature_2_4_phase_4" name="test_xgboost_full_cv_and_best" time="0.001" /><testcase classname="7.ML.7.7.model_training.tests.test_feature_2_4_phase_4" name="test_experiment_registry_and_leakage" time="0.003" /><testcase classname="7.ML.7.7.model_training.tests.test_feature_2_4_phase_5" name="test_champion_selection" time="0.001" /><testcase classname="7.ML.7.7.model_training.tests.test_feature_2_4_phase_5" name="test_closure_gate" time="0.001" /><testcase classname="7.ML.7.7.model_training.tests.test_feature_2_4_phase_5" name="test_f25_contract" time="0.001" /><testcase classname="7.ML.7.7.model_training.tests.test_feature_2_4_search_budget" name="test_search_budget" time="0.001" /><testcase classname="7.ML.7.7.model_training.tests.test_feature_2_4_search_budget" name="test_global_config" time="0.001" /><testcase classname="7.ML.7.7.model_training.tests.test_feature_2_4_temporal_cv" name="test_temporal_cv_folds" time="0.001" /></testsuite></testsuites>