<?xml version="1.0" encoding="utf-8"?><testsuites name="pytest tests"><testsuite name="pytest" errors="0" failures="0" skipped="0" tests="6" time="0.246" timestamp="2026-07-20T17:53:42.013453+07:00" hostname="TuanAnh"><testcase classname="7.ML.7.7.model_training.tests.test_feature_2_4_feature_pipeline" name="test_pipeline_output" time="0.001" /><testcase classname="7.ML.7.7.model_training.tests.test_feature_2_4_input_contract" name="test_input_contract" time="0.001" /><testcase classname="7.ML.7.7.model_training.tests.test_feature_2_4_input_contract" name="test_train_val_schema_match" time="0.001" /><testcase classname="7.ML.7.7.model_training.tests.test_feature_2_4_search_budget" name="test_search_budget" time="0.001" /><testcase classname="7.ML.7.7.model_training.tests.test_feature_2_4_search_budget" name="test_global_config" time="0.001" /><testcase classname="7.ML.7.7.model_training.tests.test_feature_2_4_temporal_cv" name="test_temporal_cv_folds" time="0.001" /></testsuite></testsuites>