<?xml version="1.0" encoding="utf-8"?><testsuites name="pytest tests"><testsuite name="pytest" errors="0" failures="0" skipped="0" tests="9" time="0.067" timestamp="2026-07-20T22:00:24.252261+07:00" hostname="TuanAnh"><testcase classname="7.ML.7.7.model_training.tests.test_feature_2_4_phase_5_closure" name="test_champion_selected" time="0.001" /><testcase classname="7.ML.7.7.model_training.tests.test_feature_2_4_phase_5_closure" name="test_closure_gate" time="0.001" /><testcase classname="7.ML.7.7.model_training.tests.test_feature_2_4_phase_5_closure" name="test_feature_2_5_contract" time="0.001" /><testcase classname="7.ML.7.7.model_training.tests.test_feature_2_4_phase_5_closure" name="test_experiment_registry_flags" time="0.001" /><testcase classname="7.ML.7.7.model_training.tests.test_feature_2_4_phase_5_closure" name="test_champion_bundle_exists" time="0.001" /><testcase classname="7.ML.7.7.model_training.tests.test_feature_2_4_phase_5_closure" name="test_runner_up_bundle_exists" time="0.001" /><testcase classname="7.ML.7.7.model_training.tests.test_feature_2_4_phase_5_closure" name="test_champion_roundtrip" time="0.001" /><testcase classname="7.ML.7.7.model_training.tests.test_feature_2_4_phase_5_closure" name="test_runner_up_roundtrip" time="0.001" /><testcase classname="7.ML.7.7.model_training.tests.test_feature_2_4_phase_5_closure" name="test_checkpoint_phase5" time="0.001" /></testsuite></testsuites>