<?xml version="1.0" encoding="utf-8"?><testsuites name="pytest tests"><testsuite name="pytest" errors="0" failures="0" skipped="3" tests="314" time="0.987" timestamp="2026-07-19T19:50:24.282073+07:00" hostname="TuanAnh"><testcase classname="7.ML.7.6.feature_engineering.tests.test_feature_2_3_ablation.TestAblationExperimentCoverage" name="test_time_experiments_present" time="0.002" /><testcase classname="7.ML.7.6.feature_engineering.tests.test_feature_2_3_ablation.TestAblationExperimentCoverage" name="test_duration_experiments_present" time="0.001" /><testcase classname="7.ML.7.6.feature_engineering.tests.test_feature_2_3_ablation.TestAblationExperimentCoverage" name="test_audio_experiments_present" time="0.001" /><testcase classname="7.ML.7.6.feature_engineering.tests.test_feature_2_3_ablation.TestAblationExperimentCoverage" name="test_total_experiment_count" time="0.001" /><testcase classname="7.ML.7.6.feature_engineering.tests.test_feature_2_3_ablation.TestExperimentStructure" name="test_experiment_has_required_fields[EXP23-T0]" time="0.001" /><testcase classname="7.ML.7.6.feature_engineering.tests.test_feature_2_3_ablation.TestExperimentStructure" name="test_experiment_has_required_fields[EXP23-D0]" time="0.001" /><testcase classname="7.ML.7.6.feature_engineering.tests.test_feature_2_3_ablation.TestExperimentStructure" name="test_experiment_has_required_fields[EXP23-A0]" time="0.001" /><testcase classname="7.ML.7.6.feature_engineering.tests.test_feature_2_3_ablation.TestExperimentMetrics" name="test_train_metrics_have_required_fields" time="0.001" /><testcase classname="7.ML.7.6.feature_engineering.tests.test_feature_2_3_ablation.TestExperimentMetrics" name="test_validation_metrics_have_required_fields" time="0.001" /><testcase classname="7.ML.7.6.feature_engineering.tests.test_feature_2_3_ablation.TestExperimentMetrics" name="test_mae_positive" time="0.001" /><testcase classname="7.ML.7.6.feature_engineering.tests.test_feature_2_3_ablation.TestExperimentMetrics" name="test_rmse_positive" time="0.001" /><testcase classname="7.ML.7.6.feature_engineering.tests.test_feature_2_3_ablation.TestExperimentMetrics" name="test_runtime_positive" time="0.001" /><testcase classname="7.ML.7.6.feature_engineering.tests.test_feature_2_3_ablation.TestExperimentMetrics" name="test_random_state_consistent" time="0.001" /><testcase classname="7.ML.7.6.feature_engineering.tests.test_feature_2_3_ablation.TestExperimentSplits" name="test_all_experiments_fit_on_train" time="0.001" /><testcase classname="7.ML.7.6.feature_engineering.tests.test_feature_2_3_ablation.TestExperimentSplits" name="test_all_experiments_eval_on_validation" time="0.001" /><testcase classname="7.ML.7.6.feature_engineering.tests.test_feature_2_3_ablation.TestExperimentSplits" name="test_all_experiments_use_ridge_model" time="0.001" /><testcase classname="7.ML.7.6.feature_engineering.tests.test_feature_2_3_ablation.TestExperimentSplits" name="test_row_counts_consistent" time="0.001" /><testcase classname="7.ML.7.6.feature_engineering.tests.test_feature_2_3_ablation.TestBaselineReference" name="test_baseline_experiment_matches_baseline_metrics" time="0.001" /><testcase classname="7.ML.7.6.feature_engineering.tests.test_feature_2_3_ablation.TestFeatureSelectionResults" name="test_selection_method_is_train_only_temporal_cv" time="0.001" /><testcase classname="7.ML.7.6.feature_engineering.tests.test_feature_2_3_ablation.TestFeatureSelectionResults" name="test_best_experiment_is_EXP23_A10" time="0.001" /><testcase classname="7.ML.7.6.feature_engineering.tests.test_feature_2_3_ablation.TestFeatureSelectionResults" name="test_best_experiment_exists_in_ablation" time="0.001" /><testcase classname="7.ML.7.6.feature_engineering.tests.test_feature_2_3_ablation.TestFeatureSelectionResults" name="test_best_rmse_improvement_is_positive" time="0.001" /><testcase classname="7.ML.7.6.feature_engineering.tests.test_feature_2_3_ablation.TestFeatureSelectionResults" name="test_improvement_pct_reasonable" time="0.001" /><testcase classname="7.ML.7.6.feature_engineering.tests.test_feature_2_3_ablation.TestFeatureSelectionResults" name="test_best_rmse_better_than_baseline" time="0.001" /><testcase classname="7.ML.7.6.feature_engineering.tests.test_feature_2_3_ablation.TestFeatureSelectionResults" name="test_engineered_features_were_selected" time="0.001" /><testcase classname="7.ML.7.6.feature_engineering.tests.test_feature_2_3_ablation.TestFeatureSelectionResults" name="test_selected_feature_count_reasonable" time="0.001" /><testcase classname="7.ML.7.6.feature_engineering.tests.test_feature_2_3_ablation.TestAblationValidationResults" name="test_ablations_complete_check_passed" time="0.001" /><testcase classname="7.ML.7.6.feature_engineering.tests.test_feature_2_3_ablation.TestAblationValidationResults" name="test_time_experiments_valid_check_passed" time="0.001" /><testcase classname="7.ML.7.6.feature_engineering.tests.test_feature_2_3_ablation.TestAblationValidationResults" name="test_audio_experiments_valid_check_passed" time="0.001" /><testcase classname="7.ML.7.6.feature_engineering.tests.test_feature_2_3_artifacts.TestArtifactFilePresence" name="test_artifact_exists[baseline_feature_set.json]" time="0.001" /><testcase classname="7.ML.7.6.feature_engineering.tests.test_feature_2_3_artifacts.TestArtifactFilePresence" name="test_artifact_exists[baseline_feature_validation.json]" time="0.001" /><testcase classname="7.ML.7.6.feature_engineering.tests.test_feature_2_3_artifacts.TestArtifactFilePresence" name="test_artifact_exists[baseline_metrics.json]" time="0.001" /><testcase classname="7.ML.7.6.feature_engineering.tests.test_feature_2_3_artifacts.TestArtifactFilePresence" name="test_artifact_exists[baseline_model_config.json]" time="0.001" /><testcase classname="7.ML.7.6.feature_engineering.tests.test_feature_2_3_artifacts.TestArtifactFilePresence" name="test_artifact_exists[baseline_validation_predictions.parquet]" time="0.001" /><testcase classname="7.ML.7.6.feature_engineering.tests.test_feature_2_3_artifacts.TestArtifactFilePresence" name="test_artifact_exists[duration_feature_ablation_results.json]" time="0.001" /><testcase classname="7.ML.7.6.feature_engineering.tests.test_feature_2_3_artifacts.TestArtifactFilePresence" name="test_artifact_exists[duration_thresholds.json]" time="0.001" /><testcase classname="7.ML.7.6.feature_engineering.tests.test_feature_2_3_artifacts.TestArtifactFilePresence" name="test_artifact_exists[feature_2_3_generation_context.json]" time="0.001" /><testcase classname="7.ML.7.6.feature_engineering.tests.test_feature_2_3_artifacts.TestArtifactFilePresence" name="test_artifact_exists[feature_2_3_validation_results.json]" time="0.001" /><testcase classname="7.ML.7.6.feature_engineering.tests.test_feature_2_3_artifacts.TestArtifactFilePresence" name="test_artifact_exists[feature_2_4_input_contract.json]" time="0.001" /><testcase classname="7.ML.7.6.feature_engineering.tests.test_feature_2_3_artifacts.TestArtifactFilePresence" name="test_artifact_exists[feature_ablation_results.json]" time="0.001" /><testcase classname="7.ML.7.6.feature_engineering.tests.test_feature_2_3_artifacts.TestArtifactFilePresence" name="test_artifact_exists[feature_engineering_pipeline.joblib]" time="0.001" /><testcase classname="7.ML.7.6.feature_engineering.tests.test_feature_2_3_artifacts.TestArtifactFilePresence" name="test_artifact_exists[feature_engineering_pipeline_manifest.json]" time="0.001" /><testcase classname="7.ML.7.6.feature_engineering.tests.test_feature_2_3_artifacts.TestArtifactFilePresence" name="test_artifact_exists[feature_registry.csv]" time="0.001" /><testcase classname="7.ML.7.6.feature_engineering.tests.test_feature_2_3_artifacts.TestArtifactFilePresence" name="test_artifact_exists[feature_registry.json]" time="0.001" /><testcase classname="7.ML.7.6.feature_engineering.tests.test_feature_2_3_artifacts.TestArtifactFilePresence" name="test_artifact_exists[feature_registry_manifest.json]" time="0.001" /><testcase classname="7.ML.7.6.feature_engineering.tests.test_feature_2_3_artifacts.TestArtifactFilePresence" name="test_artifact_exists[feature_selection_results.json]" time="0.001" /><testcase classname="7.ML.7.6.feature_engineering.tests.test_feature_2_3_artifacts.TestArtifactFilePresence" name="test_artifact_exists[mood_cluster_status.json]" time="0.001" /><testcase classname="7.ML.7.6.feature_engineering.tests.test_feature_2_3_artifacts.TestArtifactFilePresence" name="test_artifact_exists[selected_feature_set.json]" time="0.001" /><testcase classname="7.ML.7.6.feature_engineering.tests.test_feature_2_3_artifacts.TestArtifactFilePresence" name="test_artifact_exists[train_engineered_schema.json]" time="0.001" /><testcase classname="7.ML.7.6.feature_engineering.tests.test_feature_2_3_artifacts.TestArtifactFilePresence" name="test_artifact_exists[validation_engineered_schema.json]" time="0.001" /><testcase classname="7.ML.7.6.feature_engineering.tests.test_feature_2_3_artifacts.TestArtifactFilePresence" name="test_artifact_non_empty[baseline_feature_set.json]" time="0.001" /><testcase classname="7.ML.7.6.feature_engineering.tests.test_feature_2_3_artifacts.TestArtifactFilePresence" name="test_artifact_non_empty[baseline_feature_validation.json]" time="0.001" /><testcase classname="7.ML.7.6.feature_engineering.tests.test_feature_2_3_artifacts.TestArtifactFilePresence" name="test_artifact_non_empty[baseline_metrics.json]" time="0.001" /><testcase classname="7.ML.7.6.feature_engineering.tests.test_feature_2_3_artifacts.TestArtifactFilePresence" name="test_artifact_non_empty[baseline_model_config.json]" time="0.001" /><testcase classname="7.ML.7.6.feature_engineering.tests.test_feature_2_3_artifacts.TestArtifactFilePresence" name="test_artifact_non_empty[baseline_validation_predictions.parquet]" time="0.001" /><testcase classname="7.ML.7.6.feature_engineering.tests.test_feature_2_3_artifacts.TestArtifactFilePresence" name="test_artifact_non_empty[duration_feature_ablation_results.json]" time="0.001" /><testcase classname="7.ML.7.6.feature_engineering.tests.test_feature_2_3_artifacts.TestArtifactFilePresence" name="test_artifact_non_empty[duration_thresholds.json]" time="0.001" /><testcase classname="7.ML.7.6.feature_engineering.tests.test_feature_2_3_artifacts.TestArtifactFilePresence" name="test_artifact_non_empty[feature_2_3_generation_context.json]" time="0.001" /><testcase classname="7.ML.7.6.feature_engineering.tests.test_feature_2_3_artifacts.TestArtifactFilePresence" name="test_artifact_non_empty[feature_2_3_validation_results.json]" time="0.001" /><testcase classname="7.ML.7.6.feature_engineering.tests.test_feature_2_3_artifacts.TestArtifactFilePresence" name="test_artifact_non_empty[feature_2_4_input_contract.json]" time="0.001" /><testcase classname="7.ML.7.6.feature_engineering.tests.test_feature_2_3_artifacts.TestArtifactFilePresence" name="test_artifact_non_empty[feature_ablation_results.json]" time="0.001" /><testcase classname="7.ML.7.6.feature_engineering.tests.test_feature_2_3_artifacts.TestArtifactFilePresence" name="test_artifact_non_empty[feature_engineering_pipeline.joblib]" time="0.001" /><testcase classname="7.ML.7.6.feature_engineering.tests.test_feature_2_3_artifacts.TestArtifactFilePresence" name="test_artifact_non_empty[feature_engineering_pipeline_manifest.json]" time="0.001" /><testcase classname="7.ML.7.6.feature_engineering.tests.test_feature_2_3_artifacts.TestArtifactFilePresence" name="test_artifact_non_empty[feature_registry.csv]" time="0.001" /><testcase classname="7.ML.7.6.feature_engineering.tests.test_feature_2_3_artifacts.TestArtifactFilePresence" name="test_artifact_non_empty[feature_registry.json]" time="0.001" /><testcase classname="7.ML.7.6.feature_engineering.tests.test_feature_2_3_artifacts.TestArtifactFilePresence" name="test_artifact_non_empty[feature_registry_manifest.json]" time="0.001" /><testcase classname="7.ML.7.6.feature_engineering.tests.test_feature_2_3_artifacts.TestArtifactFilePresence" name="test_artifact_non_empty[feature_selection_results.json]" time="0.001" /><testcase classname="7.ML.7.6.feature_engineering.tests.test_feature_2_3_artifacts.TestArtifactFilePresence" name="test_artifact_non_empty[mood_cluster_status.json]" time="0.001" /><testcase classname="7.ML.7.6.feature_engineering.tests.test_feature_2_3_artifacts.TestArtifactFilePresence" name="test_artifact_non_empty[selected_feature_set.json]" time="0.001" /><testcase classname="7.ML.7.6.feature_engineering.tests.test_feature_2_3_artifacts.TestArtifactFilePresence" name="test_artifact_non_empty[train_engineered_schema.json]" time="0.001" /><testcase classname="7.ML.7.6.feature_engineering.tests.test_feature_2_3_artifacts.TestArtifactFilePresence" name="test_artifact_non_empty[validation_engineered_schema.json]" time="0.001" /><testcase classname="7.ML.7.6.feature_engineering.tests.test_feature_2_3_artifacts.TestJsonArtifactsValidity" name="test_json_artifact_parseable[baseline_feature_set.json]" time="0.001" /><testcase classname="7.ML.7.6.feature_engineering.tests.test_feature_2_3_artifacts.TestJsonArtifactsValidity" name="test_json_artifact_parseable[baseline_feature_validation.json]" time="0.001" /><testcase classname="7.ML.7.6.feature_engineering.tests.test_feature_2_3_artifacts.TestJsonArtifactsValidity" name="test_json_artifact_parseable[baseline_metrics.json]" time="0.002" /><testcase classname="7.ML.7.6.feature_engineering.tests.test_feature_2_3_artifacts.TestJsonArtifactsValidity" name="test_json_artifact_parseable[baseline_model_config.json]" time="0.001" /><testcase classname="7.ML.7.6.feature_engineering.tests.test_feature_2_3_artifacts.TestJsonArtifactsValidity" name="test_json_artifact_parseable[duration_thresholds.json]" time="0.001" /><testcase classname="7.ML.7.6.feature_engineering.tests.test_feature_2_3_artifacts.TestJsonArtifactsValidity" name="test_json_artifact_parseable[feature_2_3_generation_context.json]" time="0.001" /><testcase classname="7.ML.7.6.feature_engineering.tests.test_feature_2_3_artifacts.TestJsonArtifactsValidity" name="test_json_artifact_parseable[feature_2_3_validation_results.json]" time="0.001" /><testcase classname="7.ML.7.6.feature_engineering.tests.test_feature_2_3_artifacts.TestJsonArtifactsValidity" name="test_json_artifact_parseable[feature_2_4_input_contract.json]" time="0.001" /><testcase classname="7.ML.7.6.feature_engineering.tests.test_feature_2_3_artifacts.TestJsonArtifactsValidity" name="test_json_artifact_parseable[feature_ablation_results.json]" time="0.001" /><testcase classname="7.ML.7.6.feature_engineering.tests.test_feature_2_3_artifacts.TestJsonArtifactsValidity" name="test_json_artifact_parseable[feature_engineering_pipeline_manifest.json]" time="0.001" /><testcase classname="7.ML.7.6.feature_engineering.tests.test_feature_2_3_artifacts.TestJsonArtifactsValidity" name="test_json_artifact_parseable[feature_registry.json]" time="0.001" /><testcase classname="7.ML.7.6.feature_engineering.tests.test_feature_2_3_artifacts.TestJsonArtifactsValidity" name="test_json_artifact_parseable[feature_registry_manifest.json]" time="0.001" /><testcase classname="7.ML.7.6.feature_engineering.tests.test_feature_2_3_artifacts.TestJsonArtifactsValidity" name="test_json_artifact_parseable[feature_selection_results.json]" time="0.001" /><testcase classname="7.ML.7.6.feature_engineering.tests.test_feature_2_3_artifacts.TestJsonArtifactsValidity" name="test_json_artifact_parseable[mood_cluster_status.json]" time="0.001" /><testcase classname="7.ML.7.6.feature_engineering.tests.test_feature_2_3_artifacts.TestJsonArtifactsValidity" name="test_json_artifact_parseable[selected_feature_set.json]" time="0.001" /><testcase classname="7.ML.7.6.feature_engineering.tests.test_feature_2_3_artifacts.TestJsonArtifactsValidity" name="test_json_artifact_parseable[train_engineered_schema.json]" time="0.001" /><testcase classname="7.ML.7.6.feature_engineering.tests.test_feature_2_3_artifacts.TestJsonArtifactsValidity" name="test_json_artifact_parseable[validation_engineered_schema.json]" time="0.001" /><testcase classname="7.ML.7.6.feature_engineering.tests.test_feature_2_3_artifacts.TestJsonArtifactsValidity" name="test_json_artifact_is_dict[baseline_feature_set.json]" time="0.001" /><testcase classname="7.ML.7.6.feature_engineering.tests.test_feature_2_3_artifacts.TestJsonArtifactsValidity" name="test_json_artifact_is_dict[baseline_feature_validation.json]" time="0.001" /><testcase classname="7.ML.7.6.feature_engineering.tests.test_feature_2_3_artifacts.TestJsonArtifactsValidity" name="test_json_artifact_is_dict[baseline_metrics.json]" time="0.001" /><testcase classname="7.ML.7.6.feature_engineering.tests.test_feature_2_3_artifacts.TestJsonArtifactsValidity" name="test_json_artifact_is_dict[baseline_model_config.json]" time="0.001" /><testcase classname="7.ML.7.6.feature_engineering.tests.test_feature_2_3_artifacts.TestJsonArtifactsValidity" name="test_json_artifact_is_dict[duration_thresholds.json]" time="0.001" /><testcase classname="7.ML.7.6.feature_engineering.tests.test_feature_2_3_artifacts.TestJsonArtifactsValidity" name="test_json_artifact_is_dict[feature_2_3_generation_context.json]" time="0.001" /><testcase classname="7.ML.7.6.feature_engineering.tests.test_feature_2_3_artifacts.TestJsonArtifactsValidity" name="test_json_artifact_is_dict[feature_2_3_validation_results.json]" time="0.001" /><testcase classname="7.ML.7.6.feature_engineering.tests.test_feature_2_3_artifacts.TestJsonArtifactsValidity" name="test_json_artifact_is_dict[feature_2_4_input_contract.json]" time="0.001" /><testcase classname="7.ML.7.6.feature_engineering.tests.test_feature_2_3_artifacts.TestJsonArtifactsValidity" name="test_json_artifact_is_dict[feature_ablation_results.json]" time="0.001" /><testcase classname="7.ML.7.6.feature_engineering.tests.test_feature_2_3_artifacts.TestJsonArtifactsValidity" name="test_json_artifact_is_dict[feature_engineering_pipeline_manifest.json]" time="0.001" /><testcase classname="7.ML.7.6.feature_engineering.tests.test_feature_2_3_artifacts.TestJsonArtifactsValidity" name="test_json_artifact_is_dict[feature_registry.json]" time="0.001" /><testcase classname="7.ML.7.6.feature_engineering.tests.test_feature_2_3_artifacts.TestJsonArtifactsValidity" name="test_json_artifact_is_dict[feature_registry_manifest.json]" time="0.001" /><testcase classname="7.ML.7.6.feature_engineering.tests.test_feature_2_3_artifacts.TestJsonArtifactsValidity" name="test_json_artifact_is_dict[feature_selection_results.json]" time="0.001" /><testcase classname="7.ML.7.6.feature_engineering.tests.test_feature_2_3_artifacts.TestJsonArtifactsValidity" name="test_json_artifact_is_dict[mood_cluster_status.json]" time="0.001" /><testcase classname="7.ML.7.6.feature_engineering.tests.test_feature_2_3_artifacts.TestJsonArtifactsValidity" name="test_json_artifact_is_dict[selected_feature_set.json]" time="0.001" /><testcase classname="7.ML.7.6.feature_engineering.tests.test_feature_2_3_artifacts.TestJsonArtifactsValidity" name="test_json_artifact_is_dict[train_engineered_schema.json]" time="0.001" /><testcase classname="7.ML.7.6.feature_engineering.tests.test_feature_2_3_artifacts.TestJsonArtifactsValidity" name="test_json_artifact_is_dict[validation_engineered_schema.json]" time="0.001" /><testcase classname="7.ML.7.6.feature_engineering.tests.test_feature_2_3_artifacts.TestSha256Hashes" name="test_baseline_feature_set_sha256_length" time="0.001" /><testcase classname="7.ML.7.6.feature_engineering.tests.test_feature_2_3_artifacts.TestSha256Hashes" name="test_baseline_feature_order_sha256_length" time="0.001" /><testcase classname="7.ML.7.6.feature_engineering.tests.test_feature_2_3_artifacts.TestSha256Hashes" name="test_pipeline_manifest_sha256_length" time="0.001" /><testcase classname="7.ML.7.6.feature_engineering.tests.test_feature_2_3_artifacts.TestSha256Hashes" name="test_feature_2_4_input_contract_sha256_length" time="0.001" /><testcase classname="7.ML.7.6.feature_engineering.tests.test_feature_2_3_artifacts.TestFeatureOrderConsistency" name="test_selected_feature_order_sha256_consistent" time="0.001" /><testcase classname="7.ML.7.6.feature_engineering.tests.test_feature_2_3_artifacts.TestFeature2_4InputContract" name="test_contract_source_feature_is_2_3" time="0.001" /><testcase classname="7.ML.7.6.feature_engineering.tests.test_feature_2_3_artifacts.TestFeature2_4InputContract" name="test_contract_target_is_target_popularity" time="0.001" /><testcase classname="7.ML.7.6.feature_engineering.tests.test_feature_2_3_artifacts.TestFeature2_4InputContract" name="test_contract_identifier_is_track_id" time="0.001" /><testcase classname="7.ML.7.6.feature_engineering.tests.test_feature_2_3_artifacts.TestFeature2_4InputContract" name="test_contract_selected_feature_count_is_31" time="0.001" /><testcase classname="7.ML.7.6.feature_engineering.tests.test_feature_2_3_artifacts.TestFeature2_4InputContract" name="test_contract_selected_feature_order_count_is_31" time="0.001" /><testcase classname="7.ML.7.6.feature_engineering.tests.test_feature_2_3_artifacts.TestFeature2_4InputContract" name="test_contract_selected_feature_order_matches_selected_set" time="0.001" /><testcase classname="7.ML.7.6.feature_engineering.tests.test_feature_2_3_artifacts.TestFeature2_4InputContract" name="test_contract_pipeline_path_in_manifest" time="0.001" /><testcase classname="7.ML.7.6.feature_engineering.tests.test_feature_2_3_artifacts.TestFeature2_4InputContract" name="test_contract_pipeline_sha256_matches_manifest" time="0.001" /><testcase classname="7.ML.7.6.feature_engineering.tests.test_feature_2_3_artifacts.TestFeature2_4InputContract" name="test_contract_row_counts_present" time="0.001" /><testcase classname="7.ML.7.6.feature_engineering.tests.test_feature_2_3_artifacts.TestFeature2_4InputContract" name="test_contract_test_status_is_deferred" time="0.001" /><testcase classname="7.ML.7.6.feature_engineering.tests.test_feature_2_3_artifacts.TestFeature2_4InputContract" name="test_contract_model_training_owner_is_feature_2_4" time="0.001" /><testcase classname="7.ML.7.6.feature_engineering.tests.test_feature_2_3_artifacts.TestFeature2_4InputContract" name="test_contract_validation_schema_valid" time="0.001" /><testcase classname="7.ML.7.6.feature_engineering.tests.test_feature_2_3_artifacts.TestValidationResultsChecks" name="test_validation_results_has_required_fields" time="0.001" /><testcase classname="7.ML.7.6.feature_engineering.tests.test_feature_2_3_artifacts.TestValidationResultsChecks" name="test_all_validation_checks_passed" time="0.001" /><testcase classname="7.ML.7.6.feature_engineering.tests.test_feature_2_3_artifacts.TestValidationResultsChecks" name="test_each_check_has_required_fields" time="0.001" /><testcase classname="7.ML.7.6.feature_engineering.tests.test_feature_2_3_artifacts.TestValidationResultsChecks" name="test_each_check_status_is_pass" time="0.001" /><testcase classname="7.ML.7.6.feature_engineering.tests.test_feature_2_3_baseline.TestBaselineFeatureCount" name="test_baseline_feature_count_is_18" time="0.001" /><testcase classname="7.ML.7.6.feature_engineering.tests.test_feature_2_3_baseline.TestBaselineFeatureCount" name="test_baseline_features_list_length" time="0.001" /><testcase classname="7.ML.7.6.feature_engineering.tests.test_feature_2_3_baseline.TestBaselineFeatureCount" name="test_baseline_feature_order_length" time="0.001" /><testcase classname="7.ML.7.6.feature_engineering.tests.test_feature_2_3_baseline.TestBaselineFeatureIdentity" name="test_track_id_not_in_features" time="0.001" /><testcase classname="7.ML.7.6.feature_engineering.tests.test_feature_2_3_baseline.TestBaselineFeatureIdentity" name="test_target_not_in_features" time="0.001" /><testcase classname="7.ML.7.6.feature_engineering.tests.test_feature_2_3_baseline.TestBaselineFeatureIdentity" name="test_identifier_field_present" time="0.001" /><testcase classname="7.ML.7.6.feature_engineering.tests.test_feature_2_3_baseline.TestBaselineFeatureIdentity" name="test_target_field_present" time="0.001" /><testcase classname="7.ML.7.6.feature_engineering.tests.test_feature_2_3_baseline.TestBaselineFeatureStatus" name="test_status_is_locked" time="0.001" /><testcase classname="7.ML.7.6.feature_engineering.tests.test_feature_2_3_baseline.TestBaselineFeatureStatus" name="test_engineering_applied_false" time="0.001" /><testcase classname="7.ML.7.6.feature_engineering.tests.test_feature_2_3_baseline.TestBaselineFeatureStatus" name="test_source_feature_is_2_2" time="0.001" /><testcase classname="7.ML.7.6.feature_engineering.tests.test_feature_2_3_baseline.TestBaselineFeatureHash" name="test_stored_sha256_matches_computed" time="0.001" /><testcase classname="7.ML.7.6.feature_engineering.tests.test_feature_2_3_baseline.TestBaselineFeatureHash" name="test_feature_list_and_order_hashes_match" time="0.001" /><testcase classname="7.ML.7.6.feature_engineering.tests.test_feature_2_3_baseline.TestBaselineFeatureHash" name="test_hash_matches_canonical" time="0.001" /><testcase classname="7.ML.7.6.feature_engineering.tests.test_feature_2_3_baseline.TestBaselineFeatureContent" name="test_expected_feature_present[duration_min]" time="0.001" /><testcase classname="7.ML.7.6.feature_engineering.tests.test_feature_2_3_baseline.TestBaselineFeatureContent" name="test_expected_feature_present[release_year]" time="0.001" /><testcase classname="7.ML.7.6.feature_engineering.tests.test_feature_2_3_baseline.TestBaselineFeatureContent" name="test_expected_feature_present[danceability]" time="0.001" /><testcase classname="7.ML.7.6.feature_engineering.tests.test_feature_2_3_baseline.TestBaselineFeatureContent" name="test_expected_feature_present[energy]" time="0.001" /><testcase classname="7.ML.7.6.feature_engineering.tests.test_feature_2_3_baseline.TestBaselineFeatureContent" name="test_expected_feature_present[loudness]" time="0.001" /><testcase classname="7.ML.7.6.feature_engineering.tests.test_feature_2_3_baseline.TestBaselineFeatureContent" name="test_expected_feature_present[speechiness]" time="0.001" /><testcase classname="7.ML.7.6.feature_engineering.tests.test_feature_2_3_baseline.TestBaselineFeatureContent" name="test_expected_feature_present[acousticness]" time="0.001" /><testcase classname="7.ML.7.6.feature_engineering.tests.test_feature_2_3_baseline.TestBaselineFeatureContent" name="test_expected_feature_present[instrumentalness]" time="0.001" /><testcase classname="7.ML.7.6.feature_engineering.tests.test_feature_2_3_baseline.TestBaselineFeatureContent" name="test_expected_feature_present[liveness]" time="0.001" /><testcase classname="7.ML.7.6.feature_engineering.tests.test_feature_2_3_baseline.TestBaselineFeatureContent" name="test_expected_feature_present[valence]" time="0.001" /><testcase classname="7.ML.7.6.feature_engineering.tests.test_feature_2_3_baseline.TestBaselineFeatureContent" name="test_expected_feature_present[tempo]" time="0.001" /><testcase classname="7.ML.7.6.feature_engineering.tests.test_feature_2_3_baseline.TestBaselineFeatureContent" name="test_expected_feature_present[release_month]" time="0.001" /><testcase classname="7.ML.7.6.feature_engineering.tests.test_feature_2_3_baseline.TestBaselineFeatureContent" name="test_expected_feature_present[decade]" time="0.001" /><testcase classname="7.ML.7.6.feature_engineering.tests.test_feature_2_3_baseline.TestBaselineFeatureContent" name="test_expected_feature_present[release_precision]" time="0.001" /><testcase classname="7.ML.7.6.feature_engineering.tests.test_feature_2_3_baseline.TestBaselineFeatureContent" name="test_expected_feature_present[key]" time="0.001" /><testcase classname="7.ML.7.6.feature_engineering.tests.test_feature_2_3_baseline.TestBaselineFeatureContent" name="test_expected_feature_present[time_signature]" time="0.001" /><testcase classname="7.ML.7.6.feature_engineering.tests.test_feature_2_3_baseline.TestBaselineFeatureContent" name="test_expected_feature_present[explicit]" time="0.001" /><testcase classname="7.ML.7.6.feature_engineering.tests.test_feature_2_3_baseline.TestBaselineFeatureContent" name="test_expected_feature_present[mode]" time="0.001" /><testcase classname="7.ML.7.6.feature_engineering.tests.test_feature_2_3_baseline.TestBaselineFeatureContent" name="test_all_expected_features_present" time="0.001" /><testcase classname="7.ML.7.6.feature_engineering.tests.test_feature_2_3_baseline.TestBaselineFeatureContent" name="test_no_duplicate_features" time="0.001" /><testcase classname="7.ML.7.6.feature_engineering.tests.test_feature_2_3_baseline.TestBaselineGenerationMetadata" name="test_feature_set_id_prefix" time="0.001" /><testcase classname="7.ML.7.6.feature_engineering.tests.test_feature_2_3_baseline.TestBaselineGenerationMetadata" name="test_generation_session_id_present" time="0.001" /><testcase classname="7.ML.7.6.feature_engineering.tests.test_feature_2_3_baseline.TestBaselineGenerationMetadata" name="test_locked_at_present" time="0.001" /><testcase classname="7.ML.7.6.feature_engineering.tests.test_feature_2_3_feature_registry.TestRegistryFeatureCounts" name="test_total_feature_count" time="0.001" /><testcase classname="7.ML.7.6.feature_engineering.tests.test_feature_2_3_feature_registry.TestRegistryFeatureCounts" name="test_baseline_feature_count" time="0.001" /><testcase classname="7.ML.7.6.feature_engineering.tests.test_feature_2_3_feature_registry.TestRegistryFeatureCounts" name="test_engineered_feature_count" time="0.001" /><testcase classname="7.ML.7.6.feature_engineering.tests.test_feature_2_3_feature_registry.TestRegistryFeatureCounts" name="test_selected_for_modeling_count" time="0.001" /><testcase classname="7.ML.7.6.feature_engineering.tests.test_feature_2_3_feature_registry.TestRegistryManifest" name="test_manifest_total_features" time="0.001" /><testcase classname="7.ML.7.6.feature_engineering.tests.test_feature_2_3_feature_registry.TestRegistryManifest" name="test_manifest_baseline_count" time="0.001" /><testcase classname="7.ML.7.6.feature_engineering.tests.test_feature_2_3_feature_registry.TestRegistryManifest" name="test_manifest_engineered_count" time="0.001" /><testcase classname="7.ML.7.6.feature_engineering.tests.test_feature_2_3_feature_registry.TestRegistryManifest" name="test_manifest_selected_count" time="0.001" /><testcase classname="7.ML.7.6.feature_engineering.tests.test_feature_2_3_feature_registry.TestRegistryManifest" name="test_manifest_active_count" time="0.001" /><testcase classname="7.ML.7.6.feature_engineering.tests.test_feature_2_3_feature_registry.TestRegistryManifest" name="test_manifest_rejected_count" time="0.001" /><testcase classname="7.ML.7.6.feature_engineering.tests.test_feature_2_3_feature_registry.TestRegistryManifest" name="test_manifest_version" time="0.001" /><testcase classname="7.ML.7.6.feature_engineering.tests.test_feature_2_3_feature_registry.TestBaselineFeaturesClassification" name="test_baseline_feature_classification[duration_min]" time="0.001" /><testcase classname="7.ML.7.6.feature_engineering.tests.test_feature_2_3_feature_registry.TestBaselineFeaturesClassification" name="test_baseline_feature_classification[release_year]" time="0.001" /><testcase classname="7.ML.7.6.feature_engineering.tests.test_feature_2_3_feature_registry.TestBaselineFeaturesClassification" name="test_baseline_feature_classification[danceability]" time="0.001" /><testcase classname="7.ML.7.6.feature_engineering.tests.test_feature_2_3_feature_registry.TestBaselineFeaturesClassification" name="test_baseline_feature_classification[energy]" time="0.001" /><testcase classname="7.ML.7.6.feature_engineering.tests.test_feature_2_3_feature_registry.TestBaselineFeaturesClassification" name="test_baseline_feature_classification[loudness]" time="0.001" /><testcase classname="7.ML.7.6.feature_engineering.tests.test_feature_2_3_feature_registry.TestBaselineFeaturesClassification" name="test_baseline_feature_classification[speechiness]" time="0.001" /><testcase classname="7.ML.7.6.feature_engineering.tests.test_feature_2_3_feature_registry.TestBaselineFeaturesClassification" name="test_baseline_feature_classification[acousticness]" time="0.001" /><testcase classname="7.ML.7.6.feature_engineering.tests.test_feature_2_3_feature_registry.TestBaselineFeaturesClassification" name="test_baseline_feature_classification[instrumentalness]" time="0.001" /><testcase classname="7.ML.7.6.feature_engineering.tests.test_feature_2_3_feature_registry.TestBaselineFeaturesClassification" name="test_baseline_feature_classification[liveness]" time="0.001" /><testcase classname="7.ML.7.6.feature_engineering.tests.test_feature_2_3_feature_registry.TestBaselineFeaturesClassification" name="test_baseline_feature_classification[valence]" time="0.001" /><testcase classname="7.ML.7.6.feature_engineering.tests.test_feature_2_3_feature_registry.TestBaselineFeaturesClassification" name="test_baseline_feature_classification[tempo]" time="0.001" /><testcase classname="7.ML.7.6.feature_engineering.tests.test_feature_2_3_feature_registry.TestBaselineFeaturesClassification" name="test_baseline_feature_classification[release_month]" time="0.001" /><testcase classname="7.ML.7.6.feature_engineering.tests.test_feature_2_3_feature_registry.TestBaselineFeaturesClassification" name="test_baseline_feature_classification[decade]" time="0.001" /><testcase classname="7.ML.7.6.feature_engineering.tests.test_feature_2_3_feature_registry.TestBaselineFeaturesClassification" name="test_baseline_feature_classification[release_precision]" time="0.001" /><testcase classname="7.ML.7.6.feature_engineering.tests.test_feature_2_3_feature_registry.TestBaselineFeaturesClassification" name="test_baseline_feature_classification[key]" time="0.001" /><testcase classname="7.ML.7.6.feature_engineering.tests.test_feature_2_3_feature_registry.TestBaselineFeaturesClassification" name="test_baseline_feature_classification[time_signature]" time="0.001" /><testcase classname="7.ML.7.6.feature_engineering.tests.test_feature_2_3_feature_registry.TestBaselineFeaturesClassification" name="test_baseline_feature_classification[explicit]" time="0.001" /><testcase classname="7.ML.7.6.feature_engineering.tests.test_feature_2_3_feature_registry.TestBaselineFeaturesClassification" name="test_baseline_feature_classification[mode]" time="0.001" /><testcase classname="7.ML.7.6.feature_engineering.tests.test_feature_2_3_feature_registry.TestBaselineFeaturesClassification" name="test_baseline_formula_is_none" time="0.001" /><testcase classname="7.ML.7.6.feature_engineering.tests.test_feature_2_3_feature_registry.TestEngineeredFeaturesClassification" name="test_engineered_feature_classification[release_month_sin]" time="0.001" /><testcase classname="7.ML.7.6.feature_engineering.tests.test_feature_2_3_feature_registry.TestEngineeredFeaturesClassification" name="test_engineered_feature_classification[release_month_cos]" time="0.001" /><testcase classname="7.ML.7.6.feature_engineering.tests.test_feature_2_3_feature_registry.TestEngineeredFeaturesClassification" name="test_engineered_feature_classification[year_in_decade]" time="0.001" /><testcase classname="7.ML.7.6.feature_engineering.tests.test_feature_2_3_feature_registry.TestEngineeredFeaturesClassification" name="test_engineered_feature_classification[duration_log]" time="0.001" /><testcase classname="7.ML.7.6.feature_engineering.tests.test_feature_2_3_feature_registry.TestEngineeredFeaturesClassification" name="test_engineered_feature_classification[duration_squared]" time="0.001" /><testcase classname="7.ML.7.6.feature_engineering.tests.test_feature_2_3_feature_registry.TestEngineeredFeaturesClassification" name="test_engineered_feature_classification[energy_danceability]" time="0.002" /><testcase classname="7.ML.7.6.feature_engineering.tests.test_feature_2_3_feature_registry.TestEngineeredFeaturesClassification" name="test_engineered_feature_classification[energy_valence]" time="0.006" /><testcase classname="7.ML.7.6.feature_engineering.tests.test_feature_2_3_feature_registry.TestEngineeredFeaturesClassification" name="test_engineered_feature_classification[danceability_valence]" time="0.002" /><testcase classname="7.ML.7.6.feature_engineering.tests.test_feature_2_3_feature_registry.TestEngineeredFeaturesClassification" name="test_engineered_feature_classification[acousticness_instrumentalness]" time="0.011" /><testcase classname="7.ML.7.6.feature_engineering.tests.test_feature_2_3_feature_registry.TestEngineeredFeaturesClassification" name="test_engineered_feature_classification[energy_liveness]" time="0.002" /><testcase classname="7.ML.7.6.feature_engineering.tests.test_feature_2_3_feature_registry.TestEngineeredFeaturesClassification" name="test_engineered_feature_classification[speechiness_explicit]" time="0.004" /><testcase classname="7.ML.7.6.feature_engineering.tests.test_feature_2_3_feature_registry.TestEngineeredFeaturesClassification" name="test_engineered_feature_classification[tempo_danceability]" time="0.004" /><testcase classname="7.ML.7.6.feature_engineering.tests.test_feature_2_3_feature_registry.TestEngineeredFeaturesClassification" name="test_engineered_feature_classification[loudness_energy]" time="0.002" /><testcase classname="7.ML.7.6.feature_engineering.tests.test_feature_2_3_feature_registry.TestEngineeredFeaturesClassification" name="test_engineered_feature_classification[duration_bucket]" time="0.010" /><testcase classname="7.ML.7.6.feature_engineering.tests.test_feature_2_3_feature_registry.TestEngineeredFeaturesClassification" name="test_engineered_feature_classification[long_track_flag]" time="0.007" /><testcase classname="7.ML.7.6.feature_engineering.tests.test_feature_2_3_feature_registry.TestEngineeredFeaturesClassification" name="test_engineered_formula_correct[release_month_sin-sin(2\u03c0 \xd7 release_month / 12)]" time="0.001" /><testcase classname="7.ML.7.6.feature_engineering.tests.test_feature_2_3_feature_registry.TestEngineeredFeaturesClassification" name="test_engineered_formula_correct[release_month_cos-cos(2\u03c0 \xd7 release_month / 12)]" time="0.001" /><testcase classname="7.ML.7.6.feature_engineering.tests.test_feature_2_3_feature_registry.TestEngineeredFeaturesClassification" name="test_engineered_formula_correct[year_in_decade-release_year % 10]" time="0.001" /><testcase classname="7.ML.7.6.feature_engineering.tests.test_feature_2_3_feature_registry.TestEngineeredFeaturesClassification" name="test_engineered_formula_correct[duration_log-log1p(max(duration_min, 0))]" time="0.001" /><testcase classname="7.ML.7.6.feature_engineering.tests.test_feature_2_3_feature_registry.TestEngineeredFeaturesClassification" name="test_engineered_formula_correct[duration_squared-duration_min ** 2]" time="0.001" /><testcase classname="7.ML.7.6.feature_engineering.tests.test_feature_2_3_feature_registry.TestEngineeredFeaturesClassification" name="test_engineered_formula_correct[energy_danceability-energy * danceability]" time="0.001" /><testcase classname="7.ML.7.6.feature_engineering.tests.test_feature_2_3_feature_registry.TestEngineeredFeaturesClassification" name="test_engineered_formula_correct[energy_valence-energy * valence]" time="0.001" /><testcase classname="7.ML.7.6.feature_engineering.tests.test_feature_2_3_feature_registry.TestEngineeredFeaturesClassification" name="test_engineered_formula_correct[danceability_valence-danceability * valence]" time="0.001" /><testcase classname="7.ML.7.6.feature_engineering.tests.test_feature_2_3_feature_registry.TestEngineeredFeaturesClassification" name="test_engineered_formula_correct[acousticness_instrumentalness-acousticness * instrumentalness]" time="0.001" /><testcase classname="7.ML.7.6.feature_engineering.tests.test_feature_2_3_feature_registry.TestEngineeredFeaturesClassification" name="test_engineered_formula_correct[energy_liveness-energy * liveness]" time="0.001" /><testcase classname="7.ML.7.6.feature_engineering.tests.test_feature_2_3_feature_registry.TestEngineeredFeaturesClassification" name="test_engineered_formula_correct[speechiness_explicit-speechiness * explicit]" time="0.001" /><testcase classname="7.ML.7.6.feature_engineering.tests.test_feature_2_3_feature_registry.TestEngineeredFeaturesClassification" name="test_engineered_formula_correct[tempo_danceability-tempo * danceability]" time="0.001" /><testcase classname="7.ML.7.6.feature_engineering.tests.test_feature_2_3_feature_registry.TestEngineeredFeaturesClassification" name="test_engineered_formula_correct[loudness_energy-loudness * energy]" time="0.001" /><testcase classname="7.ML.7.6.feature_engineering.tests.test_feature_2_3_feature_registry.TestRejectedFeatures" name="test_duration_bucket_rejected" time="0.001" /><testcase classname="7.ML.7.6.feature_engineering.tests.test_feature_2_3_feature_registry.TestRejectedFeatures" name="test_long_track_flag_rejected" time="0.001" /><testcase classname="7.ML.7.6.feature_engineering.tests.test_feature_2_3_feature_registry.TestRejectedFeatures" name="test_only_two_rejected_features" time="0.001" /><testcase classname="7.ML.7.6.feature_engineering.tests.test_feature_2_3_feature_registry.TestRegistrySchemaConsistency" name="test_all_entries_have_required_fields" time="0.001" /><testcase classname="7.ML.7.6.feature_engineering.tests.test_feature_2_3_feature_registry.TestRegistrySchemaConsistency" name="test_all_source_columns_non_empty" time="0.001" /><testcase classname="7.ML.7.6.feature_engineering.tests.test_feature_2_3_feature_registry.TestRegistrySchemaConsistency" name="test_valid_dtype_values" time="0.001" /><testcase classname="7.ML.7.6.feature_engineering.tests.test_feature_2_3_feature_registry.TestRegistrySchemaConsistency" name="test_valid_semantic_roles" time="0.001" /><testcase classname="7.ML.7.6.feature_engineering.tests.test_feature_2_3_feature_registry.TestRegistrySchemaConsistency" name="test_valid_status_values" time="0.001" /><testcase classname="7.ML.7.6.feature_engineering.tests.test_feature_2_3_feature_registry.TestRegistrySchemaConsistency" name="test_exclusion_reason_null_when_selected" time="0.001" /><testcase classname="7.ML.7.6.feature_engineering.tests.test_feature_2_3_feature_registry.TestRegistrySchemaConsistency" name="test_exclusion_reason_set_when_rejected" time="0.001" /><testcase classname="7.ML.7.6.feature_engineering.tests.test_feature_2_3_feature_registry.TestFeatureGroupAssignment" name="test_time_group_features" time="0.001" /><testcase classname="7.ML.7.6.feature_engineering.tests.test_feature_2_3_feature_registry.TestFeatureGroupAssignment" name="test_duration_group_features" time="0.001" /><testcase classname="7.ML.7.6.feature_engineering.tests.test_feature_2_3_feature_registry.TestFeatureGroupAssignment" name="test_audio_interaction_group_features" time="0.001" /><testcase classname="7.ML.7.6.feature_engineering.tests.test_feature_2_3_feature_registry.TestGeneratedAtField" name="test_generated_at_present" time="0.001" /><testcase classname="7.ML.7.6.feature_engineering.tests.test_feature_2_3_feature_registry.TestGeneratedAtField" name="test_generated_at_matches_manifest" time="0.001" /><testcase classname="7.ML.7.6.feature_engineering.tests.test_feature_2_3_leakage_safety.TestTrainOnlyLearnedParameters" name="test_duration_thresholds_in_registry_from_train" time="0.001" /><testcase classname="7.ML.7.6.feature_engineering.tests.test_feature_2_3_leakage_safety.TestTrainOnlyLearnedParameters" name="test_long_track_flag_fit_split_is_train" time="0.001" /><testcase classname="7.ML.7.6.feature_engineering.tests.test_feature_2_3_leakage_safety.TestTrainOnlyLearnedParameters" name="test_duration_thresholds_json_matches_registry" time="0.001" /><testcase classname="7.ML.7.6.feature_engineering.tests.test_feature_2_3_leakage_safety.TestTrainOnlyLearnedParameters" name="test_non_learned_features_fit_required_false" time="0.001" /><testcase classname="7.ML.7.6.feature_engineering.tests.test_feature_2_3_leakage_safety.TestNoTestSplitUsage" name="test_all_ablation_experiments_test_used_false" time="0.001" /><testcase classname="7.ML.7.6.feature_engineering.tests.test_feature_2_3_leakage_safety.TestNoTestSplitUsage" name="test_baseline_metrics_test_used_false" time="0.001" /><testcase classname="7.ML.7.6.feature_engineering.tests.test_feature_2_3_leakage_safety.TestNoTestSplitUsage" name="test_selected_feature_set_test_used_false" time="0.001" /><testcase classname="7.ML.7.6.feature_engineering.tests.test_feature_2_3_leakage_safety.TestNoTestSplitUsage" name="test_feature_selection_results_method_is_train_only" time="0.001" /><testcase classname="7.ML.7.6.feature_engineering.tests.test_feature_2_3_leakage_safety.TestNoTargetDerivedFeatures" name="test_no_target_in_any_feature_formula" time="0.001" /><testcase classname="7.ML.7.6.feature_engineering.tests.test_feature_2_3_leakage_safety.TestNoTargetDerivedFeatures" name="test_no_target_derived_in_validation_results" time="0.001" /><testcase classname="7.ML.7.6.feature_engineering.tests.test_feature_2_3_leakage_safety.TestLeakageRiskAnnotations" name="test_all_features_have_leakage_risk_field" time="0.001" /><testcase classname="7.ML.7.6.feature_engineering.tests.test_feature_2_3_leakage_safety.TestLeakageRiskAnnotations" name="test_baseline_features_no_leakage_risk" time="0.001" /><testcase classname="7.ML.7.6.feature_engineering.tests.test_feature_2_3_leakage_safety.TestLeakageRiskAnnotations" name="test_duration_bucket_low_leakage_risk" time="0.001" /><testcase classname="7.ML.7.6.feature_engineering.tests.test_feature_2_3_leakage_safety.TestLeakageRiskAnnotations" name="test_long_track_flag_low_leakage_risk" time="0.001" /><testcase classname="7.ML.7.6.feature_engineering.tests.test_feature_2_3_leakage_safety.TestValidationChecksLeakage" name="test_validation_check_passed[DURATION-THRESHOLDS-TRAIN-ONLY]" time="0.001" /><testcase classname="7.ML.7.6.feature_engineering.tests.test_feature_2_3_leakage_safety.TestValidationChecksLeakage" name="test_validation_check_passed[NO-TEST-ACCESS]" time="0.001" /><testcase classname="7.ML.7.6.feature_engineering.tests.test_feature_2_3_leakage_safety.TestValidationChecksLeakage" name="test_validation_check_passed[NO-TARGET-DERIVED-FEATURE]" time="0.001" /><testcase classname="7.ML.7.6.feature_engineering.tests.test_feature_2_3_leakage_safety.TestValidationChecksLeakage" name="test_validation_check_passed[SELECTION-TRAIN-ONLY]" time="0.001" /><testcase classname="7.ML.7.6.feature_engineering.tests.test_feature_2_3_reports.TestReportStructure" name="test_validation_timestamp_is_iso_format" time="0.001" /><testcase classname="7.ML.7.6.feature_engineering.tests.test_feature_2_3_reports.TestReportStructure" name="test_total_checks_count" time="0.001" /><testcase classname="7.ML.7.6.feature_engineering.tests.test_feature_2_3_reports.TestReportStructure" name="test_passed_count_matches_pass_checks" time="0.001" /><testcase classname="7.ML.7.6.feature_engineering.tests.test_feature_2_3_reports.TestReportStructure" name="test_failed_count_matches_fail_checks" time="0.001" /><testcase classname="7.ML.7.6.feature_engineering.tests.test_feature_2_3_reports.TestReportStructure" name="test_warnings_count" time="0.001" /><testcase classname="7.ML.7.6.feature_engineering.tests.test_feature_2_3_reports.TestReportSummary" name="test_all_checks_passed" time="0.001" /><testcase classname="7.ML.7.6.feature_engineering.tests.test_feature_2_3_reports.TestReportSummary" name="test_no_warnings" time="0.001" /><testcase classname="7.ML.7.6.feature_engineering.tests.test_feature_2_3_reports.TestReportSummary" name="test_all_22_checks_passed" time="0.001" /><testcase classname="7.ML.7.6.feature_engineering.tests.test_feature_2_3_reports.TestReportSummary" name="test_passed_plus_failed_equals_total" time="0.001" /><testcase classname="7.ML.7.6.feature_engineering.tests.test_feature_2_3_reports.TestReportCheckCoverage" name="test_check_id_present[BASELINE-COUNT-18]" time="0.001" /><testcase classname="7.ML.7.6.feature_engineering.tests.test_feature_2_3_reports.TestReportCheckCoverage" name="test_check_id_present[BASELINE-NO-ID]" time="0.001" /><testcase classname="7.ML.7.6.feature_engineering.tests.test_feature_2_3_reports.TestReportCheckCoverage" name="test_check_id_present[BASELINE-NO-TARGET]" time="0.001" /><testcase classname="7.ML.7.6.feature_engineering.tests.test_feature_2_3_reports.TestReportCheckCoverage" name="test_check_id_present[BASELINE-LOCKED]" time="0.001" /><testcase classname="7.ML.7.6.feature_engineering.tests.test_feature_2_3_reports.TestReportCheckCoverage" name="test_check_id_present[BASELINE-HASH-STABLE]" time="0.001" /><testcase classname="7.ML.7.6.feature_engineering.tests.test_feature_2_3_reports.TestReportCheckCoverage" name="test_check_id_present[TRAIN-VAL-SCHEMA-MATCH]" time="0.001" /><testcase classname="7.ML.7.6.feature_engineering.tests.test_feature_2_3_reports.TestReportCheckCoverage" name="test_check_id_present[TIME-FEATURES-VALID]" time="0.001" /><testcase classname="7.ML.7.6.feature_engineering.tests.test_feature_2_3_reports.TestReportCheckCoverage" name="test_check_id_present[DURATION-THRESHOLDS-TRAIN-ONLY]" time="0.001" /><testcase classname="7.ML.7.6.feature_engineering.tests.test_feature_2_3_reports.TestReportCheckCoverage" name="test_check_id_present[AUDIO-FEATURES-VALID]" time="0.001" /><testcase classname="7.ML.7.6.feature_engineering.tests.test_feature_2_3_reports.TestReportCheckCoverage" name="test_check_id_present[MOOD-CLUSTER-TRAIN-ONLY-OR-NA]" time="0.001" /><testcase classname="7.ML.7.6.feature_engineering.tests.test_feature_2_3_reports.TestReportCheckCoverage" name="test_check_id_present[NO-TARGET-DERIVED-FEATURE]" time="0.001" /><testcase classname="7.ML.7.6.feature_engineering.tests.test_feature_2_3_reports.TestReportCheckCoverage" name="test_check_id_present[NO-TEST-ACCESS]" time="0.001" /><testcase classname="7.ML.7.6.feature_engineering.tests.test_feature_2_3_reports.TestReportCheckCoverage" name="test_check_id_present[NO-UNEXPECTED-NAN]" time="0.001" /><testcase classname="7.ML.7.6.feature_engineering.tests.test_feature_2_3_reports.TestReportCheckCoverage" name="test_check_id_present[NO-INF]" time="0.001" /><testcase classname="7.ML.7.6.feature_engineering.tests.test_feature_2_3_reports.TestReportCheckCoverage" name="test_check_id_present[NO-DUPLICATE-FEATURE-NAMES]" time="0.001" /><testcase classname="7.ML.7.6.feature_engineering.tests.test_feature_2_3_reports.TestReportCheckCoverage" name="test_check_id_present[ABLATION-COMPLETE]" time="0.001" /><testcase classname="7.ML.7.6.feature_engineering.tests.test_feature_2_3_reports.TestReportCheckCoverage" name="test_check_id_present[SELECTION-TRAIN-ONLY]" time="0.001" /><testcase classname="7.ML.7.6.feature_engineering.tests.test_feature_2_3_reports.TestReportCheckCoverage" name="test_check_id_present[SELECTED-SET-LOCKED]" time="0.001" /><testcase classname="7.ML.7.6.feature_engineering.tests.test_feature_2_3_reports.TestReportCheckCoverage" name="test_check_id_present[REGISTRY-COMPLETE]" time="0.001" /><testcase classname="7.ML.7.6.feature_engineering.tests.test_feature_2_3_reports.TestReportCheckCoverage" name="test_check_id_present[PIPELINE-SAVE-LOAD]" time="0.001" /><testcase classname="7.ML.7.6.feature_engineering.tests.test_feature_2_3_reports.TestReportCheckCoverage" name="test_check_id_present[FEATURE-ORDER-STABLE]" time="0.001" /><testcase classname="7.ML.7.6.feature_engineering.tests.test_feature_2_3_reports.TestReportCheckCoverage" name="test_check_id_present[FEATURE-2-4-CONTRACT-COMPLETE]" time="0.001" /><testcase classname="7.ML.7.6.feature_engineering.tests.test_feature_2_3_reports.TestReportCheckCoverage" name="test_no_extra_check_ids" time="0.001" /><testcase classname="7.ML.7.6.feature_engineering.tests.test_feature_2_3_reports.TestReportCheckAssertions" name="test_baseline_count_check" time="0.001" /><testcase classname="7.ML.7.6.feature_engineering.tests.test_feature_2_3_reports.TestReportCheckAssertions" name="test_baseline_locked_check" time="0.001" /><testcase classname="7.ML.7.6.feature_engineering.tests.test_feature_2_3_reports.TestReportCheckAssertions" name="test_baseline_hash_stable_check" time="0.001" /><testcase classname="7.ML.7.6.feature_engineering.tests.test_feature_2_3_reports.TestReportCheckAssertions" name="test_registry_complete_check" time="0.001" /><testcase classname="7.ML.7.6.feature_engineering.tests.test_feature_2_3_reports.TestReportCheckAssertions" name="test_train_val_schema_match_check" time="0.001" /><testcase classname="7.ML.7.6.feature_engineering.tests.test_feature_2_3_reports.TestReportCheckAssertions" name="test_selection_train_only_check" time="0.001" /><testcase classname="7.ML.7.6.feature_engineering.tests.test_feature_2_3_reports.TestReportCheckAssertions" name="test_selected_set_locked_check" time="0.001" /><testcase classname="7.ML.7.6.feature_engineering.tests.test_feature_2_3_reports.TestReportEvidencePaths" name="test_all_referenced_artifacts_exist" time="0.002" /><testcase classname="7.ML.7.6.feature_engineering.tests.test_feature_2_3_reports.TestReportMessageQuality" name="test_all_checks_have_non_empty_message" time="0.001" /><testcase classname="7.ML.7.6.feature_engineering.tests.test_feature_2_3_reports.TestReportMessageQuality" name="test_all_checks_have_evidence_pointer" time="0.001" /><testcase classname="7.ML.7.6.feature_engineering.tests.test_feature_2_3_transformers.TestPipelineManifest" name="test_manifest_pipeline_type" time="0.001" /><testcase classname="7.ML.7.6.feature_engineering.tests.test_feature_2_3_transformers.TestPipelineManifest" name="test_pipeline_path_in_manifest" time="0.001" /><testcase classname="7.ML.7.6.feature_engineering.tests.test_feature_2_3_transformers.TestPipelineManifest" name="test_pipeline_sha256_present" time="0.001" /><testcase classname="7.ML.7.6.feature_engineering.tests.test_feature_2_3_transformers.TestPipelineManifest" name="test_selected_features_count_is_31" time="0.001" /><testcase classname="7.ML.7.6.feature_engineering.tests.test_feature_2_3_transformers.TestPipelineManifest" name="test_selected_features_exactly_baseline_plus_engineered" time="0.001" /><testcase classname="7.ML.7.6.feature_engineering.tests.test_feature_2_3_transformers.TestPipelineManifest" name="test_duration_thresholds_present" time="0.001" /><testcase classname="7.ML.7.6.feature_engineering.tests.test_feature_2_3_transformers.TestPipelineManifest" name="test_duration_thresholds_ordered" time="0.001" /><testcase classname="7.ML.7.6.feature_engineering.tests.test_feature_2_3_transformers.TestPipelineManifest" name="test_duration_thresholds_positive" time="0.001" /><testcase classname="7.ML.7.6.feature_engineering.tests.test_feature_2_3_transformers.TestPipelineManifest" name="test_train_shape_second_dim_matches_feature_count" time="0.001" /><testcase classname="7.ML.7.6.feature_engineering.tests.test_feature_2_3_transformers.TestPipelineManifest" name="test_validation_shape_second_dim_matches_feature_count" time="0.001" /><testcase classname="7.ML.7.6.feature_engineering.tests.test_feature_2_3_transformers.TestPipelineManifest" name="test_train_rows_greater_than_validation" time="0.001" /><testcase classname="7.ML.7.6.feature_engineering.tests.test_feature_2_3_transformers.TestPipelineManifest" name="test_generated_at_present" time="0.001" /><testcase classname="7.ML.7.6.feature_engineering.tests.test_feature_2_3_transformers.TestPipelineFile" name="test_pipeline_file_exists" time="0.001" /><testcase classname="7.ML.7.6.feature_engineering.tests.test_feature_2_3_transformers.TestPipelineFile" name="test_pipeline_file_not_empty" time="0.001" /><testcase classname="7.ML.7.6.feature_engineering.tests.test_feature_2_3_transformers.TestPipelineFile" name="test_pipeline_loadable" time="0.003"><skipped type="pytest.skip" message="Pipeline depends on unavailable module 'transformers'">E:\Dự án 1 hitrada\hitradar\7.ML\7.6.feature_engineering\tests\test_feature_2_3_transformers.py:125: Pipeline depends on unavailable module 'transformers'</skipped></testcase><testcase classname="7.ML.7.6.feature_engineering.tests.test_feature_2_3_transformers.TestPipelineFile" name="test_pipeline_has_transform_method" time="0.003"><skipped type="pytest.skip" message="Pipeline depends on unavailable module 'transformers'">E:\Dự án 1 hitrada\hitradar\7.ML\7.6.feature_engineering\tests\test_feature_2_3_transformers.py:134: Pipeline depends on unavailable module 'transformers'</skipped></testcase><testcase classname="7.ML.7.6.feature_engineering.tests.test_feature_2_3_transformers.TestPipelineFile" name="test_pipeline_has_fit_method" time="0.003"><skipped type="pytest.skip" message="Pipeline depends on unavailable module 'transformers'">E:\Dự án 1 hitrada\hitradar\7.ML\7.6.feature_engineering\tests\test_feature_2_3_transformers.py:143: Pipeline depends on unavailable module 'transformers'</skipped></testcase><testcase classname="7.ML.7.6.feature_engineering.tests.test_feature_2_3_transformers.TestPipelineManifestConsistency" name="test_duration_thresholds_match_duration_thresholds_file" time="0.001" /><testcase classname="7.ML.7.6.feature_engineering.tests.test_feature_2_3_transformers.TestPipelineManifestConsistency" name="test_selected_features_match_selected_feature_set" time="0.001" /></testsuite></testsuites>