<?xml version="1.0" encoding="utf-8"?><testsuites name="pytest tests"><testsuite name="pytest" errors="0" failures="0" skipped="0" tests="13" time="0.423" timestamp="2026-07-24T16:46:35.761831+07:00" hostname="TuanAnh"><testcase classname="7.ML.7.10.model_packaging.tests.test_feature_2_7_column_order" name="test_column_order" time="0.003" /><testcase classname="7.ML.7.10.model_packaging.tests.test_feature_2_7_feature_mapping" name="test_feature_mapping" time="0.001" /><testcase classname="7.ML.7.10.model_packaging.tests.test_feature_2_7_feature_names" name="test_feature_names" time="0.001" /><testcase classname="7.ML.7.10.model_packaging.tests.test_feature_2_7_full_pipeline_load" name="test_full_pipeline_load" time="0.001" /><testcase classname="7.ML.7.10.model_packaging.tests.test_feature_2_7_full_pipeline_prediction" name="test_full_pipeline_prediction" time="0.001" /><testcase classname="7.ML.7.10.model_packaging.tests.test_feature_2_7_input_schema" name="test_input_schema" time="0.001" /><testcase classname="7.ML.7.10.model_packaging.tests.test_feature_2_7_input_validation_p2" name="test_input_validation" time="0.002" /><testcase classname="7.ML.7.10.model_packaging.tests.test_feature_2_7_no_refit_pipeline" name="test_no_refit_pipeline" time="0.001" /><testcase classname="7.ML.7.10.model_packaging.tests.test_feature_2_7_output_schema" name="test_output_schema" time="0.001" /><testcase classname="7.ML.7.10.model_packaging.tests.test_feature_2_7_phase_2_governance" name="test_phase_2_governance" time="0.001" /><testcase classname="7.ML.7.10.model_packaging.tests.test_feature_2_7_portability_precheck" name="test_portability_precheck" time="0.001" /><testcase classname="7.ML.7.10.model_packaging.tests.test_feature_2_7_raw_input_contract" name="test_raw_input_contract" time="0.001" /><testcase classname="7.ML.7.10.model_packaging.tests.test_feature_2_7_selected_features" name="test_selected_features" time="0.001" /></testsuite></testsuites>