<?xml version="1.0" encoding="utf-8"?><testsuites name="pytest tests"><testsuite name="pytest" errors="0" failures="0" skipped="0" tests="38" time="0.179" timestamp="2026-07-24T17:43:05.798610+07:00" hostname="TuanAnh"><testcase classname="7.ML.7.10.model_packaging.tests.test_feature_2_7_artifact_manifest" name="test_artifact_manifest" time="0.001" /><testcase classname="7.ML.7.10.model_packaging.tests.test_feature_2_7_best_model" name="test_best_model" time="0.001" /><testcase classname="7.ML.7.10.model_packaging.tests.test_feature_2_7_champion_identity" name="test_champion_identity" time="0.001" /><testcase classname="7.ML.7.10.model_packaging.tests.test_feature_2_7_column_order" name="test_column_order" time="0.001" /><testcase classname="7.ML.7.10.model_packaging.tests.test_feature_2_7_component_equivalence" name="test_component_equivalence" time="0.001" /><testcase classname="7.ML.7.10.model_packaging.tests.test_feature_2_7_dimensions" name="test_dimensions" time="0.001" /><testcase classname="7.ML.7.10.model_packaging.tests.test_feature_2_7_examples" name="test_examples" time="0.001" /><testcase classname="7.ML.7.10.model_packaging.tests.test_feature_2_7_feature_2_6_gate" name="test_gate" time="0.001" /><testcase classname="7.ML.7.10.model_packaging.tests.test_feature_2_7_feature_mapping" name="test_feature_mapping" time="0.001" /><testcase classname="7.ML.7.10.model_packaging.tests.test_feature_2_7_feature_names" name="test_feature_names" time="0.001" /><testcase classname="7.ML.7.10.model_packaging.tests.test_feature_2_7_fresh_process" name="test_fresh_process" time="0.001" /><testcase classname="7.ML.7.10.model_packaging.tests.test_feature_2_7_full_pipeline_load" name="test_full_pipeline_load" time="0.001" /><testcase classname="7.ML.7.10.model_packaging.tests.test_feature_2_7_full_pipeline_prediction" name="test_full_pipeline_prediction" time="0.001" /><testcase classname="7.ML.7.10.model_packaging.tests.test_feature_2_7_input_contract" name="test_input_contract" time="0.001" /><testcase classname="7.ML.7.10.model_packaging.tests.test_feature_2_7_input_schema" name="test_input_schema" time="0.001" /><testcase classname="7.ML.7.10.model_packaging.tests.test_feature_2_7_input_validation_p2" name="test_input_validation" time="0.001" /><testcase classname="7.ML.7.10.model_packaging.tests.test_feature_2_7_loadback" name="test_loadback" time="0.001" /><testcase classname="7.ML.7.10.model_packaging.tests.test_feature_2_7_no_refit" name="test_no_refit" time="0.001" /><testcase classname="7.ML.7.10.model_packaging.tests.test_feature_2_7_no_refit_pipeline" name="test_no_refit_pipeline" time="0.001" /><testcase classname="7.ML.7.10.model_packaging.tests.test_feature_2_7_output_schema" name="test_output_schema" time="0.001" /><testcase classname="7.ML.7.10.model_packaging.tests.test_feature_2_7_package_inventory" name="test_package_inventory" time="0.001" /><testcase classname="7.ML.7.10.model_packaging.tests.test_feature_2_7_packaging_lock" name="test_packaging_lock" time="0.001" /><testcase classname="7.ML.7.10.model_packaging.tests.test_feature_2_7_phase_1_governance" name="test_phase_1_governance" time="0.001" /><testcase classname="7.ML.7.10.model_packaging.tests.test_feature_2_7_phase_2_governance" name="test_phase_2_governance" time="0.001" /><testcase classname="7.ML.7.10.model_packaging.tests.test_feature_2_7_phase_3_governance" name="test_phase_3_governance" time="0.001" /><testcase classname="7.ML.7.10.model_packaging.tests.test_feature_2_7_pipeline_batch" name="test_batch" time="0.001" /><testcase classname="7.ML.7.10.model_packaging.tests.test_feature_2_7_pipeline_determinism" name="test_determinism" time="0.001" /><testcase classname="7.ML.7.10.model_packaging.tests.test_feature_2_7_pipeline_happy_paths" name="test_happy_paths" time="0.001" /><testcase classname="7.ML.7.10.model_packaging.tests.test_feature_2_7_pipeline_invalid_inputs" name="test_invalid_inputs" time="0.001" /><testcase classname="7.ML.7.10.model_packaging.tests.test_feature_2_7_pipeline_no_refit" name="test_no_refit" time="0.001" /><testcase classname="7.ML.7.10.model_packaging.tests.test_feature_2_7_pipeline_postprocessing" name="test_postprocessing" time="0.001" /><testcase classname="7.ML.7.10.model_packaging.tests.test_feature_2_7_pipeline_roundtrip" name="test_roundtrip" time="0.001" /><testcase classname="7.ML.7.10.model_packaging.tests.test_feature_2_7_portability_precheck" name="test_portability_precheck" time="0.001" /><testcase classname="7.ML.7.10.model_packaging.tests.test_feature_2_7_preprocessing" name="test_preprocessing" time="0.001" /><testcase classname="7.ML.7.10.model_packaging.tests.test_feature_2_7_raw_input_contract" name="test_raw_input_contract" time="0.001" /><testcase classname="7.ML.7.10.model_packaging.tests.test_feature_2_7_requirements" name="test_requirements" time="0.001" /><testcase classname="7.ML.7.10.model_packaging.tests.test_feature_2_7_selected_features" name="test_selected_features" time="0.001" /><testcase classname="7.ML.7.10.model_packaging.tests.test_feature_2_7_versions" name="test_versions" time="0.001" /></testsuite></testsuites>