<?xml version="1.0" encoding="utf-8"?><testsuites name="pytest tests"><testsuite name="pytest" errors="0" failures="0" skipped="0" tests="11" time="0.104" timestamp="2026-07-23T23:16:19.993362+07:00" hostname="TuanAnh"><testcase classname="7.ML.7.10.model_packaging.tests.test_feature_2_7_best_model" name="test_best_model" time="0.001" /><testcase classname="7.ML.7.10.model_packaging.tests.test_feature_2_7_champion_identity" name="test_champion_identity" time="0.003" /><testcase classname="7.ML.7.10.model_packaging.tests.test_feature_2_7_component_equivalence" name="test_component_equivalence" time="0.001" /><testcase classname="7.ML.7.10.model_packaging.tests.test_feature_2_7_dimensions" name="test_dimensions" time="0.001" /><testcase classname="7.ML.7.10.model_packaging.tests.test_feature_2_7_feature_2_6_gate" name="test_gate" time="0.001" /><testcase classname="7.ML.7.10.model_packaging.tests.test_feature_2_7_input_contract" name="test_input_contract" time="0.001" /><testcase classname="7.ML.7.10.model_packaging.tests.test_feature_2_7_loadback" name="test_loadback" time="0.001" /><testcase classname="7.ML.7.10.model_packaging.tests.test_feature_2_7_no_refit" name="test_no_refit" time="0.001" /><testcase classname="7.ML.7.10.model_packaging.tests.test_feature_2_7_packaging_lock" name="test_packaging_lock" time="0.001" /><testcase classname="7.ML.7.10.model_packaging.tests.test_feature_2_7_phase_1_governance" name="test_phase_1_governance" time="0.001" /><testcase classname="7.ML.7.10.model_packaging.tests.test_feature_2_7_preprocessing" name="test_preprocessing" time="0.001" /></testsuite></testsuites>