<?xml version="1.0" encoding="utf-8"?><testsuites name="pytest tests"><testsuite name="pytest" errors="0" failures="0" skipped="0" tests="39" time="0.073" timestamp="2026-07-18T19:20:39.240176+07:00" hostname="TuanAnh"><testcase classname="tests.test_feature_2_2_reports" name="test_all_reports_regenerated_same_session" time="0.001" /><testcase classname="tests.test_feature_2_2_reports" name="test_every_report_number_has_source" time="0.001" /><testcase classname="tests.test_feature_2_2_reports" name="test_report_values_match_artifacts" time="0.001" /><testcase classname="tests.test_feature_2_2_reports" name="test_report_test_counts_match_junit" time="0.000" /><testcase classname="tests.test_feature_2_2_reports" name="test_report_outlier_counts_match_artifacts" time="0.001" /><testcase classname="tests.test_feature_2_2_reports" name="test_report_unknown_categories_present" time="0.000" /><testcase classname="tests.test_feature_2_2_reports" name="test_report_scaling_includes_p22b" time="0.000" /><testcase classname="tests.test_feature_2_2_reports" name="test_report_no_unsourced_pass_claim" time="0.000" /><testcase classname="tests.test_feature_2_2_reports" name="test_markdown_tables_valid" time="0.001" /><testcase classname="tests.test_feature_2_2_reports" name="test_no_duplicate_sections" time="0.000" /><testcase classname="tests.test_feature_2_2_reports" name="test_no_literal_newline_escape" time="0.001" /><testcase classname="tests.test_feature_2_2_review_package" name="test_review_package_input_contract_not_missing" time="0.001" /><testcase classname="tests.test_feature_2_2_review_package" name="test_review_package_split_values_rendered" time="0.001" /><testcase classname="tests.test_feature_2_2_review_package" name="test_review_package_semantic_roles_has_18_rows" time="0.001" /><testcase classname="tests.test_feature_2_2_review_package" name="test_review_package_missing_ratios_rendered" time="0.001" /><testcase classname="tests.test_feature_2_2_review_package" name="test_review_package_release_month_strategy_rendered" time="0.001" /><testcase classname="tests.test_feature_2_2_review_package" name="test_review_package_no_none_pass" time="0.001" /><testcase classname="tests.test_feature_2_2_review_package" name="test_review_package_no_not_available_pass" time="0.001" /><testcase classname="tests.test_feature_2_2_review_package" name="test_review_package_outlier_counts_rendered" time="0.001" /><testcase classname="tests.test_feature_2_2_review_package" name="test_review_package_encoding_all_candidates" time="0.001" /><testcase classname="tests.test_feature_2_2_review_package" name="test_review_package_unknown_category_audit_present" time="0.001" /><testcase classname="tests.test_feature_2_2_review_package" name="test_review_package_binary_handling_present" time="0.001" /><testcase classname="tests.test_feature_2_2_review_package" name="test_review_package_scaler_statistics_rendered" time="0.001" /><testcase classname="tests.test_feature_2_2_review_package" name="test_review_package_p22d_scaling_not_applicable" time="0.001" /><testcase classname="tests.test_feature_2_2_review_package" name="test_review_package_exact_matrix_types" time="0.001" /><testcase classname="tests.test_feature_2_2_review_package" name="test_review_package_fit_audit_components_named" time="0.001" /><testcase classname="tests.test_feature_2_2_review_package" name="test_review_package_fit_hashes_rendered" time="0.001" /><testcase classname="tests.test_feature_2_2_review_package" name="test_canonical_junit_single_source" time="0.001" /><testcase classname="tests.test_feature_2_2_review_package" name="test_test_counts_consistent_everywhere" time="0.001" /><testcase classname="tests.test_feature_2_2_review_package" name="test_source_map_reports_nonempty" time="0.001" /><testcase classname="tests.test_feature_2_2_review_package" name="test_source_map_counts_honest" time="0.001" /><testcase classname="tests.test_feature_2_2_review_package" name="test_consistency_checks_all_reports" time="0.001" /><testcase classname="tests.test_feature_2_2_review_package" name="test_closure_has_direct_evidence" time="0.001" /><testcase classname="tests.test_feature_2_2_review_package" name="test_closure_no_self_reference" time="0.001" /><testcase classname="tests.test_feature_2_2_review_package" name="test_manifest_full_inventory" time="0.001" /><testcase classname="tests.test_feature_2_2_review_package" name="test_generation_context_completed" time="0.001" /><testcase classname="tests.test_feature_2_2_review_package" name="test_dirty_patch_nonempty_when_dirty" time="0.001" /><testcase classname="tests.test_feature_2_2_review_package" name="test_test_lock_governance_resolved" time="0.001" /><testcase classname="tests.test_feature_2_2_review_package" name="test_no_unsourced_pass_claim" time="0.001" /></testsuite></testsuites>