<?xml version="1.0" encoding="utf-8"?><testsuites name="pytest tests"><testsuite name="pytest" errors="0" failures="0" skipped="0" tests="81" time="1.319" timestamp="2026-07-18T18:31:14.984745+07:00" hostname="TuanAnh"><testcase classname="tests.test_feature_2_2_preprocessing" name="test_input_contract_complete" time="0.001" /><testcase classname="tests.test_feature_2_2_preprocessing" name="test_split_counts_complete" time="0.001" /><testcase classname="tests.test_feature_2_2_preprocessing" name="test_split_year_ranges" time="0.001" /><testcase classname="tests.test_feature_2_2_preprocessing" name="test_split_hashes_present" time="0.001" /><testcase classname="tests.test_feature_2_2_preprocessing" name="test_split_overlap_zero" time="0.001" /><testcase classname="tests.test_feature_2_2_preprocessing" name="test_split_union_reconciles" time="0.001" /><testcase classname="tests.test_feature_2_2_preprocessing" name="test_semantic_roles_exact" time="0.001" /><testcase classname="tests.test_feature_2_2_preprocessing" name="test_semantic_roles_no_overlap" time="0.001" /><testcase classname="tests.test_feature_2_2_preprocessing" name="test_actual_dtypes_sourced" time="0.001" /><testcase classname="tests.test_feature_2_2_preprocessing" name="test_target_and_identifier_excluded" time="0.001" /><testcase classname="tests.test_feature_2_2_preprocessing" name="test_missing_profiles_reconcile" time="0.001" /><testcase classname="tests.test_feature_2_2_preprocessing" name="test_release_month_strategy" time="0.001" /><testcase classname="tests.test_feature_2_2_preprocessing" name="test_post_transform_missing_zero" time="0.001" /><testcase classname="tests.test_feature_2_2_preprocessing" name="test_time_signature_strategy_consistent" time="0.001" /><testcase classname="tests.test_feature_2_2_preprocessing" name="test_imputer_statistics_match_fitted_objects" time="0.001" /><testcase classname="tests.test_feature_2_2_preprocessing" name="test_outlier_q1_q3_iqr_recompute" time="0.001" /><testcase classname="tests.test_feature_2_2_preprocessing" name="test_outlier_profile_matches_thresholds" time="0.001" /><testcase classname="tests.test_feature_2_2_preprocessing" name="test_outlier_clip_counts" time="0.001" /><testcase classname="tests.test_feature_2_2_preprocessing" name="test_release_year_not_silently_clipped" time="0.001" /><testcase classname="tests.test_feature_2_2_preprocessing" name="test_bounded_feature_domains" time="0.001" /><testcase classname="tests.test_feature_2_2_preprocessing" name="test_encoder_categories_match_fitted_objects" time="0.001" /><testcase classname="tests.test_feature_2_2_preprocessing" name="test_category_counts_match_lists" time="0.001" /><testcase classname="tests.test_feature_2_2_preprocessing" name="test_unknown_categories_profile" time="0.001" /><testcase classname="tests.test_feature_2_2_preprocessing" name="test_unknown_category_transform" time="0.001" /><testcase classname="tests.test_feature_2_2_preprocessing" name="test_binary_handling" time="0.001" /><testcase classname="tests.test_feature_2_2_preprocessing" name="test_p22a_scaler_statistics" time="0.004" /><testcase classname="tests.test_feature_2_2_preprocessing" name="test_p22b_scaler_statistics" time="0.001" /><testcase classname="tests.test_feature_2_2_preprocessing" name="test_p22c_scaler_statistics" time="0.001" /><testcase classname="tests.test_feature_2_2_preprocessing" name="test_p22d_scaler_not_applicable" time="0.001" /><testcase classname="tests.test_feature_2_2_preprocessing" name="test_standard_scaler_mean_and_scale" time="0.001" /><testcase classname="tests.test_feature_2_2_preprocessing" name="test_robust_scaler_center_and_scale" time="0.001" /><testcase classname="tests.test_feature_2_2_leakage_safety" name="test_component_level_fit_audit" time="0.001" /><testcase classname="tests.test_feature_2_2_leakage_safety" name="test_imputer_train_only" time="0.001" /><testcase classname="tests.test_feature_2_2_leakage_safety" name="test_encoder_train_only" time="0.001" /><testcase classname="tests.test_feature_2_2_leakage_safety" name="test_scaler_train_only" time="0.001" /><testcase classname="tests.test_feature_2_2_leakage_safety" name="test_outlier_train_only" time="0.001" /><testcase classname="tests.test_feature_2_2_leakage_safety" name="test_validation_transform_only" time="0.001" /><testcase classname="tests.test_feature_2_2_leakage_safety" name="test_test_transform_only" time="0.001" /><testcase classname="tests.test_feature_2_2_leakage_safety" name="test_kmeans_train_only_or_not_applicable" time="0.001" /><testcase classname="tests.test_feature_2_2_leakage_safety" name="test_candidate_schema_shapes" time="0.001" /><testcase classname="tests.test_feature_2_2_leakage_safety" name="test_matrix_type_exact" time="0.001" /><testcase classname="tests.test_feature_2_2_leakage_safety" name="test_feature_names_unique" time="0.001" /><testcase classname="tests.test_feature_2_2_leakage_safety" name="test_feature_order_consistent" time="0.001" /><testcase classname="tests.test_feature_2_2_leakage_safety" name="test_target_absent_from_output" time="0.001" /><testcase classname="tests.test_feature_2_2_leakage_safety" name="test_identifier_absent_from_output" time="0.001" /><testcase classname="tests.test_feature_2_2_leakage_safety" name="test_serialization_roundtrip" time="0.001" /><testcase classname="tests.test_feature_2_2_leakage_safety" name="test_preprocessor_load_success" time="0.001" /><testcase classname="tests.test_feature_2_2_artifacts" name="test_manifest_complete" time="0.002" /><testcase classname="tests.test_feature_2_2_artifacts" name="test_manifest_hashes_match_files" time="0.001" /><testcase classname="tests.test_feature_2_2_artifacts" name="test_source_map_complete" time="0.002" /><testcase classname="tests.test_feature_2_2_artifacts" name="test_closure_gate_schema_complete" time="0.001" /><testcase classname="tests.test_feature_2_2_artifacts" name="test_closure_gate_direct_evidence" time="0.001" /><testcase classname="tests.test_feature_2_2_artifacts" name="test_completion_generated_after_evidence" time="0.001" /><testcase classname="tests.test_feature_2_2_artifacts" name="test_review_package_generated_after_completion" time="0.001" /><testcase classname="tests.test_feature_2_2_artifacts" name="test_generator_idempotent" time="0.001" /><testcase classname="tests.test_feature_2_2_reports" name="test_all_reports_regenerated_same_session" time="0.002" /><testcase classname="tests.test_feature_2_2_reports" name="test_every_report_number_has_source" time="0.001" /><testcase classname="tests.test_feature_2_2_reports" name="test_report_values_match_artifacts" time="0.001" /><testcase classname="tests.test_feature_2_2_reports" name="test_report_test_counts_match_junit" time="0.001" /><testcase classname="tests.test_feature_2_2_reports" name="test_report_outlier_counts_match_artifacts" time="0.001" /><testcase classname="tests.test_feature_2_2_reports" name="test_report_unknown_categories_present" time="0.001" /><testcase classname="tests.test_feature_2_2_reports" name="test_report_scaling_includes_p22b" time="0.001" /><testcase classname="tests.test_feature_2_2_reports" name="test_report_no_unsourced_pass_claim" time="0.001" /><testcase classname="tests.test_feature_2_2_reports" name="test_markdown_tables_valid" time="0.001" /><testcase classname="tests.test_feature_2_2_reports" name="test_no_duplicate_sections" time="0.001" /><testcase classname="tests.test_feature_2_2_reports" name="test_no_literal_newline_escape" time="0.001" /><testcase classname="tests.test_feature_2_2_review_package" name="test_file_exists" time="0.001" /><testcase classname="tests.test_feature_2_2_review_package" name="test_markdown_tables_valid" time="0.001" /><testcase classname="tests.test_feature_2_2_review_package" name="test_no_literal_newline" time="0.002" /><testcase classname="tests.test_feature_2_2_review_package" name="test_no_duplicate_sections" time="0.002" /><testcase classname="tests.test_feature_2_2_review_package" name="test_numeric_fields_have_source_map" time="0.002" /><testcase classname="tests.test_feature_2_2_review_package" name="test_junit_counts_match" time="0.002" /><testcase classname="tests.test_feature_2_2_review_package" name="test_test_summary_counts_match" time="0.001" /><testcase classname="tests.test_feature_2_2_review_package" name="test_report_values_match_artifact" time="0.001" /><testcase classname="tests.test_feature_2_2_review_package" name="test_closure_fields_have_direct_evidence" time="0.001" /><testcase classname="tests.test_feature_2_2_review_package" name="test_raw_snapshots_match_original" time="0.001" /><testcase classname="tests.test_feature_2_2_review_package" name="test_full_hashes_valid" time="0.002" /><testcase classname="tests.test_feature_2_2_review_package" name="test_no_unsourced_pass_claim" time="0.002" /><testcase classname="tests.test_feature_2_2_review_package" name="test_no_hardcoded_closure" time="0.001" /><testcase classname="tests.test_feature_2_2_review_package" name="test_package_generated_after_completion" time="0.001" /><testcase classname="tests.test_feature_2_2_review_package" name="test_package_generator_idempotent" time="1.147" /></testsuite></testsuites>