<?xml version="1.0" encoding="utf-8"?><testsuites name="pytest tests"><testsuite name="pytest" errors="0" failures="0" skipped="0" tests="6" time="0.054" timestamp="2026-07-18T19:34:07.523057+07:00" hostname="TuanAnh"><testcase classname="tests.test_feature_2_2_delivery" name="test_closure_report_exists" time="0.001" /><testcase classname="tests.test_feature_2_2_delivery" name="test_completion_report_exists" time="0.001" /><testcase classname="tests.test_feature_2_2_delivery" name="test_review_package_exists" time="0.001" /><testcase classname="tests.test_feature_2_2_delivery" name="test_delivery_manifest_valid" time="0.001" /><testcase classname="tests.test_feature_2_2_delivery" name="test_generation_order_respected" time="0.001" /><testcase classname="tests.test_feature_2_2_delivery" name="test_final_hashes_match" time="0.001" /></testsuite></testsuites>