<?xml version="1.0" encoding="utf-8"?><testsuites name="pytest tests"><testsuite name="pytest" errors="0" failures="0" skipped="0" tests="34" time="0.458" timestamp="2026-08-13T11:04:43.087254+07:00" hostname="MinhJiDo"><testcase classname="tests.test_feature_3_8_demo_backup_matrix" name="test_backup_matrix_is_complete_and_honest" time="0.001" /><testcase classname="tests.test_feature_3_8_demo_claims" name="test_claim_audit_counts_are_zero" time="0.001" /><testcase classname="tests.test_feature_3_8_demo_explain_wording" name="test_explain_presenter_line_is_noncausal" time="0.001" /><testcase classname="tests.test_feature_3_8_demo_offline_disclosure" name="test_exact_offline_disclosure_is_present" time="0.001" /><testcase classname="tests.test_feature_3_8_demo_predict_consistency" name="test_predict_and_what_if_baselines_are_consistent" time="0.001" /><testcase classname="tests.test_feature_3_8_demo_scenario_valid" name="test_canonical_scenario_uses_validated_fixture" time="0.001" /><testcase classname="tests.test_feature_3_8_demo_script_exists" name="test_phase_2_demo_artifacts_exist" time="0.001" /><testcase classname="tests.test_feature_3_8_demo_steps_valid" name="test_demo_step_contract_and_order" time="0.002" /><testcase classname="tests.test_feature_3_8_demo_what_if_wording" name="test_what_if_presenter_line_is_noncausal_and_direction_neutral" time="0.001" /><testcase classname="tests.test_feature_3_8_final_acceptance" name="test_final_story_and_outline_use_current_dataset_scope" time="0.001" /><testcase classname="tests.test_feature_3_8_final_acceptance" name="test_slide_fact_crosscheck_is_zero_after_correction" time="0.001" /><testcase classname="tests.test_feature_3_8_final_acceptance" name="test_missing_deck_is_not_reported_ready" time="0.000" /><testcase classname="tests.test_feature_3_8_final_acceptance" name="test_live_smoke_uses_measured_canonical_results" time="0.001" /><testcase classname="tests.test_feature_3_8_final_acceptance" name="test_offline_fallback_failure_is_not_hidden" time="0.001" /><testcase classname="tests.test_feature_3_8_final_acceptance" name="test_human_rehearsals_remain_pending_and_counts_unknown" time="0.001" /><testcase classname="tests.test_feature_3_8_final_acceptance" name="test_claim_audit_has_no_unsafe_positive_claims" time="0.001" /><testcase classname="tests.test_feature_3_8_final_acceptance" name="test_product_artifacts_match_known_hashes" time="0.001" /><testcase classname="tests.test_feature_3_8_final_acceptance" name="test_validation_subtree_is_synchronized_with_current_evidence" time="0.001" /><testcase classname="tests.test_feature_3_8_final_acceptance" name="test_shap_documentation_distinguishes_artifact_and_live_runtime" time="0.000" /><testcase classname="tests.test_feature_3_8_final_acceptance" name="test_technical_environment_and_traceability_are_not_overstated" time="0.001" /><testcase classname="tests.test_feature_3_8_final_acceptance" name="test_manifest_paths_hashes_and_sizes_match_files" time="0.003" /><testcase classname="tests.test_feature_3_8_presenter_assignment" name="test_assignment_template_has_all_roles_but_no_false_assignment" time="0.001" /><testcase classname="tests.test_feature_3_8_presenter_names_not_invented" name="test_only_evidenced_contributors_are_named_and_roles_unconfirmed" time="0.001" /><testcase classname="tests.test_feature_3_8_qa_claims" name="test_all_qa_claim_audit_counts_are_zero" time="0.000" /><testcase classname="tests.test_feature_3_8_qa_dataset_sources" name="test_dataset_qa_uses_locked_sources_and_discloses_conflict" time="0.001" /><testcase classname="tests.test_feature_3_8_qa_fact_consistency" name="test_fact_matrix_has_no_mismatch_and_consistency_is_explicit" time="0.001" /><testcase classname="tests.test_feature_3_8_qa_limitations" name="test_limitations_bank_and_top_three_are_complete" time="0.001" /><testcase classname="tests.test_feature_3_8_qa_model_metrics" name="test_model_qa_matches_official_test_metrics" time="0.001" /><testcase classname="tests.test_feature_3_8_qa_regression_terms" name="test_regression_and_r2_wording_are_correct" time="0.001" /><testcase classname="tests.test_feature_3_8_qa_shap_noncausal" name="test_shap_bank_is_noncausal_and_evidence_backed" time="0.001" /><testcase classname="tests.test_feature_3_8_qa_what_if_noncausal" name="test_what_if_answer_is_model_comparison_not_causation" time="0.001" /><testcase classname="tests.test_feature_3_8_rehearsal_issue_schema" name="test_issue_registry_schema_exists_without_fabricated_r1_issues" time="0.000" /><testcase classname="tests.test_feature_3_8_rehearsal_protocol" name="test_protocol_covers_human_rehearsal_and_records_are_pending" time="0.001" /><testcase classname="tests.test_feature_3_8_rehearsal_retest_matrix" name="test_retest_and_timing_artifacts_do_not_invent_results" time="0.001" /></testsuite></testsuites>