<?xml version="1.0" encoding="utf-8"?><testsuites name="pytest tests"><testsuite name="pytest" errors="0" failures="0" skipped="0" tests="5" time="0.235" timestamp="2026-08-11T23:51:59.390741+07:00" hostname="MinhJiDo"><testcase classname="tests.test_feature_3_8_presenter_assignment" name="test_assignment_template_has_all_roles_but_no_false_assignment" time="0.002" /><testcase classname="tests.test_feature_3_8_presenter_names_not_invented" name="test_only_evidenced_contributors_are_named_and_roles_unconfirmed" time="0.002" /><testcase classname="tests.test_feature_3_8_rehearsal_protocol" name="test_protocol_covers_human_rehearsal_and_records_are_pending" time="0.001" /><testcase classname="tests.test_feature_3_8_rehearsal_issue_schema" name="test_issue_registry_schema_exists_without_fabricated_r1_issues" time="0.001" /><testcase classname="tests.test_feature_3_8_rehearsal_retest_matrix" name="test_retest_and_timing_artifacts_do_not_invent_results" time="0.002" /></testsuite></testsuites>