<?xml version="1.0" encoding="utf-8"?><testsuites name="pytest tests"><testsuite name="pytest" errors="0" failures="0" skipped="0" tests="9" time="0.379" timestamp="2026-08-11T22:20:49.507360+07:00" hostname="MinhJiDo"><testcase classname="tests.test_feature_3_8_demo_script_exists" name="test_phase_2_demo_artifacts_exist" time="0.001" /><testcase classname="tests.test_feature_3_8_demo_steps_valid" name="test_demo_step_contract_and_order" time="0.002" /><testcase classname="tests.test_feature_3_8_demo_scenario_valid" name="test_canonical_scenario_uses_validated_fixture" time="0.001" /><testcase classname="tests.test_feature_3_8_demo_predict_consistency" name="test_predict_and_what_if_baselines_are_consistent" time="0.001" /><testcase classname="tests.test_feature_3_8_demo_explain_wording" name="test_explain_presenter_line_is_noncausal" time="0.001" /><testcase classname="tests.test_feature_3_8_demo_what_if_wording" name="test_what_if_presenter_line_is_noncausal_and_direction_neutral" time="0.002" /><testcase classname="tests.test_feature_3_8_demo_offline_disclosure" name="test_exact_offline_disclosure_is_present" time="0.001" /><testcase classname="tests.test_feature_3_8_demo_backup_matrix" name="test_backup_matrix_is_complete_and_honest" time="0.001" /><testcase classname="tests.test_feature_3_8_demo_claims" name="test_claim_audit_counts_are_zero" time="0.001" /></testsuite></testsuites>