<?xml version="1.0" encoding="utf-8"?><testsuites name="pytest tests"><testsuite name="pytest" errors="0" failures="0" skipped="0" tests="8" time="0.299" timestamp="2026-08-13T19:46:22.137093+07:00" hostname="MinhJiDo"><testcase classname="tests.test_feature_3_9_artifact_paths_portable" name="test_no_machine_specific_path_is_required_by_supported_runtime" time="0.001" /><testcase classname="tests.test_feature_3_9_dependency_spec_present" name="test_dependency_specifications_exist_and_have_no_local_file_references" time="0.001" /><testcase classname="tests.test_feature_3_9_no_model_mutation" name="test_phase_one_did_not_train_refit_or_mutate_locked_artifacts" time="0.001" /><testcase classname="tests.test_feature_3_9_repository_no_tracked_secrets" name="test_secret_audit_has_no_confirmed_tracked_or_untracked_exposure" time="0.000" /><testcase classname="tests.test_feature_3_9_repository_required_files" name="test_required_repository_files_and_documents_are_present" time="0.001" /><testcase classname="tests.test_feature_3_9_runtime_artifacts_exist" name="test_all_required_runtime_and_demo_artifacts_exist" time="0.002" /><testcase classname="tests.test_feature_3_9_runtime_artifact_hashes" name="test_runtime_inventory_hashes_match_current_files_and_accepted_evidence" time="0.097" /><testcase classname="tests.test_feature_3_9_startup_scripts_present" name="test_all_canonical_startup_scripts_are_present_and_portable_by_path" time="0.002" /></testsuite></testsuites>