<?xml version="1.0" encoding="utf-8"?><testsuites name="pytest tests"><testsuite name="pytest" errors="0" failures="0" skipped="0" tests="27" time="0.740" timestamp="2026-08-13T20:54:25.405055+07:00" hostname="MinhJiDo"><testcase classname="tests.test_feature_3_9_api_docs_current" name="test_feature_3_9_api_docs_current" time="0.020" /><testcase classname="tests.test_feature_3_9_artifact_paths_portable" name="test_no_machine_specific_path_is_required_by_supported_runtime" time="0.001" /><testcase classname="tests.test_feature_3_9_audits_are_source_derived" name="test_feature_3_9_document_audits_record_method_and_source_hashes" time="0.074" /><testcase classname="tests.test_feature_3_9_audits_are_source_derived" name="test_feature_3_9_ui_audit_is_tied_to_current_source" time="0.003" /><testcase classname="tests.test_feature_3_9_commands_consistent" name="test_feature_3_9_commands_consistent" time="0.002" /><testcase classname="tests.test_feature_3_9_cross_doc_metrics" name="test_feature_3_9_cross_doc_metrics" time="0.002" /><testcase classname="tests.test_feature_3_9_cross_doc_model_facts" name="test_feature_3_9_cross_doc_model_facts" time="0.002" /><testcase classname="tests.test_feature_3_9_dependency_spec_present" name="test_dependency_specifications_exist_and_have_no_local_file_references" time="0.001" /><testcase classname="tests.test_feature_3_9_final_claims" name="test_feature_3_9_final_claims" time="0.002" /><testcase classname="tests.test_feature_3_9_final_commit_manifest" name="test_feature_3_9_final_commit_manifest_is_explicit_and_safe" time="0.034" /><testcase classname="tests.test_feature_3_9_final_delivery_manifest_integrity" name="test_feature_3_9_final_delivery_manifest_paths_and_hashes_are_current" time="0.031" /><testcase classname="tests.test_feature_3_9_final_links" name="test_feature_3_9_final_links" time="0.019" /><testcase classname="tests.test_feature_3_9_final_report_exists" name="test_feature_3_9_final_report_exists" time="0.002" /><testcase classname="tests.test_feature_3_9_final_slide_resolved" name="test_feature_3_9_final_slide_resolved" time="0.002" /><testcase classname="tests.test_feature_3_9_no_final_placeholders" name="test_feature_3_9_no_final_placeholders" time="0.002" /><testcase classname="tests.test_feature_3_9_no_model_mutation" name="test_phase_one_did_not_train_refit_or_mutate_locked_artifacts" time="0.001" /><testcase classname="tests.test_feature_3_9_no_secret_in_commit_candidate" name="test_feature_3_9_no_secret_in_commit_candidate" time="0.003" /><testcase classname="tests.test_feature_3_9_release_record" name="test_feature_3_9_release_record_does_not_invent_release_sha" time="0.004" /><testcase classname="tests.test_feature_3_9_release_submission_consistency" name="test_feature_3_9_release_submission_consistency_is_not_falsely_passed" time="0.021" /><testcase classname="tests.test_feature_3_9_repository_no_tracked_secrets" name="test_secret_audit_has_no_confirmed_tracked_or_untracked_exposure" time="0.001" /><testcase classname="tests.test_feature_3_9_repository_required_files" name="test_required_repository_files_and_documents_are_present" time="0.001" /><testcase classname="tests.test_feature_3_9_runtime_artifacts_exist" name="test_all_required_runtime_and_demo_artifacts_exist" time="0.001" /><testcase classname="tests.test_feature_3_9_runtime_artifact_hashes" name="test_runtime_inventory_hashes_match_current_files_and_accepted_evidence" time="0.076" /><testcase classname="tests.test_feature_3_9_run_all_environment" name="test_run_all_forwards_constructed_environment_to_both_children" time="0.001" /><testcase classname="tests.test_feature_3_9_startup_scripts_present" name="test_all_canonical_startup_scripts_are_present_and_portable_by_path" time="0.001" /><testcase classname="tests.test_feature_3_9_submission_manifest" name="test_feature_3_9_submission_manifest_is_honest_and_classified" time="0.002" /><testcase classname="tests.test_feature_3_9_submission_manifest_consistency" name="test_feature_3_9_submission_manifest_consistency" time="0.003" /></testsuite></testsuites>