<?xml version="1.0" encoding="utf-8"?><testsuites name="pytest tests"><testsuite name="pytest" errors="0" failures="0" skipped="0" tests="30" time="0.112" timestamp="2026-07-18T07:52:46.130620+07:00" hostname="TuanAnh"><testcase classname="tests.test_feature_2_1_regressions" name="test_bug_001_c1_c2_c3_statistics_independent" time="0.014" /><testcase classname="tests.test_feature_2_1_regressions" name="test_bug_002_year_1900_registered_exception" time="0.001" /><testcase classname="tests.test_feature_2_1_regressions" name="test_bug_003_test_set_lock_governance_fields" time="0.001" /><testcase classname="tests.test_feature_2_1_regressions" name="test_bug_004_no_test_never_opened" time="0.001" /><testcase classname="tests.test_feature_2_1_regressions" name="test_bug_005_no_legacy_files_in_production" time="0.001" /><testcase classname="tests.test_feature_2_1_regressions" name="test_bug_006_validation_semantic_checks" time="0.014" /><testcase classname="tests.test_feature_2_1_regressions" name="test_bug_007_temporal_shift_configured_severity" time="0.001" /><testcase classname="tests.test_feature_2_1_regressions" name="test_bug_008_temporal_proxy_risk_no_test_metrics" time="0.001" /><testcase classname="tests.test_feature_2_1_regressions" name="test_bug_009_no_all_pass_before_semantic" time="0.001" /><testcase classname="tests.test_feature_2_1_report_consistency" name="test_completion_psi_matches_temporal_psi" time="0.001" /><testcase classname="tests.test_feature_2_1_report_consistency" name="test_no_psi_greater_1_5_claim" time="0.001" /><testcase classname="tests.test_feature_2_1_report_consistency" name="test_psi_not_computed_not_high" time="0.001" /><testcase classname="tests.test_feature_2_1_report_consistency" name="test_target_means_match" time="0.001" /><testcase classname="tests.test_feature_2_1_report_consistency" name="test_target_std_match_ddof" time="0.001" /><testcase classname="tests.test_feature_2_1_report_consistency" name="test_row_counts_match" time="0.001" /><testcase classname="tests.test_feature_2_1_report_consistency" name="test_split_boundaries_match" time="0.001" /><testcase classname="tests.test_feature_2_1_report_consistency" name="test_data_version_match" time="0.001" /><testcase classname="tests.test_feature_2_1_report_consistency" name="test_source_reconciliation_scope" time="0.001" /><testcase classname="tests.test_feature_2_1_report_consistency" name="test_live_db_not_reconciled" time="0.001" /><testcase classname="tests.test_feature_2_1_report_consistency" name="test_year_1900_suspected" time="0.001" /><testcase classname="tests.test_feature_2_1_report_consistency" name="test_no_confirmed_sentinel" time="0.001" /><testcase classname="tests.test_feature_2_1_report_consistency" name="test_completion_report_metrics_wording" time="0.001" /><testcase classname="tests.test_feature_2_1_report_consistency" name="test_carry_forward_wbs" time="0.001" /><testcase classname="tests.test_feature_2_1_report_consistency" name="test_feature_2_1_no_indicator_decisions" time="0.001" /><testcase classname="tests.test_feature_2_1_report_consistency" name="test_semantic_role_list_18" time="0.001" /><testcase classname="tests.test_feature_2_1_report_consistency" name="test_split_selection_score" time="0.001" /><testcase classname="tests.test_feature_2_1_report_consistency" name="test_psi_methodology_complete" time="0.001" /><testcase classname="tests.test_feature_2_1_report_consistency" name="test_full_report_generation_commit" time="0.001" /><testcase classname="tests.test_feature_2_1_report_consistency" name="test_no_stale_reports" time="0.001" /><testcase classname="tests.test_feature_2_1_report_consistency" name="test_19_point_fixes" time="0.002" /></testsuite></testsuites>