<?xml version="1.0" encoding="utf-8"?><testsuites name="pytest tests"><testsuite name="pytest" errors="0" failures="0" skipped="0" tests="21" time="0.929" timestamp="2026-07-21T22:32:23.817548+07:00" hostname="TuanAnh"><testcase classname="7.ML.7.8.model_evaluation.tests.test_feature_2_5_phase_1" name="test_feature_2_4_gate" time="0.001" /><testcase classname="7.ML.7.8.model_evaluation.tests.test_feature_2_5_phase_1" name="test_champion_consistent" time="0.002" /><testcase classname="7.ML.7.8.model_evaluation.tests.test_feature_2_5_phase_1" name="test_champion_lock_manifest" time="0.001" /><testcase classname="7.ML.7.8.model_evaluation.tests.test_feature_2_5_phase_1" name="test_evaluation_configs_exist" time="0.001" /><testcase classname="7.ML.7.8.model_evaluation.tests.test_feature_2_5_phase_1" name="test_test_opening_manifest" time="0.001" /><testcase classname="7.ML.7.8.model_evaluation.tests.test_feature_2_5_phase_2" name="test_phase_1_checkpoint" time="0.002" /><testcase classname="7.ML.7.8.model_evaluation.tests.test_feature_2_5_phase_2" name="test_champion_metrics_exist" time="0.001" /><testcase classname="7.ML.7.8.model_evaluation.tests.test_feature_2_5_phase_2" name="test_prediction_artifact_exists" time="0.002" /><testcase classname="7.ML.7.8.model_evaluation.tests.test_feature_2_5_phase_2" name="test_phase_2_checkpoint_valid" time="0.002" /><testcase classname="7.ML.7.8.model_evaluation.tests.test_feature_2_5_phase_3" name="test_phase_2_checkpoint" time="0.001" /><testcase classname="7.ML.7.8.model_evaluation.tests.test_feature_2_5_phase_3" name="test_residual_statistics_exist" time="0.001" /><testcase classname="7.ML.7.8.model_evaluation.tests.test_feature_2_5_phase_3" name="test_figures_exist" time="0.001" /><testcase classname="7.ML.7.8.model_evaluation.tests.test_feature_2_5_phase_3" name="test_phase_3_checkpoint_valid" time="0.001" /><testcase classname="7.ML.7.8.model_evaluation.tests.test_feature_2_5_phase_4" name="test_phase_3_checkpoint" time="0.001" /><testcase classname="7.ML.7.8.model_evaluation.tests.test_feature_2_5_phase_4" name="test_yearly_evaluation_exists" time="0.001" /><testcase classname="7.ML.7.8.model_evaluation.tests.test_feature_2_5_phase_4" name="test_bucket_evaluation_exists" time="0.001" /><testcase classname="7.ML.7.8.model_evaluation.tests.test_feature_2_5_phase_4" name="test_phase_4_checkpoint_valid" time="0.001" /><testcase classname="7.ML.7.8.model_evaluation.tests.test_feature_2_5_phase_5" name="test_closure_gate_exists" time="0.001" /><testcase classname="7.ML.7.8.model_evaluation.tests.test_feature_2_5_phase_5" name="test_closure_gate_valid" time="0.001" /><testcase classname="7.ML.7.8.model_evaluation.tests.test_feature_2_5_phase_5" name="test_final_prediction_artifact" time="0.075" /><testcase classname="7.ML.7.8.model_evaluation.tests.test_feature_2_5_phase_5" name="test_f26_contract" time="0.001" /></testsuite></testsuites>