<?xml version="1.0" encoding="utf-8"?><testsuites name="pytest tests"><testsuite name="pytest" errors="0" failures="0" skipped="0" tests="11" time="0.095" timestamp="2026-07-21T23:16:35.693185+07:00" hostname="TuanAnh"><testcase classname="7.ML.7.8.model_evaluation.tests.test_feature_2_5_phase_3" name="test_source_prediction_artifact_valid" time="0.001" /><testcase classname="7.ML.7.8.model_evaluation.tests.test_feature_2_5_phase_3" name="test_no_full_test_prediction" time="0.001" /><testcase classname="7.ML.7.8.model_evaluation.tests.test_feature_2_5_phase_3" name="test_residual_formula_valid" time="0.001" /><testcase classname="7.ML.7.8.model_evaluation.tests.test_feature_2_5_phase_3" name="test_residual_metric_consistency_valid" time="0.001" /><testcase classname="7.ML.7.8.model_evaluation.tests.test_feature_2_5_phase_3" name="test_residual_statistics_complete" time="0.001" /><testcase classname="7.ML.7.8.model_evaluation.tests.test_feature_2_5_phase_3" name="test_error_magnitude_analysis_complete" time="0.001" /><testcase classname="7.ML.7.8.model_evaluation.tests.test_feature_2_5_phase_3" name="test_largest_error_cases_complete" time="0.001" /><testcase classname="7.ML.7.8.model_evaluation.tests.test_feature_2_5_phase_3" name="test_feature_context_join_complete" time="0.001" /><testcase classname="7.ML.7.8.model_evaluation.tests.test_feature_2_5_phase_3" name="test_figures_complete" time="0.001" /><testcase classname="7.ML.7.8.model_evaluation.tests.test_feature_2_5_phase_3" name="test_no_shap_executed" time="0.001" /><testcase classname="7.ML.7.8.model_evaluation.tests.test_feature_2_5_phase_3" name="test_no_training_tuning" time="0.001" /></testsuite></testsuites>