<?xml version="1.0" encoding="utf-8"?><testsuites name="pytest tests"><testsuite name="pytest" errors="0" failures="0" skipped="0" tests="12" time="0.103" timestamp="2026-07-18T17:06:18.891656+07:00" hostname="TuanAnh"><testcase classname="tests.test_feature_2_2_preprocessing" name="test_input_contract" time="0.001" /><testcase classname="tests.test_feature_2_2_preprocessing" name="test_semantic_roles" time="0.001" /><testcase classname="tests.test_feature_2_2_preprocessing" name="test_output_schema_P22A" time="0.001" /><testcase classname="tests.test_feature_2_2_preprocessing" name="test_output_schema_P22B" time="0.001" /><testcase classname="tests.test_feature_2_2_preprocessing" name="test_output_schema_P22C" time="0.001" /><testcase classname="tests.test_feature_2_2_preprocessing" name="test_output_schema_P22D" time="0.001" /><testcase classname="tests.test_feature_2_2_leakage_safety" name="test_leakage_audit" time="0.001" /><testcase classname="tests.test_feature_2_2_leakage_safety" name="test_imputer_leakage" time="0.001" /><testcase classname="tests.test_feature_2_2_leakage_safety" name="test_outlier_leakage" time="0.001" /><testcase classname="tests.test_feature_2_2_artifacts" name="test_json_artifacts_exist" time="0.002" /><testcase classname="tests.test_feature_2_2_artifacts" name="test_models_exist" time="0.001" /><testcase classname="tests.test_feature_2_2_reports" name="test_reports_generated" time="0.001" /></testsuite></testsuites>