<?xml version="1.0" encoding="utf-8"?><testsuites name="pytest tests"><testsuite name="pytest" errors="0" failures="0" skipped="0" tests="96" time="0.331" timestamp="2026-08-03T21:00:11.100774+07:00" hostname="MinhJiDo"><testcase classname="epic3.feature_3_1_artifact_validation.tests_support.test_artifact_readability" name="test_artifact_manifest_readable" time="0.001" /><testcase classname="epic3.feature_3_1_artifact_validation.tests_support.test_artifact_readability" name="test_inference_pipeline_readable" time="0.001" /><testcase classname="epic3.feature_3_1_artifact_validation.tests_support.test_artifact_readability" name="test_inference_pipeline_syntax_valid" time="0.001" /><testcase classname="epic3.feature_3_1_artifact_validation.tests_support.test_artifact_readability" name="test_requirements_runtime_readable" time="0.001" /><testcase classname="epic3.feature_3_1_artifact_validation.tests_support.test_artifact_readability" name="test_requirements_explainability_readable" time="0.001" /><testcase classname="epic3.feature_3_1_artifact_validation.tests_support.test_artifact_readability" name="test_requirements_lock_readable" time="0.000" /><testcase classname="epic3.feature_3_1_artifact_validation.tests_support.test_artifact_readability" name="test_example_input_parseable" time="0.001" /><testcase classname="epic3.feature_3_1_artifact_validation.tests_support.test_artifact_readability" name="test_example_output_parseable" time="0.000" /><testcase classname="epic3.feature_3_1_artifact_validation.tests_support.test_artifact_readability" name="test_readme_readable" time="0.001" /><testcase classname="epic3.feature_3_1_artifact_validation.tests_support.test_artifact_readability" name="test_all_joblib_files_exist" time="0.001" /><testcase classname="epic3.feature_3_1_artifact_validation.tests_support.test_artifact_readability" name="test_readability_report_exists" time="0.001" /><testcase classname="epic3.feature_3_1_artifact_validation.tests_support.test_feature_mapping" name="test_feature_mapping_count" time="0.001" /><testcase classname="epic3.feature_3_1_artifact_validation.tests_support.test_feature_mapping" name="test_feature_names_count" time="0.001" /><testcase classname="epic3.feature_3_1_artifact_validation.tests_support.test_feature_mapping" name="test_mapping_indices_sequential" time="0.001" /><testcase classname="epic3.feature_3_1_artifact_validation.tests_support.test_feature_mapping" name="test_all_mapping_confirmed" time="0.001" /><testcase classname="epic3.feature_3_1_artifact_validation.tests_support.test_feature_mapping" name="test_all_have_transformer" time="0.001" /><testcase classname="epic3.feature_3_1_artifact_validation.tests_support.test_feature_mapping" name="test_onehot_categories_for_categorical" time="0.001" /><testcase classname="epic3.feature_3_1_artifact_validation.tests_support.test_feature_mapping" name="test_release_precision_onehot" time="0.001" /><testcase classname="epic3.feature_3_1_artifact_validation.tests_support.test_feature_mapping" name="test_key_onehot" time="0.001" /><testcase classname="epic3.feature_3_1_artifact_validation.tests_support.test_feature_mapping" name="test_time_signature_onehot" time="0.001" /><testcase classname="epic3.feature_3_1_artifact_validation.tests_support.test_feature_mapping" name="test_explicit_onehot" time="0.001" /><testcase classname="epic3.feature_3_1_artifact_validation.tests_support.test_feature_mapping" name="test_mode_onehot" time="0.001" /><testcase classname="epic3.feature_3_1_artifact_validation.tests_support.test_feature_mapping" name="test_interaction_features_exist" time="0.001" /><testcase classname="epic3.feature_3_1_artifact_validation.tests_support.test_feature_mapping" name="test_cyclical_features_exist" time="0.000" /><testcase classname="epic3.feature_3_1_artifact_validation.tests_support.test_feature_mapping" name="test_selected_features_in_mapping" time="0.001" /><testcase classname="epic3.feature_3_1_artifact_validation.tests_support.test_handoff_discovery" name="test_handoff_discovery_file_exists" time="0.001" /><testcase classname="epic3.feature_3_1_artifact_validation.tests_support.test_handoff_discovery" name="test_handoff_discovery_content" time="0.001" /><testcase classname="epic3.feature_3_1_artifact_validation.tests_support.test_handoff_discovery" name="test_handoff_searched_expected_locations" time="0.001" /><testcase classname="epic3.feature_3_1_artifact_validation.tests_support.test_handoff_discovery" name="test_functional_handoff_substitute_identified" time="0.001" /><testcase classname="epic3.feature_3_1_artifact_validation.tests_support.test_handoff_discovery" name="test_readme_exists" time="0.000" /><testcase classname="epic3.feature_3_1_artifact_validation.tests_support.test_handoff_discovery" name="test_blocker_recorded" time="0.001" /><testcase classname="epic3.feature_3_1_artifact_validation.tests_support.test_input_schema" name="test_field_count" time="0.001" /><testcase classname="epic3.feature_3_1_artifact_validation.tests_support.test_input_schema" name="test_all_fields_required" time="0.001" /><testcase classname="epic3.feature_3_1_artifact_validation.tests_support.test_input_schema" name="test_all_fields_nullable" time="0.001" /><testcase classname="epic3.feature_3_1_artifact_validation.tests_support.test_input_schema" name="test_danceability_range" time="0.001" /><testcase classname="epic3.feature_3_1_artifact_validation.tests_support.test_input_schema" name="test_energy_range" time="0.001" /><testcase classname="epic3.feature_3_1_artifact_validation.tests_support.test_input_schema" name="test_tempo_range" time="0.001" /><testcase classname="epic3.feature_3_1_artifact_validation.tests_support.test_input_schema" name="test_loudness_range" time="0.001" /><testcase classname="epic3.feature_3_1_artifact_validation.tests_support.test_input_schema" name="test_release_year_range" time="0.000" /><testcase classname="epic3.feature_3_1_artifact_validation.tests_support.test_input_schema" name="test_release_month_range" time="0.000" /><testcase classname="epic3.feature_3_1_artifact_validation.tests_support.test_input_schema" name="test_explicit_is_boolean" time="0.001" /><testcase classname="epic3.feature_3_1_artifact_validation.tests_support.test_input_schema" name="test_release_precision_categories" time="0.001" /><testcase classname="epic3.feature_3_1_artifact_validation.tests_support.test_input_schema" name="test_key_range" time="0.001" /><testcase classname="epic3.feature_3_1_artifact_validation.tests_support.test_input_schema" name="test_time_signature_categories" time="0.001" /><testcase classname="epic3.feature_3_1_artifact_validation.tests_support.test_input_schema" name="test_all_fields_have_default_policy" time="0.001" /><testcase classname="epic3.feature_3_1_artifact_validation.tests_support.test_input_schema" name="test_canonical_field_order" time="0.001" /><testcase classname="epic3.feature_3_1_artifact_validation.tests_support.test_intake_gate" name="test_gate_file_exists" time="0.000" /><testcase classname="epic3.feature_3_1_artifact_validation.tests_support.test_intake_gate" name="test_gate_status_is_fail" time="0.001" /><testcase classname="epic3.feature_3_1_artifact_validation.tests_support.test_intake_gate" name="test_gate_has_blockers" time="0.001" /><testcase classname="epic3.feature_3_1_artifact_validation.tests_support.test_intake_gate" name="test_gate_criteria_count" time="0.000" /><testcase classname="epic3.feature_3_1_artifact_validation.tests_support.test_intake_gate" name="test_phase_2_not_ready" time="0.000" /><testcase classname="epic3.feature_3_1_artifact_validation.tests_support.test_intake_gate" name="test_checkpoint_exists" time="0.000" /><testcase classname="epic3.feature_3_1_artifact_validation.tests_support.test_intake_gate" name="test_inventory_summary_accurate" time="0.001" /><testcase classname="epic3.feature_3_1_artifact_validation.tests_support.test_intake_gate" name="test_blocker_1_handoff_missing" time="0.001" /><testcase classname="epic3.feature_3_1_artifact_validation.tests_support.test_intake_gate" name="test_blocker_2_stale_manifest" time="0.001" /><testcase classname="epic3.feature_3_1_artifact_validation.tests_support.test_intake_gate" name="test_recommendation_is_hold" time="0.001" /><testcase classname="epic3.feature_3_1_artifact_validation.tests_support.test_manifest_integrity" name="test_manifest_loads" time="0.001" /><testcase classname="epic3.feature_3_1_artifact_validation.tests_support.test_manifest_integrity" name="test_model_artifact_hash_matches" time="0.005" /><testcase classname="epic3.feature_3_1_artifact_validation.tests_support.test_manifest_integrity" name="test_best_model_hash_matches" time="0.004" /><testcase classname="epic3.feature_3_1_artifact_validation.tests_support.test_manifest_integrity" name="test_input_schema_hash_matches" time="0.001" /><testcase classname="epic3.feature_3_1_artifact_validation.tests_support.test_manifest_integrity" name="test_output_schema_hash_matches" time="0.001" /><testcase classname="epic3.feature_3_1_artifact_validation.tests_support.test_manifest_integrity" name="test_manifest_self_consistency" time="0.001" /><testcase classname="epic3.feature_3_1_artifact_validation.tests_support.test_manifest_integrity" name="test_inference_pipeline_hash_mismatch_detected" time="0.000" /><testcase classname="epic3.feature_3_1_artifact_validation.tests_support.test_manifest_integrity" name="test_inventory_records_hash_mismatch" time="0.003" /><testcase classname="epic3.feature_3_1_artifact_validation.tests_support.test_output_schema" name="test_output_schema_has_required_fields" time="0.001" /><testcase classname="epic3.feature_3_1_artifact_validation.tests_support.test_output_schema" name="test_prediction_raw_type" time="0.000" /><testcase classname="epic3.feature_3_1_artifact_validation.tests_support.test_output_schema" name="test_prediction_display_type" time="0.000" /><testcase classname="epic3.feature_3_1_artifact_validation.tests_support.test_output_schema" name="test_prediction_clipped_bounded" time="0.001" /><testcase classname="epic3.feature_3_1_artifact_validation.tests_support.test_output_schema" name="test_example_output_valid" time="0.001" /><testcase classname="epic3.feature_3_1_artifact_validation.tests_support.test_output_schema" name="test_example_output_model_metadata" time="0.000" /><testcase classname="epic3.feature_3_1_artifact_validation.tests_support.test_output_schema" name="test_example_input_has_18_fields" time="0.000" /><testcase classname="epic3.feature_3_1_artifact_validation.tests_support.test_output_schema" name="test_example_input_danceability_valid" time="0.000" /><testcase classname="epic3.feature_3_1_artifact_validation.tests_support.test_requirements_files" name="test_requirements_runtime_exists" time="0.000" /><testcase classname="epic3.feature_3_1_artifact_validation.tests_support.test_requirements_files" name="test_requirements_explainability_exists" time="0.000" /><testcase classname="epic3.feature_3_1_artifact_validation.tests_support.test_requirements_files" name="test_requirements_lock_exists" time="0.000" /><testcase classname="epic3.feature_3_1_artifact_validation.tests_support.test_requirements_files" name="test_requirements_runtime_has_fastapi" time="0.000" /><testcase classname="epic3.feature_3_1_artifact_validation.tests_support.test_requirements_files" name="test_requirements_explainability_has_shap" time="0.000" /><testcase classname="epic3.feature_3_1_artifact_validation.tests_support.test_schema_validation" name="test_input_schema_valid_json" time="0.001" /><testcase classname="epic3.feature_3_1_artifact_validation.tests_support.test_schema_validation" name="test_input_schema_has_18_fields" time="0.001" /><testcase classname="epic3.feature_3_1_artifact_validation.tests_support.test_schema_validation" name="test_output_schema_valid_json" time="0.000" /><testcase classname="epic3.feature_3_1_artifact_validation.tests_support.test_schema_validation" name="test_selected_features_valid" time="0.000" /><testcase classname="epic3.feature_3_1_artifact_validation.tests_support.test_schema_validation" name="test_feature_names_valid" time="0.000" /><testcase classname="epic3.feature_3_1_artifact_validation.tests_support.test_schema_validation" name="test_feature_mapping_valid" time="0.001" /><testcase classname="epic3.feature_3_1_artifact_validation.tests_support.test_schema_validation" name="test_model_version_valid" time="0.001" /><testcase classname="epic3.feature_3_1_artifact_validation.tests_support.test_schema_validation" name="test_package_version_valid" time="0.002" /><testcase classname="epic3.feature_3_1_artifact_validation.tests_support.test_schema_validation" name="test_data_version_valid" time="0.058" /><testcase classname="epic3.feature_3_1_artifact_validation.tests_support.test_shap_artifacts" name="test_shap_root_exists" time="0.001" /><testcase classname="epic3.feature_3_1_artifact_validation.tests_support.test_shap_artifacts" name="test_champion_explainability_lock_exists" time="0.000" /><testcase classname="epic3.feature_3_1_artifact_validation.tests_support.test_shap_artifacts" name="test_global_explanation_summary_exists" time="0.000" /><testcase classname="epic3.feature_3_1_artifact_validation.tests_support.test_shap_artifacts" name="test_shap_top_10_features_exists" time="0.000" /><testcase classname="epic3.feature_3_1_artifact_validation.tests_support.test_shap_artifacts" name="test_local_explanation_manifest_exists" time="0.000" /><testcase classname="epic3.feature_3_1_artifact_validation.tests_support.test_shap_artifacts" name="test_shap_config_exists" time="0.000" /><testcase classname="epic3.feature_3_1_artifact_validation.tests_support.test_shap_artifacts" name="test_shap_summary_images_exist" time="0.001" /><testcase classname="epic3.feature_3_1_artifact_validation.tests_support.test_shap_artifacts" name="test_shap_waterfall_images_exist" time="0.001" /><testcase classname="epic3.feature_3_1_artifact_validation.tests_support.test_shap_artifacts" name="test_global_explanation_summary_valid" time="0.001" /><testcase classname="epic3.feature_3_1_artifact_validation.tests_support.test_shap_artifacts" name="test_shap_readability_report" time="0.001" /></testsuite></testsuites>